2024-08-09 13:01:32,556 [INFO] Activator:176 - 


2024-08-09 13:01:32,566 [INFO] Activator:177 - !SESSION log4j initialized
2024-08-09 13:01:45,939 [INFO] LogOutputStream:77 - [STDOUT_REDIRECT] 
2024-08-09 13:01:49,241 [INFO] ApplicationProperties:184 - Using Application install path: C:\ST\STM32CubeIDE_1.14.0\STM32CubeIDE\plugins\com.st.stm32cube.common.mx_6.12.0.202406281431
2024-08-09 13:01:49,268 [INFO] DbMcusXml:78 - Set database path to: C:\ST\STM32CubeIDE_1.14.0\STM32CubeIDE\plugins\com.st.stm32cube.common.mx_6.12.0.202406281431\\db\/mcu/
2024-08-09 13:01:49,268 [INFO] ApiDb:274 - Set plugin database path to: C:\ST\STM32CubeIDE_1.14.0\STM32CubeIDE\plugins\com.st.stm32cube.common.mx_6.12.0.202406281431\\db\/plugins/boardmanager/
2024-08-09 13:01:49,270 [WARN] ApiDb:259 - Overriding images path with different value:  => C:\ST\STM32CubeIDE_1.14.0\STM32CubeIDE\plugins\com.st.stm32cube.common.mx_6.12.0.202406281431\\db\/plugins/mcufinder/images/
2024-08-09 13:01:49,282 [INFO] ApiDb:250 - Set database path to: C:\Users\RND_220516\.stmcufinder\plugins\mcufinder//mcu/
2024-08-09 13:01:49,283 [INFO] DbMcusAds:125 - Set database path to: C:\Users\RND_220516\.stmcufinder\plugins\mcufinder//mcu/
2024-08-09 13:01:49,287 [INFO] CrossReferenceDbSqlite:203 - Set database path to: C:\Users\RND_220516\.stmcufinder\plugins\mcufinder//mcu/cs/
2024-08-09 13:01:49,543 [INFO] RulesReader:64 - Compatibility file has been processed (297 Rules)
2024-08-09 13:01:49,703 [INFO] DbMcusXml:78 - Set database path to: C:\ST\STM32CubeIDE_1.14.0\STM32CubeIDE\plugins\com.st.stm32cube.common.mx_6.12.0.202406281431\\db\/mcu/
2024-08-09 13:01:49,703 [INFO] ApiDb:274 - Set plugin database path to: C:\ST\STM32CubeIDE_1.14.0\STM32CubeIDE\plugins\com.st.stm32cube.common.mx_6.12.0.202406281431\\db\/plugins/boardmanager/
2024-08-09 13:01:49,704 [INFO] ApiDb:261 - Set plugin images path to: C:\ST\STM32CubeIDE_1.14.0\STM32CubeIDE\plugins\com.st.stm32cube.common.mx_6.12.0.202406281431\\db\/plugins/mcufinder/images/
2024-08-09 13:01:49,704 [WARN] DbFile:41 - Overriding database path with different value: C:\Users\RND_220516\.stmcufinder\plugins\mcufinder/ => C:\Users\RND_220516\.stmcufinder\plugins\mcufinder
2024-08-09 13:01:49,704 [INFO] ApiDb:250 - Set database path to: C:\Users\RND_220516\.stmcufinder\plugins\mcufinder//mcu/
2024-08-09 13:01:49,704 [WARN] DbFile:41 - Overriding database path with different value: C:\Users\RND_220516\.stmcufinder\plugins\mcufinder/ => C:\Users\RND_220516\.stmcufinder\plugins\mcufinder
2024-08-09 13:01:49,704 [INFO] DbMcusAds:125 - Set database path to: C:\Users\RND_220516\.stmcufinder\plugins\mcufinder//mcu/
2024-08-09 13:01:49,705 [WARN] DbFile:41 - Overriding database path with different value: C:\Users\RND_220516\.stmcufinder\plugins\mcufinder/ => C:\Users\RND_220516\.stmcufinder\plugins\mcufinder
2024-08-09 13:01:49,705 [WARN] DbFile:41 - Overriding database path with different value: C:\Users\RND_220516\.stmcufinder\plugins\mcufinder/ => C:\Users\RND_220516\.stmcufinder\plugins\mcufinder
2024-08-09 13:01:49,705 [INFO] CrossReferenceDbSqlite:203 - Set database path to: C:\Users\RND_220516\.stmcufinder\plugins\mcufinder//mcu/cs/
2024-08-09 13:01:49,849 [INFO] MainPanel:268 - HeapMemory: 268435456
2024-08-09 13:01:50,005 [INFO] DbMcusXml:78 - Set database path to: C:\ST\STM32CubeIDE_1.14.0\STM32CubeIDE\plugins\com.st.stm32cube.common.mx_6.12.0.202406281431\\db\/mcu/
2024-08-09 13:01:50,005 [INFO] ApiDb:274 - Set plugin database path to: C:\ST\STM32CubeIDE_1.14.0\STM32CubeIDE\plugins\com.st.stm32cube.common.mx_6.12.0.202406281431\\db\/plugins/boardmanager/
2024-08-09 13:01:50,006 [INFO] ApiDb:261 - Set plugin images path to: C:\ST\STM32CubeIDE_1.14.0\STM32CubeIDE\plugins\com.st.stm32cube.common.mx_6.12.0.202406281431\\db\/plugins/mcufinder/images/
2024-08-09 13:01:50,006 [WARN] DbFile:41 - Overriding database path with different value: C:\Users\RND_220516\.stmcufinder\plugins\mcufinder/ => C:\Users\RND_220516\.stmcufinder\plugins\mcufinder
2024-08-09 13:01:50,006 [INFO] ApiDb:250 - Set database path to: C:\Users\RND_220516\.stmcufinder\plugins\mcufinder//mcu/
2024-08-09 13:01:50,006 [WARN] DbFile:41 - Overriding database path with different value: C:\Users\RND_220516\.stmcufinder\plugins\mcufinder/ => C:\Users\RND_220516\.stmcufinder\plugins\mcufinder
2024-08-09 13:01:50,006 [INFO] DbMcusAds:125 - Set database path to: C:\Users\RND_220516\.stmcufinder\plugins\mcufinder//mcu/
2024-08-09 13:01:50,007 [WARN] DbFile:41 - Overriding database path with different value: C:\Users\RND_220516\.stmcufinder\plugins\mcufinder/ => C:\Users\RND_220516\.stmcufinder\plugins\mcufinder
2024-08-09 13:01:50,007 [WARN] DbFile:41 - Overriding database path with different value: C:\Users\RND_220516\.stmcufinder\plugins\mcufinder/ => C:\Users\RND_220516\.stmcufinder\plugins\mcufinder
2024-08-09 13:01:50,007 [INFO] CrossReferenceDbSqlite:203 - Set database path to: C:\Users\RND_220516\.stmcufinder\plugins\mcufinder//mcu/cs/
2024-08-09 13:01:50,035 [INFO] ApplicationProperties:184 - Using Application install path: C:\ST\STM32CubeIDE_1.14.0\STM32CubeIDE\plugins\com.st.stm32cube.common.mx_6.12.0.202406281431
2024-08-09 13:01:50,037 [INFO] PluginManage:196 - Search for loadable plugins [exclusion list=, ]
2024-08-09 13:01:50,039 [INFO] PluginManage:310 - Check plugin analytics
2024-08-09 13:01:50,339 [INFO] AnalyticsPlugin:253 - Accepted Software Licenses: 
2024-08-09 13:01:50,340 [INFO] AnalyticsPlugin:255 - Accepted CMSIS Pack Licenses: 
2024-08-09 13:01:50,341 [INFO] AnalyticsPlugin:257 - Accepted Firmware Licenses: FW.F4.1.28.0,FW.F4.1.27.0
2024-08-09 13:01:50,345 [INFO] PluginManage:359 - Loaded plugin analytics (category:tool,tabindex:-1)
2024-08-09 13:01:50,347 [INFO] PluginManage:310 - Check plugin cadmodel
2024-08-09 13:01:50,373 [INFO] CADModel:105 - Init CAD model plugin
2024-08-09 13:01:50,374 [INFO] PluginManage:359 - Loaded plugin cadmodel (category:power,tabindex:5)
2024-08-09 13:01:50,374 [INFO] PluginManage:310 - Check plugin clock
2024-08-09 13:01:50,411 [INFO] PluginManage:359 - Loaded plugin clock (category:base,tabindex:2)
2024-08-09 13:01:50,411 [INFO] PluginManage:310 - Check plugin ddr
2024-08-09 13:01:50,415 [INFO] PluginManage:359 - Loaded plugin ddr (category:tool,tabindex:6)
2024-08-09 13:01:50,416 [INFO] PluginManage:310 - Check plugin filemanager
2024-08-09 13:01:50,653 [INFO] PluginManage:359 - Loaded plugin filemanager (category:base,tabindex:10)
2024-08-09 13:01:50,653 [INFO] PluginManage:310 - Check plugin ipmanager
2024-08-09 13:01:50,666 [INFO] PluginManage:359 - Loaded plugin ipmanager (category:base,tabindex:5)
2024-08-09 13:01:50,667 [INFO] PluginManage:310 - Check plugin lpbam
2024-08-09 13:01:50,699 [INFO] PluginManage:359 - Loaded plugin lpbam (category:base,tabindex:0)
2024-08-09 13:01:50,699 [INFO] PluginManage:310 - Check plugin memorymap
2024-08-09 13:01:50,742 [INFO] PluginManage:359 - Loaded plugin memorymap (category:base,tabindex:4)
2024-08-09 13:01:50,742 [INFO] PluginManage:310 - Check plugin pinoutandconfiguration
2024-08-09 13:01:50,772 [INFO] PluginManage:359 - Loaded plugin pinoutandconfiguration (category:base,tabindex:1)
2024-08-09 13:01:50,773 [INFO] PluginManage:310 - Check plugin pinoutconfig
2024-08-09 13:01:50,979 [WARN] SupportedApi:132 - Cannot load RTOS API schema: s4s-elt-must-match.1: The content of 'definitions' must match (annotation?, (simpleType | complexType)?, (unique | key | keyref)*)). A problem was found starting at: attribute.
2024-08-09 13:01:51,359 [INFO] PluginManage:359 - Loaded plugin pinoutconfig (category:base,tabindex:0)
2024-08-09 13:01:51,360 [INFO] PluginManage:310 - Check plugin power
2024-08-09 13:01:51,448 [INFO] PluginManage:359 - Loaded plugin power (category:power,tabindex:4)
2024-08-09 13:01:51,449 [INFO] PluginManage:310 - Check plugin projectmanager
2024-08-09 13:01:51,493 [INFO] PluginManage:359 - Loaded plugin projectmanager (category:projectmanager,tabindex:4)
2024-08-09 13:01:51,493 [INFO] PluginManage:310 - Check plugin rif
2024-08-09 13:01:51,527 [INFO] PluginManage:359 - Loaded plugin rif (category:base,tabindex:3)
2024-08-09 13:01:51,527 [INFO] PluginManage:310 - Check plugin thirdparty
2024-08-09 13:01:51,946 [INFO] PluginManage:359 - Loaded plugin thirdparty (category:base,tabindex:-1)
2024-08-09 13:01:51,946 [INFO] PluginManage:310 - Check plugin tools
2024-08-09 13:01:51,948 [WARN] IntegrityCheckThread:84 - waiting for thirdparty lock release [integrity check]
2024-08-09 13:01:51,949 [INFO] IntegrityCheckThread:86 - entering critical section [integrity check]
2024-08-09 13:01:51,949 [INFO] ThirdPartyUpdaterWithRetryManager:70 - Updater plugin not ready yet. [1/15]
2024-08-09 13:01:51,951 [INFO] PluginManage:359 - Loaded plugin tools (category:base,tabindex:7)
2024-08-09 13:01:51,951 [INFO] PluginManage:310 - Check plugin tutovideos
2024-08-09 13:01:52,242 [INFO] PluginManage:359 - Loaded plugin tutovideos (category:base,tabindex:-1)
2024-08-09 13:01:52,243 [INFO] PluginManage:310 - Check plugin updater
2024-08-09 13:01:52,271 [INFO] PluginManage:359 - Loaded plugin updater (category:base,tabindex:12)
2024-08-09 13:01:52,271 [INFO] PluginManage:310 - Check plugin userauth
2024-08-09 13:01:52,280 [INFO] UserAuth:113 - Init User Auth plugin
2024-08-09 13:01:52,280 [INFO] PluginManage:359 - Loaded plugin userauth (category:base,tabindex:14)
2024-08-09 13:01:52,281 [INFO] PluginManage:283 - PluginManage : Loaded plugins [18]
2024-08-09 13:01:52,594 [INFO] PinOutPanel:1561 - setPackage(No Configuration,No Configuration)
2024-08-09 13:01:52,728 [INFO] CADModel:165 - CPN selected for project level
2024-08-09 13:01:52,728 [INFO] CADModel:114 - Register for checkConnection events
2024-08-09 13:01:52,789 [INFO] IPUIPlugin:80 - create IPUIPlugin
2024-08-09 13:01:52,790 [INFO] PluginManager:220 - loadIPPluginJar : add adc
2024-08-09 13:01:52,959 [INFO] IPUIPlugin:80 - create IPUIPlugin
2024-08-09 13:01:52,959 [INFO] PluginManager:220 - loadIPPluginJar : add aes
2024-08-09 13:01:53,091 [INFO] IPUIPlugin:80 - create IPUIPlugin
2024-08-09 13:01:53,092 [INFO] PluginManager:220 - loadIPPluginJar : add can
2024-08-09 13:01:53,165 [INFO] IPUIPlugin:80 - create IPUIPlugin
2024-08-09 13:01:53,165 [INFO] PluginManager:220 - loadIPPluginJar : add comp
2024-08-09 13:01:53,283 [INFO] IPUIPlugin:80 - create IPUIPlugin
2024-08-09 13:01:53,284 [INFO] PluginManager:220 - loadIPPluginJar : add cryp
2024-08-09 13:01:53,335 [INFO] IPUIPlugin:80 - create IPUIPlugin
2024-08-09 13:01:53,335 [INFO] PluginManager:220 - loadIPPluginJar : add ddr_ctrl_phy
2024-08-09 13:01:53,485 [INFO] IPUIPlugin:80 - create IPUIPlugin
2024-08-09 13:01:53,485 [INFO] PluginManager:220 - loadIPPluginJar : add dfsdm
2024-08-09 13:01:53,514 [INFO] IPUIPlugin:80 - create IPUIPlugin
2024-08-09 13:01:53,515 [INFO] PluginManager:220 - loadIPPluginJar : add dma
2024-08-09 13:01:53,590 [INFO] IPUIPlugin:80 - create IPUIPlugin
2024-08-09 13:01:53,590 [INFO] PluginManager:220 - loadIPPluginJar : add dma3
2024-08-09 13:01:53,757 [INFO] IPUIPlugin:80 - create IPUIPlugin
2024-08-09 13:01:53,758 [INFO] PluginManager:220 - loadIPPluginJar : add extmemmanager
2024-08-09 13:01:53,800 [INFO] IPUIPlugin:80 - create IPUIPlugin
2024-08-09 13:01:53,800 [INFO] PluginManager:220 - loadIPPluginJar : add fatfs
2024-08-09 13:01:53,971 [INFO] IPUIPlugin:80 - create IPUIPlugin
2024-08-09 13:01:53,971 [INFO] PluginManager:220 - loadIPPluginJar : add fmc
2024-08-09 13:01:54,037 [INFO] IPUIPlugin:80 - create IPUIPlugin
2024-08-09 13:01:54,038 [INFO] PluginManager:220 - loadIPPluginJar : add freertos
2024-08-09 13:01:54,126 [INFO] IPUIPlugin:80 - create IPUIPlugin
2024-08-09 13:01:54,126 [INFO] PluginManager:220 - loadIPPluginJar : add genericplugin
2024-08-09 13:01:54,312 [INFO] IPUIPlugin:80 - create IPUIPlugin
2024-08-09 13:01:54,312 [INFO] PluginManager:220 - loadIPPluginJar : add gfxmmu
2024-08-09 13:01:54,530 [INFO] IPUIPlugin:80 - create IPUIPlugin
2024-08-09 13:01:54,530 [INFO] PluginManager:220 - loadIPPluginJar : add gic
2024-08-09 13:01:54,549 [INFO] IPUIPlugin:80 - create IPUIPlugin
2024-08-09 13:01:54,550 [INFO] PluginManager:220 - loadIPPluginJar : add gpio
2024-08-09 13:01:54,685 [INFO] IPUIPlugin:80 - create IPUIPlugin
2024-08-09 13:01:54,685 [INFO] PluginManager:220 - loadIPPluginJar : add gtzc
2024-08-09 13:01:54,727 [INFO] IPUIPlugin:80 - create IPUIPlugin
2024-08-09 13:01:54,728 [INFO] PluginManager:220 - loadIPPluginJar : add hash
2024-08-09 13:01:54,802 [INFO] IPUIPlugin:80 - create IPUIPlugin
2024-08-09 13:01:54,802 [INFO] PluginManager:220 - loadIPPluginJar : add i2c
2024-08-09 13:01:54,852 [INFO] IPUIPlugin:80 - create IPUIPlugin
2024-08-09 13:01:54,852 [INFO] PluginManager:220 - loadIPPluginJar : add i2s
2024-08-09 13:01:54,906 [INFO] IPUIPlugin:80 - create IPUIPlugin
2024-08-09 13:01:54,907 [INFO] PluginManager:220 - loadIPPluginJar : add i3c
2024-08-09 13:01:54,951 [INFO] ThirdPartyUpdaterWithRetryManager:70 - Updater plugin not ready yet. [2/15]
2024-08-09 13:01:55,039 [INFO] IPUIPlugin:80 - create IPUIPlugin
2024-08-09 13:01:55,039 [INFO] PluginManager:220 - loadIPPluginJar : add ipddr
2024-08-09 13:01:55,164 [INFO] IPUIPlugin:80 - create IPUIPlugin
2024-08-09 13:01:55,164 [INFO] PluginManager:220 - loadIPPluginJar : add linkedlist
2024-08-09 13:01:55,210 [INFO] IPUIPlugin:80 - create IPUIPlugin
2024-08-09 13:01:55,210 [INFO] PluginManager:220 - loadIPPluginJar : add lorawan
2024-08-09 13:01:55,258 [INFO] IPUIPlugin:80 - create IPUIPlugin
2024-08-09 13:01:55,258 [INFO] PluginManager:220 - loadIPPluginJar : add ltdc
2024-08-09 13:01:55,274 [INFO] IPUIPlugin:80 - create IPUIPlugin
2024-08-09 13:01:55,274 [INFO] PluginManager:220 - loadIPPluginJar : add mdma
2024-08-09 13:01:55,288 [INFO] IPUIPlugin:80 - create IPUIPlugin
2024-08-09 13:01:55,288 [INFO] PluginManager:220 - loadIPPluginJar : add nvic
2024-08-09 13:01:55,335 [INFO] IPUIPlugin:80 - create IPUIPlugin
2024-08-09 13:01:55,336 [INFO] PluginManager:220 - loadIPPluginJar : add opamp
2024-08-09 13:01:55,432 [INFO] IPUIPlugin:80 - create IPUIPlugin
2024-08-09 13:01:55,432 [INFO] PluginManager:220 - loadIPPluginJar : add openamp
2024-08-09 13:01:55,493 [INFO] IPUIPlugin:80 - create IPUIPlugin
2024-08-09 13:01:55,493 [INFO] PluginManager:220 - loadIPPluginJar : add pdm2pcm
2024-08-09 13:01:55,515 [INFO] IPUIPlugin:80 - create IPUIPlugin
2024-08-09 13:01:55,519 [INFO] PluginManager:220 - loadIPPluginJar : add plateformsettings
2024-08-09 13:01:55,523 [INFO] IPUIPlugin:80 - create IPUIPlugin
2024-08-09 13:01:55,523 [INFO] PluginManager:220 - loadIPPluginJar : add quadspi
2024-08-09 13:01:55,568 [INFO] IPUIPlugin:80 - create IPUIPlugin
2024-08-09 13:01:55,569 [INFO] PluginManager:220 - loadIPPluginJar : add radio
2024-08-09 13:01:55,588 [INFO] IPUIPlugin:80 - create IPUIPlugin
2024-08-09 13:01:55,588 [INFO] PluginManager:220 - loadIPPluginJar : add resmgrutility
2024-08-09 13:01:55,660 [INFO] IPUIPlugin:80 - create IPUIPlugin
2024-08-09 13:01:55,660 [INFO] PluginManager:220 - loadIPPluginJar : add sai
2024-08-09 13:01:55,708 [INFO] IPUIPlugin:80 - create IPUIPlugin
2024-08-09 13:01:55,708 [INFO] PluginManager:220 - loadIPPluginJar : add spi
2024-08-09 13:01:55,796 [INFO] IPUIPlugin:80 - create IPUIPlugin
2024-08-09 13:01:55,796 [INFO] PluginManager:220 - loadIPPluginJar : add stm32_wpan
2024-08-09 13:01:55,825 [INFO] IPUIPlugin:80 - create IPUIPlugin
2024-08-09 13:01:55,825 [INFO] PluginManager:220 - loadIPPluginJar : add tim
2024-08-09 13:01:55,909 [INFO] IPUIPlugin:80 - create IPUIPlugin
2024-08-09 13:01:55,909 [INFO] PluginManager:220 - loadIPPluginJar : add touchsensing
2024-08-09 13:01:55,937 [INFO] IPUIPlugin:80 - create IPUIPlugin
2024-08-09 13:01:55,938 [INFO] PluginManager:220 - loadIPPluginJar : add tracer_emb
2024-08-09 13:01:55,967 [INFO] IPUIPlugin:80 - create IPUIPlugin
2024-08-09 13:01:55,967 [INFO] PluginManager:220 - loadIPPluginJar : add ts
2024-08-09 13:01:55,995 [INFO] IPUIPlugin:80 - create IPUIPlugin
2024-08-09 13:01:55,995 [INFO] PluginManager:220 - loadIPPluginJar : add tsc
2024-08-09 13:01:56,023 [INFO] IPUIPlugin:80 - create IPUIPlugin
2024-08-09 13:01:56,023 [INFO] PluginManager:220 - loadIPPluginJar : add ucpd
2024-08-09 13:01:56,086 [INFO] IPUIPlugin:80 - create IPUIPlugin
2024-08-09 13:01:56,086 [INFO] PluginManager:220 - loadIPPluginJar : add usart
2024-08-09 13:01:56,142 [INFO] IPUIPlugin:80 - create IPUIPlugin
2024-08-09 13:01:56,142 [INFO] PluginManager:220 - loadIPPluginJar : add usbx
2024-08-09 13:01:56,305 [INFO] CADModel:165 - CPN selected for project level
2024-08-09 13:01:56,305 [INFO] CADModel:114 - Register for checkConnection events
2024-08-09 13:01:56,306 [FATAL] Updater:334 - Updater called before beeing initialized
2024-08-09 13:01:56,306 [ERROR] CADModel:125 - Updater not yet initialized, retry later 
2024-08-09 13:01:56,470 [INFO] CADModel:165 - CPN selected for project level
2024-08-09 13:01:56,470 [INFO] CADModel:114 - Register for checkConnection events
2024-08-09 13:01:56,470 [FATAL] Updater:334 - Updater called before beeing initialized
2024-08-09 13:01:56,470 [ERROR] CADModel:125 - Updater not yet initialized, retry later 
2024-08-09 13:01:56,473 [FATAL] Updater:334 - Updater called before beeing initialized
2024-08-09 13:01:56,643 [FATAL] Updater:334 - Updater called before beeing initialized
2024-08-09 13:01:56,659 [INFO] DbMcusAds:53 - JSON generation date=Thu May 16 18:22:00 KST 2024 (1715851320667)
2024-08-09 13:01:56,659 [FATAL] Updater:334 - Updater called before beeing initialized
2024-08-09 13:01:56,708 [WARN] DetailPanel:346 - Failed to get advertising image, set to default
2024-08-09 13:01:56,834 [FATAL] Updater:334 - Updater called before beeing initialized
2024-08-09 13:01:56,836 [FATAL] Updater:334 - Updater called before beeing initialized
2024-08-09 13:01:56,836 [FATAL] Updater:334 - Updater called before beeing initialized
2024-08-09 13:01:56,836 [WARN] DetailPanel:346 - Failed to get advertising image, set to default
2024-08-09 13:01:56,837 [FATAL] Updater:334 - Updater called before beeing initialized
2024-08-09 13:01:56,968 [ERROR] Updater:1164 - MainUpdater not yet initialized. External WinMGr cannot be set.
2024-08-09 13:01:56,996 [INFO] Updater:1100 - Updater Version found : 6.12.0
2024-08-09 13:01:57,026 [INFO] ApplicationProperties:184 - Using Application install path: C:\ST\STM32CubeIDE_1.14.0\STM32CubeIDE\plugins\com.st.stm32cube.common.mx_6.12.0.202406281431
2024-08-09 13:01:57,953 [INFO] ThirdPartyUpdaterWithRetryManager:70 - Updater plugin not ready yet. [3/15]
2024-08-09 13:01:58,620 [ERROR] LogOutputStream:75 - [STDERR_REDIRECT] Aug 09, 2024 1:01:58 PM java.util.prefs.WindowsPreferences <init>
2024-08-09 13:01:58,623 [ERROR] LogOutputStream:75 - [STDERR_REDIRECT] WARNING: Could not open/create prefs root node Software\JavaSoft\Prefs at root 0xffffffff80000002. Windows RegCreateKeyEx(...) returned error code 5.
2024-08-09 13:01:58,623 [ERROR] LogOutputStream:75 - [STDERR_REDIRECT] 
2024-08-09 13:01:59,662 [INFO] MainUpdater:2873 - connection check result : 10
2024-08-09 13:01:59,663 [INFO] MainUpdater:290 - Updater Check For Update Now.
2024-08-09 13:01:59,664 [INFO] MicroXplorer:498 - Change Database Version : DB.6.0.120
2024-08-09 13:01:59,676 [INFO] McuFinderGlobals:63 - Set McuFinder mode to 2 (CubeIDE integrated)
2024-08-09 13:01:59,676 [INFO] UserAuth:179 - activating auth plugin
2024-08-09 13:02:00,182 [INFO] CheckServerUpdateThread:120 - End of CheckServer Thread
2024-08-09 13:02:00,311 [INFO] UserAuth:417 - Internet connection configuration mode: 1
2024-08-09 13:02:00,422 [INFO] JxBrowserEngine:152 - Initiate JxBrowser Engine with user profile folder
2024-08-09 13:02:01,374 [WARN] PackLoader:240 - Cannot read IP mode file for STMicroelectronics.FP-SNS-MOTENVWB1.1.4.0
2024-08-09 13:02:01,449 [WARN] PackLoader:240 - Cannot read IP mode file for STMicroelectronics.X-CUBE-SMBUS.2.1.0
2024-08-09 13:02:01,495 [WARN] PackLoader:240 - Cannot read IP mode file for STMicroelectronics.X-CUBE-TOUCHGFX.4.23.1
2024-08-09 13:02:01,520 [WARN] PackLoader:240 - Cannot read IP mode file for STMicroelectronics.X-CUBE-TOUCHGFX.4.23.0
2024-08-09 13:02:01,548 [WARN] PackLoader:240 - Cannot read IP mode file for STMicroelectronics.X-CUBE-TOUCHGFX.4.23.2
2024-08-09 13:02:01,683 [WARN] PackLoader:240 - Cannot read IP mode file for STMicroelectronics.X-CUBE-AZRTOS-F7.1.1.0
2024-08-09 13:02:01,770 [WARN] PackLoader:240 - Cannot read IP mode file for STMicroelectronics.FP-SNS-MOTENV1.4.3.2
2024-08-09 13:02:01,805 [WARN] PackLoader:240 - Cannot read IP mode file for STMicroelectronics.FP-SNS-FLIGHT1.5.0.2
2024-08-09 13:02:01,835 [WARN] PackLoader:240 - Cannot read IP mode file for STMicroelectronics.X-CUBE-DISPLAY.3.0.0
2024-08-09 13:02:01,891 [WARN] PackLoader:240 - Cannot read IP mode file for STMicroelectronics.X-CUBE-BLE1.7.0.0
2024-08-09 13:02:01,957 [WARN] PackLoader:240 - Cannot read IP mode file for emotas.I-CUBE-CANOPEN.1.3.0
2024-08-09 13:02:01,999 [WARN] PackLoader:240 - Cannot read IP mode file for STMicroelectronics.X-CUBE-BLEMGR.3.1.0
2024-08-09 13:02:02,027 [WARN] PackLoader:240 - Cannot read IP mode file for STMicroelectronics.FP-SNS-SMARTAG2.1.2.0
2024-08-09 13:02:02,082 [INFO] LogOutputStream:77 - [STDOUT_REDIRECT] 1 : Invalid condition id : UX_CORESTACK_Condition cause : null
2024-08-09 13:02:02,083 [INFO] LogOutputStream:77 - [STDOUT_REDIRECT] 1 : Invalid condition id : UX_CORESTACK_Condition cause : null
2024-08-09 13:02:02,088 [INFO] LogOutputStream:77 - [STDOUT_REDIRECT] 1 : Invalid condition id : UX_CORESTACK_Condition cause : null
2024-08-09 13:02:02,090 [INFO] LogOutputStream:77 - [STDOUT_REDIRECT] 1 : Invalid condition id : UX_CORESTACK_Condition cause : null
2024-08-09 13:02:02,099 [INFO] LogOutputStream:77 - [STDOUT_REDIRECT] 1 : Invalid condition id : UX_CORESTACK_Condition cause : null
2024-08-09 13:02:02,104 [WARN] PackLoader:240 - Cannot read IP mode file for STMicroelectronics.X-CUBE-AZRTOS-WL.2.0.0
2024-08-09 13:02:02,138 [WARN] PackLoader:240 - Cannot read IP mode file for STMicroelectronics.FP-SNS-MOTENV1.5.0.0
2024-08-09 13:02:02,160 [WARN] PackLoader:240 - Cannot read IP mode file for wolfSSL.I-CUBE-wolfMQTT.1.19.0
2024-08-09 13:02:02,214 [WARN] PackLoader:240 - Cannot read IP mode file for WES.I-CUBE-Cesium.1.3.0
2024-08-09 13:02:02,362 [WARN] PackLoader:240 - Cannot read IP mode file for STMicroelectronics.X-CUBE-BLE2.3.3.0
2024-08-09 13:02:02,393 [WARN] PackLoader:240 - Cannot read IP mode file for STMicroelectronics.X-CUBE-TCPP.4.1.0
2024-08-09 13:02:02,438 [WARN] PackLoader:240 - Cannot read IP mode file for STMicroelectronics.X-CUBE-ALGOBUILD.1.3.0
2024-08-09 13:02:02,523 [WARN] PackLoader:240 - Cannot read IP mode file for STMicroelectronics.X-CUBE-AZRTOS-G0.1.1.0
2024-08-09 13:02:02,573 [WARN] PackLoader:240 - Cannot read IP mode file for STMicroelectronics.X-CUBE-SAFEA1.1.2.2
2024-08-09 13:02:02,645 [WARN] PackLoader:240 - Cannot read IP mode file for STMicroelectronics.X-CUBE-NFC4.3.0.0
2024-08-09 13:02:02,744 [WARN] PackLoader:240 - Cannot read IP mode file for EmbeddedOffice.I-CUBE-FS-RTOS.1.0.1
2024-08-09 13:02:02,744 [ERROR] ConditionMgr:805 - Attr not supported : Dmpu
2024-08-09 13:02:02,745 [ERROR] ConditionMgr:805 - Attr not supported : Dmpu
2024-08-09 13:02:02,745 [ERROR] ConditionMgr:805 - Attr not supported : Dmpu
2024-08-09 13:02:02,745 [ERROR] ConditionMgr:805 - Attr not supported : Dmpu
2024-08-09 13:02:02,745 [ERROR] ConditionMgr:805 - Attr not supported : Dmpu
2024-08-09 13:02:02,745 [ERROR] ConditionMgr:805 - Attr not supported : Dmpu
2024-08-09 13:02:02,745 [ERROR] ConditionMgr:805 - Attr not supported : Dmpu
2024-08-09 13:02:02,745 [ERROR] ConditionMgr:805 - Attr not supported : Dmpu
2024-08-09 13:02:02,745 [ERROR] ConditionMgr:805 - Attr not supported : Dmpu
2024-08-09 13:02:02,745 [ERROR] ConditionMgr:805 - Attr not supported : Dmpu
2024-08-09 13:02:02,746 [ERROR] ConditionMgr:805 - Attr not supported : Dmpu
2024-08-09 13:02:02,746 [ERROR] ConditionMgr:805 - Attr not supported : Dmpu
2024-08-09 13:02:02,746 [ERROR] ConditionMgr:805 - Attr not supported : Dmpu
2024-08-09 13:02:02,746 [ERROR] ConditionMgr:805 - Attr not supported : Dmpu
2024-08-09 13:02:02,746 [ERROR] ConditionMgr:805 - Attr not supported : Dmpu
2024-08-09 13:02:02,746 [ERROR] ConditionMgr:805 - Attr not supported : Dmpu
2024-08-09 13:02:02,746 [ERROR] ConditionMgr:805 - Attr not supported : Dmpu
2024-08-09 13:02:02,746 [ERROR] ConditionMgr:805 - Attr not supported : Dmpu
2024-08-09 13:02:02,747 [ERROR] ConditionMgr:805 - Attr not supported : Dmpu
2024-08-09 13:02:02,747 [ERROR] ConditionMgr:805 - Attr not supported : Dmpu
2024-08-09 13:02:02,747 [ERROR] ConditionMgr:805 - Attr not supported : Dmpu
2024-08-09 13:02:02,747 [ERROR] ConditionMgr:805 - Attr not supported : Dmpu
2024-08-09 13:02:02,747 [ERROR] ConditionMgr:805 - Attr not supported : Dmpu
2024-08-09 13:02:02,747 [ERROR] ConditionMgr:805 - Attr not supported : Dmpu
2024-08-09 13:02:02,747 [ERROR] ConditionMgr:805 - Attr not supported : Dmpu
2024-08-09 13:02:02,747 [ERROR] ConditionMgr:805 - Attr not supported : Dmpu
2024-08-09 13:02:02,747 [ERROR] ConditionMgr:805 - Attr not supported : Dmpu
2024-08-09 13:02:02,748 [ERROR] ConditionMgr:805 - Attr not supported : Dmpu
2024-08-09 13:02:02,754 [ERROR] ConditionMgr:805 - Attr not supported : Dmpu
2024-08-09 13:02:02,760 [ERROR] ConditionMgr:805 - Attr not supported : Dmpu
2024-08-09 13:02:02,761 [ERROR] ConditionMgr:805 - Attr not supported : Dmpu
2024-08-09 13:02:02,761 [ERROR] ConditionMgr:805 - Attr not supported : Dmpu
2024-08-09 13:02:02,761 [ERROR] ConditionMgr:805 - Attr not supported : Dmpu
2024-08-09 13:02:02,761 [ERROR] ConditionMgr:805 - Attr not supported : Dmpu
2024-08-09 13:02:02,761 [ERROR] ConditionMgr:805 - Attr not supported : Dmpu
2024-08-09 13:02:02,761 [ERROR] ConditionMgr:805 - Attr not supported : Dmpu
2024-08-09 13:02:02,761 [ERROR] ConditionMgr:805 - Attr not supported : Dmpu
2024-08-09 13:02:02,762 [ERROR] ConditionMgr:805 - Attr not supported : Dmpu
2024-08-09 13:02:02,762 [ERROR] ConditionMgr:805 - Attr not supported : Dmpu
2024-08-09 13:02:02,762 [ERROR] ConditionMgr:805 - Attr not supported : Dmpu
2024-08-09 13:02:02,762 [ERROR] ConditionMgr:805 - Attr not supported : Dmpu
2024-08-09 13:02:02,762 [ERROR] ConditionMgr:805 - Attr not supported : Dmpu
2024-08-09 13:02:02,762 [ERROR] ConditionMgr:805 - Attr not supported : Dmpu
2024-08-09 13:02:02,762 [ERROR] ConditionMgr:805 - Attr not supported : Dmpu
2024-08-09 13:02:02,762 [ERROR] ConditionMgr:805 - Attr not supported : Dmpu
2024-08-09 13:02:02,762 [ERROR] ConditionMgr:805 - Attr not supported : Dmpu
2024-08-09 13:02:02,763 [ERROR] ConditionMgr:805 - Attr not supported : Dmpu
2024-08-09 13:02:02,763 [ERROR] ConditionMgr:805 - Attr not supported : Dmpu
2024-08-09 13:02:02,763 [ERROR] ConditionMgr:805 - Attr not supported : Dmpu
2024-08-09 13:02:02,764 [ERROR] ConditionMgr:805 - Attr not supported : Dmpu
2024-08-09 13:02:02,764 [ERROR] ConditionMgr:805 - Attr not supported : Dmpu
2024-08-09 13:02:02,764 [ERROR] ConditionMgr:805 - Attr not supported : Dmpu
2024-08-09 13:02:02,764 [ERROR] ConditionMgr:805 - Attr not supported : Dmpu
2024-08-09 13:02:02,764 [ERROR] ConditionMgr:805 - Attr not supported : Dmpu
2024-08-09 13:02:02,764 [ERROR] ConditionMgr:805 - Attr not supported : Dmpu
2024-08-09 13:02:02,764 [ERROR] ConditionMgr:805 - Attr not supported : Dmpu
2024-08-09 13:02:02,764 [ERROR] ConditionMgr:805 - Attr not supported : Dmpu
2024-08-09 13:02:02,765 [ERROR] ConditionMgr:805 - Attr not supported : Dmpu
2024-08-09 13:02:02,765 [ERROR] ConditionMgr:805 - Attr not supported : Dmpu
2024-08-09 13:02:02,765 [ERROR] ConditionMgr:805 - Attr not supported : Dmpu
2024-08-09 13:02:02,765 [ERROR] ConditionMgr:805 - Attr not supported : Dmpu
2024-08-09 13:02:02,765 [ERROR] ConditionMgr:805 - Attr not supported : Dmpu
2024-08-09 13:02:02,765 [ERROR] ConditionMgr:805 - Attr not supported : Dmpu
2024-08-09 13:02:02,765 [ERROR] ConditionMgr:805 - Attr not supported : Dmpu
2024-08-09 13:02:02,790 [WARN] PackLoader:240 - Cannot read IP mode file for RealThread.X-CUBE-RT-Thread_Nano.4.1.1
2024-08-09 13:02:02,846 [WARN] PackLoader:240 - Cannot read IP mode file for STMicroelectronics.FP-ATR-SIGFOX1.3.2.0
2024-08-09 13:02:02,870 [WARN] PackLoader:240 - Cannot read IP mode file for STMicroelectronics.X-CUBE-EEPRMA1.5.1.0
2024-08-09 13:02:02,960 [WARN] PackLoader:240 - Cannot read IP mode file for SEGGER.I-CUBE-embOS.1.3.1
2024-08-09 13:02:03,080 [WARN] PackLoader:240 - Cannot read IP mode file for STMicroelectronics.X-CUBE-ALGOBUILD.1.4.0
2024-08-09 13:02:03,133 [WARN] PackLoader:240 - Cannot read IP mode file for STMicroelectronics.X-CUBE-GNSS1.6.0.0
2024-08-09 13:02:03,189 [WARN] PackLoader:240 - Cannot read IP mode file for STMicroelectronics.X-CUBE-AZRTOS-F4.1.1.0
2024-08-09 13:02:03,218 [WARN] PackLoader:240 - Cannot read IP mode file for STMicroelectronics.X-CUBE-FREERTOS.1.2.0
2024-08-09 13:02:03,303 [WARN] PackLoader:240 - Cannot read IP mode file for wolfSSL.I-CUBE-wolfSSL.5.6.6
2024-08-09 13:02:03,467 [WARN] PackLoader:240 - Cannot read IP mode file for STMicroelectronics.X-CUBE-AZRTOS-L5.2.0.0
2024-08-09 13:02:03,508 [WARN] PackLoader:240 - Cannot read IP mode file for STMicroelectronics.X-CUBE-NFC6.3.1.0
2024-08-09 13:02:03,540 [WARN] PackLoader:240 - Cannot read IP mode file for ITTIA_DB.I-CUBE-ITTIADB.8.8.0
2024-08-09 13:02:03,571 [WARN] PackLoader:240 - Cannot read IP mode file for STMicroelectronics.X-CUBE-DPower.1.2.0
2024-08-09 13:02:03,595 [WARN] PackLoader:240 - Cannot read IP mode file for STMicroelectronics.X-CUBE-AI.9.0.0
2024-08-09 13:02:03,627 [WARN] PackLoader:240 - Cannot read IP mode file for STMicroelectronics.X-CUBE-NFC7.1.0.1
2024-08-09 13:02:03,653 [WARN] PackLoader:240 - Cannot read IP mode file for wolfSSL.I-CUBE-wolfTPM.3.2.0
2024-08-09 13:02:03,683 [WARN] PackLoader:240 - Cannot read IP mode file for STMicroelectronics.X-CUBE-NFC6.3.0.0
2024-08-09 13:02:03,724 [WARN] PackLoader:240 - Cannot read IP mode file for STMicroelectronics.X-CUBE-AI.8.1.0
2024-08-09 13:02:03,793 [WARN] ConditionMgr:438 - getConditionDescription Invalid condition id : LAN8742 Phy interface Condition cause : null
2024-08-09 13:02:03,795 [WARN] PackLoader:240 - Cannot read IP mode file for STMicroelectronics.X-CUBE-AZRTOS-L4.2.0.0
2024-08-09 13:02:03,797 [WARN] ConditionMgr:1039 - genDependencies : Invalid condition id : LAN8742 Phy interface Condition cause : null
2024-08-09 13:02:03,798 [WARN] ConditionMgr:1039 - genDependencies : Invalid condition id : LAN8742 Phy interface Condition cause : null
2024-08-09 13:02:03,798 [WARN] ConditionMgr:1039 - genDependencies : Invalid condition id : LAN8742 Phy interface Condition cause : null
2024-08-09 13:02:03,847 [WARN] PackLoader:240 - Cannot read IP mode file for STMicroelectronics.X-CUBE-SFXS2LP1.4.0.0
2024-08-09 13:02:03,893 [WARN] ConditionMgr:438 - getConditionDescription Invalid condition id : UX DEVICE CLASS RTOS Condition cause : null
2024-08-09 13:02:03,893 [WARN] ConditionMgr:438 - getConditionDescription Invalid condition id : UX DEVICE CLASS RTOS Condition cause : null
2024-08-09 13:02:03,896 [WARN] PackLoader:240 - Cannot read IP mode file for STMicroelectronics.X-CUBE-AZRTOS-WB.2.0.0
2024-08-09 13:02:03,897 [WARN] ConditionMgr:1039 - genDependencies : Invalid condition id : UX DEVICE CLASS RTOS Condition cause : null
2024-08-09 13:02:03,897 [WARN] ConditionMgr:1039 - genDependencies : Invalid condition id : UX DEVICE CLASS RTOS Condition cause : null
2024-08-09 13:02:03,898 [WARN] ConditionMgr:1039 - genDependencies : Invalid condition id : UX DEVICE CLASS RTOS Condition cause : null
2024-08-09 13:02:03,898 [WARN] ConditionMgr:1039 - genDependencies : Invalid condition id : UX DEVICE CLASS RTOS Condition cause : null
2024-08-09 13:02:03,898 [WARN] ConditionMgr:1039 - genDependencies : Invalid condition id : UX DEVICE CLASS RTOS Condition cause : null
2024-08-09 13:02:03,927 [WARN] PackLoader:240 - Cannot read IP mode file for STMicroelectronics.FP-SNS-STBOX1.2.0.0
2024-08-09 13:02:03,995 [WARN] PackLoader:240 - Cannot read IP mode file for STMicroelectronics.X-CUBE-SUBG2.5.0.0
2024-08-09 13:02:04,068 [WARN] PackLoader:240 - Cannot read IP mode file for STMicroelectronics.X-CUBE-AZRTOS-G4.2.0.0
2024-08-09 13:02:04,120 [WARN] PackLoader:240 - Cannot read IP mode file for Infineon.AIROC-Wi-Fi-Bluetooth-STM32.1.5.1
2024-08-09 13:02:04,152 [WARN] PackLoader:240 - Cannot read IP mode file for STMicroelectronics.FP-SNS-MOTENVWB1.1.3.1
2024-08-09 13:02:04,178 [WARN] PackLoader:240 - Cannot read IP mode file for STMicroelectronics.X-CUBE-ISPU.2.0.0
2024-08-09 13:02:04,223 [WARN] PackLoader:240 - Cannot read IP mode file for STMicroelectronics.X-CUBE-ALS.1.0.2
2024-08-09 13:02:04,356 [WARN] PackLoader:240 - Cannot read IP mode file for STMicroelectronics.X-CUBE-MEMS1.10.0.0
2024-08-09 13:02:04,801 [WARN] PackLoader:240 - Cannot read IP mode file for STMicroelectronics.X-CUBE-FREERTOS.1.1.0
2024-08-09 13:02:04,821 [WARN] PackLoader:240 - Cannot read IP mode file for STMicroelectronics.X-CUBE-TOUCHGFX.4.24.0
2024-08-09 13:02:04,896 [WARN] PackLoader:240 - Cannot read IP mode file for portGmbH.I-Cube-SoM-uGOAL.1.1.0
2024-08-09 13:02:04,958 [WARN] PackLoader:240 - Cannot read IP mode file for STMicroelectronics.X-CUBE-ALS.1.0.1
2024-08-09 13:02:05,022 [WARN] PackLoader:240 - Cannot read IP mode file for STMicroelectronics.X-CUBE-AZRTOS-H7RS.1.0.0
2024-08-09 13:02:05,055 [WARN] PackLoader:240 - Cannot read IP mode file for STMicroelectronics.FP-ATR-ASTRA1.2.0.0
2024-08-09 13:02:05,090 [WARN] PackLoader:240 - Cannot read IP mode file for STMicroelectronics.X-CUBE-TOF1.3.4.2
2024-08-09 13:02:05,172 [WARN] PackLoader:240 - Cannot read IP mode file for STMicroelectronics.X-CUBE-TOF1.3.4.0
2024-08-09 13:02:05,318 [WARN] PackLoader:240 - Cannot read IP mode file for STMicroelectronics.X-CUBE-TOF1.3.4.1
2024-08-09 13:02:05,471 [WARN] PackLoader:240 - Cannot read IP mode file for STMicroelectronics.X-CUBE-AZRTOS-H7.3.2.0
2024-08-09 13:02:05,526 [WARN] PackLoader:240 - Cannot read IP mode file for wolfSSL.I-CUBE-wolfSSH.1.4.17
2024-08-09 13:02:05,527 [INFO] ThirdParty:978 - Integrity check success = true
2024-08-09 13:02:05,527 [INFO] IntegrityCheckThread:100 - exiting critical section [integrity check]
2024-08-09 13:02:05,527 [INFO] IntegrityCheckThread:103 - End integrity checks thread
2024-08-09 13:02:08,393 [INFO] WebApp:167 - Instantiating new browser for Auth
2024-08-09 13:02:10,368 [INFO] WebApp:448 - Apply proxy settings
2024-08-09 13:02:10,368 [INFO] WebApp:533 - Chromium requires no authentication
2024-08-09 13:02:10,394 [INFO] WebApp:476 - Direct internet connection detected
2024-08-09 13:02:10,453 [INFO] WebApp:869 - Register for checkConnection events
2024-08-09 13:02:10,453 [INFO] WebApp:448 - Apply proxy settings
2024-08-09 13:02:10,453 [INFO] WebApp:533 - Chromium requires no authentication
2024-08-09 13:02:10,454 [INFO] WebApp:476 - Direct internet connection detected
2024-08-09 13:02:10,783 [INFO] WebApp:186 - Connection restablished
2024-08-09 13:02:10,818 [INFO] WebApp:220 - Starting web application
2024-08-09 13:02:10,818 [INFO] WebApp:578 - Web application path used C:\ST\STM32CubeIDE_1.14.0\STM32CubeIDE\plugins\com.st.stm32cube.common.mx_6.12.0.202406281431\db\plugins\mcufinder\reactClient1\index.html
2024-08-09 13:07:31,665 [ERROR] LogOutputStream:75 - [STDERR_REDIRECT] 
2024-08-09 13:07:31,669 [ERROR] LogOutputStream:75 - [STDERR_REDIRECT] 
2024-08-09 16:54:44,287 [INFO] Activator:176 - 


2024-08-09 16:54:44,291 [INFO] Activator:177 - !SESSION log4j initialized
2024-08-09 16:54:55,840 [INFO] LogOutputStream:77 - [STDOUT_REDIRECT] 
2024-08-09 16:54:59,748 [INFO] ApplicationProperties:184 - Using Application install path: C:\ST\STM32CubeIDE_1.14.0\STM32CubeIDE\plugins\com.st.stm32cube.common.mx_6.12.0.202406281431
2024-08-09 16:54:59,777 [INFO] DbMcusXml:78 - Set database path to: C:\ST\STM32CubeIDE_1.14.0\STM32CubeIDE\plugins\com.st.stm32cube.common.mx_6.12.0.202406281431\\db\/mcu/
2024-08-09 16:54:59,778 [INFO] ApiDb:274 - Set plugin database path to: C:\ST\STM32CubeIDE_1.14.0\STM32CubeIDE\plugins\com.st.stm32cube.common.mx_6.12.0.202406281431\\db\/plugins/boardmanager/
2024-08-09 16:54:59,779 [WARN] ApiDb:259 - Overriding images path with different value:  => C:\ST\STM32CubeIDE_1.14.0\STM32CubeIDE\plugins\com.st.stm32cube.common.mx_6.12.0.202406281431\\db\/plugins/mcufinder/images/
2024-08-09 16:54:59,791 [INFO] ApiDb:250 - Set database path to: C:\Users\RND_220516\.stmcufinder\plugins\mcufinder//mcu/
2024-08-09 16:54:59,793 [INFO] DbMcusAds:125 - Set database path to: C:\Users\RND_220516\.stmcufinder\plugins\mcufinder//mcu/
2024-08-09 16:54:59,798 [INFO] CrossReferenceDbSqlite:203 - Set database path to: C:\Users\RND_220516\.stmcufinder\plugins\mcufinder//mcu/cs/
2024-08-09 16:55:00,064 [INFO] RulesReader:64 - Compatibility file has been processed (297 Rules)
2024-08-09 16:55:00,224 [INFO] DbMcusXml:78 - Set database path to: C:\ST\STM32CubeIDE_1.14.0\STM32CubeIDE\plugins\com.st.stm32cube.common.mx_6.12.0.202406281431\\db\/mcu/
2024-08-09 16:55:00,224 [INFO] ApiDb:274 - Set plugin database path to: C:\ST\STM32CubeIDE_1.14.0\STM32CubeIDE\plugins\com.st.stm32cube.common.mx_6.12.0.202406281431\\db\/plugins/boardmanager/
2024-08-09 16:55:00,225 [INFO] ApiDb:261 - Set plugin images path to: C:\ST\STM32CubeIDE_1.14.0\STM32CubeIDE\plugins\com.st.stm32cube.common.mx_6.12.0.202406281431\\db\/plugins/mcufinder/images/
2024-08-09 16:55:00,225 [WARN] DbFile:41 - Overriding database path with different value: C:\Users\RND_220516\.stmcufinder\plugins\mcufinder/ => C:\Users\RND_220516\.stmcufinder\plugins\mcufinder
2024-08-09 16:55:00,226 [INFO] ApiDb:250 - Set database path to: C:\Users\RND_220516\.stmcufinder\plugins\mcufinder//mcu/
2024-08-09 16:55:00,226 [WARN] DbFile:41 - Overriding database path with different value: C:\Users\RND_220516\.stmcufinder\plugins\mcufinder/ => C:\Users\RND_220516\.stmcufinder\plugins\mcufinder
2024-08-09 16:55:00,226 [INFO] DbMcusAds:125 - Set database path to: C:\Users\RND_220516\.stmcufinder\plugins\mcufinder//mcu/
2024-08-09 16:55:00,226 [WARN] DbFile:41 - Overriding database path with different value: C:\Users\RND_220516\.stmcufinder\plugins\mcufinder/ => C:\Users\RND_220516\.stmcufinder\plugins\mcufinder
2024-08-09 16:55:00,226 [WARN] DbFile:41 - Overriding database path with different value: C:\Users\RND_220516\.stmcufinder\plugins\mcufinder/ => C:\Users\RND_220516\.stmcufinder\plugins\mcufinder
2024-08-09 16:55:00,227 [INFO] CrossReferenceDbSqlite:203 - Set database path to: C:\Users\RND_220516\.stmcufinder\plugins\mcufinder//mcu/cs/
2024-08-09 16:55:00,414 [INFO] MainPanel:268 - HeapMemory: 268435456
2024-08-09 16:55:00,752 [INFO] DbMcusXml:78 - Set database path to: C:\ST\STM32CubeIDE_1.14.0\STM32CubeIDE\plugins\com.st.stm32cube.common.mx_6.12.0.202406281431\\db\/mcu/
2024-08-09 16:55:00,753 [INFO] ApiDb:274 - Set plugin database path to: C:\ST\STM32CubeIDE_1.14.0\STM32CubeIDE\plugins\com.st.stm32cube.common.mx_6.12.0.202406281431\\db\/plugins/boardmanager/
2024-08-09 16:55:00,753 [INFO] ApiDb:261 - Set plugin images path to: C:\ST\STM32CubeIDE_1.14.0\STM32CubeIDE\plugins\com.st.stm32cube.common.mx_6.12.0.202406281431\\db\/plugins/mcufinder/images/
2024-08-09 16:55:00,754 [WARN] DbFile:41 - Overriding database path with different value: C:\Users\RND_220516\.stmcufinder\plugins\mcufinder/ => C:\Users\RND_220516\.stmcufinder\plugins\mcufinder
2024-08-09 16:55:00,754 [INFO] ApiDb:250 - Set database path to: C:\Users\RND_220516\.stmcufinder\plugins\mcufinder//mcu/
2024-08-09 16:55:00,754 [WARN] DbFile:41 - Overriding database path with different value: C:\Users\RND_220516\.stmcufinder\plugins\mcufinder/ => C:\Users\RND_220516\.stmcufinder\plugins\mcufinder
2024-08-09 16:55:00,754 [INFO] DbMcusAds:125 - Set database path to: C:\Users\RND_220516\.stmcufinder\plugins\mcufinder//mcu/
2024-08-09 16:55:00,755 [WARN] DbFile:41 - Overriding database path with different value: C:\Users\RND_220516\.stmcufinder\plugins\mcufinder/ => C:\Users\RND_220516\.stmcufinder\plugins\mcufinder
2024-08-09 16:55:00,755 [WARN] DbFile:41 - Overriding database path with different value: C:\Users\RND_220516\.stmcufinder\plugins\mcufinder/ => C:\Users\RND_220516\.stmcufinder\plugins\mcufinder
2024-08-09 16:55:00,755 [INFO] CrossReferenceDbSqlite:203 - Set database path to: C:\Users\RND_220516\.stmcufinder\plugins\mcufinder//mcu/cs/
2024-08-09 16:55:00,821 [INFO] ApplicationProperties:184 - Using Application install path: C:\ST\STM32CubeIDE_1.14.0\STM32CubeIDE\plugins\com.st.stm32cube.common.mx_6.12.0.202406281431
2024-08-09 16:55:00,824 [INFO] PluginManage:196 - Search for loadable plugins [exclusion list=, ]
2024-08-09 16:55:00,827 [INFO] PluginManage:310 - Check plugin analytics
2024-08-09 16:55:01,232 [INFO] AnalyticsPlugin:253 - Accepted Software Licenses: 
2024-08-09 16:55:01,233 [INFO] AnalyticsPlugin:255 - Accepted CMSIS Pack Licenses: 
2024-08-09 16:55:01,233 [INFO] AnalyticsPlugin:257 - Accepted Firmware Licenses: FW.F4.1.28.0,FW.F4.1.27.0
2024-08-09 16:55:01,238 [INFO] PluginManage:359 - Loaded plugin analytics (category:tool,tabindex:-1)
2024-08-09 16:55:01,240 [INFO] PluginManage:310 - Check plugin cadmodel
2024-08-09 16:55:01,264 [INFO] CADModel:105 - Init CAD model plugin
2024-08-09 16:55:01,264 [INFO] PluginManage:359 - Loaded plugin cadmodel (category:power,tabindex:5)
2024-08-09 16:55:01,264 [INFO] PluginManage:310 - Check plugin clock
2024-08-09 16:55:01,297 [INFO] PluginManage:359 - Loaded plugin clock (category:base,tabindex:2)
2024-08-09 16:55:01,297 [INFO] PluginManage:310 - Check plugin ddr
2024-08-09 16:55:01,301 [INFO] PluginManage:359 - Loaded plugin ddr (category:tool,tabindex:6)
2024-08-09 16:55:01,301 [INFO] PluginManage:310 - Check plugin filemanager
2024-08-09 16:55:01,577 [INFO] PluginManage:359 - Loaded plugin filemanager (category:base,tabindex:10)
2024-08-09 16:55:01,577 [INFO] PluginManage:310 - Check plugin ipmanager
2024-08-09 16:55:01,591 [INFO] PluginManage:359 - Loaded plugin ipmanager (category:base,tabindex:5)
2024-08-09 16:55:01,591 [INFO] PluginManage:310 - Check plugin lpbam
2024-08-09 16:55:01,642 [INFO] PluginManage:359 - Loaded plugin lpbam (category:base,tabindex:0)
2024-08-09 16:55:01,644 [INFO] PluginManage:310 - Check plugin memorymap
2024-08-09 16:55:01,687 [INFO] PluginManage:359 - Loaded plugin memorymap (category:base,tabindex:4)
2024-08-09 16:55:01,688 [INFO] PluginManage:310 - Check plugin pinoutandconfiguration
2024-08-09 16:55:01,723 [INFO] PluginManage:359 - Loaded plugin pinoutandconfiguration (category:base,tabindex:1)
2024-08-09 16:55:01,724 [INFO] PluginManage:310 - Check plugin pinoutconfig
2024-08-09 16:55:01,920 [WARN] SupportedApi:132 - Cannot load RTOS API schema: s4s-elt-must-match.1: The content of 'definitions' must match (annotation?, (simpleType | complexType)?, (unique | key | keyref)*)). A problem was found starting at: attribute.
2024-08-09 16:55:02,185 [INFO] PluginManage:359 - Loaded plugin pinoutconfig (category:base,tabindex:0)
2024-08-09 16:55:02,185 [INFO] PluginManage:310 - Check plugin power
2024-08-09 16:55:02,222 [INFO] PluginManage:359 - Loaded plugin power (category:power,tabindex:4)
2024-08-09 16:55:02,222 [INFO] PluginManage:310 - Check plugin projectmanager
2024-08-09 16:55:02,250 [INFO] PluginManage:359 - Loaded plugin projectmanager (category:projectmanager,tabindex:4)
2024-08-09 16:55:02,251 [INFO] PluginManage:310 - Check plugin rif
2024-08-09 16:55:02,274 [INFO] PluginManage:359 - Loaded plugin rif (category:base,tabindex:3)
2024-08-09 16:55:02,274 [INFO] PluginManage:310 - Check plugin thirdparty
2024-08-09 16:55:02,770 [INFO] PluginManage:359 - Loaded plugin thirdparty (category:base,tabindex:-1)
2024-08-09 16:55:02,770 [INFO] PluginManage:310 - Check plugin tools
2024-08-09 16:55:02,770 [WARN] IntegrityCheckThread:84 - waiting for thirdparty lock release [integrity check]
2024-08-09 16:55:02,771 [INFO] IntegrityCheckThread:86 - entering critical section [integrity check]
2024-08-09 16:55:02,772 [INFO] ThirdPartyUpdaterWithRetryManager:70 - Updater plugin not ready yet. [1/15]
2024-08-09 16:55:02,836 [INFO] PluginManage:359 - Loaded plugin tools (category:base,tabindex:7)
2024-08-09 16:55:02,836 [INFO] PluginManage:310 - Check plugin tutovideos
2024-08-09 16:55:03,084 [INFO] PluginManage:359 - Loaded plugin tutovideos (category:base,tabindex:-1)
2024-08-09 16:55:03,084 [INFO] PluginManage:310 - Check plugin updater
2024-08-09 16:55:03,147 [INFO] PluginManage:359 - Loaded plugin updater (category:base,tabindex:12)
2024-08-09 16:55:03,147 [INFO] PluginManage:310 - Check plugin userauth
2024-08-09 16:55:03,155 [INFO] UserAuth:113 - Init User Auth plugin
2024-08-09 16:55:03,155 [INFO] PluginManage:359 - Loaded plugin userauth (category:base,tabindex:14)
2024-08-09 16:55:03,156 [INFO] PluginManage:283 - PluginManage : Loaded plugins [18]
2024-08-09 16:55:03,489 [INFO] PinOutPanel:1561 - setPackage(No Configuration,No Configuration)
2024-08-09 16:55:03,624 [INFO] CADModel:165 - CPN selected for project level
2024-08-09 16:55:03,625 [INFO] CADModel:114 - Register for checkConnection events
2024-08-09 16:55:03,655 [INFO] IPUIPlugin:80 - create IPUIPlugin
2024-08-09 16:55:03,655 [INFO] PluginManager:220 - loadIPPluginJar : add adc
2024-08-09 16:55:03,703 [INFO] IPUIPlugin:80 - create IPUIPlugin
2024-08-09 16:55:03,704 [INFO] PluginManager:220 - loadIPPluginJar : add aes
2024-08-09 16:55:03,764 [INFO] IPUIPlugin:80 - create IPUIPlugin
2024-08-09 16:55:03,765 [INFO] PluginManager:220 - loadIPPluginJar : add can
2024-08-09 16:55:03,796 [INFO] IPUIPlugin:80 - create IPUIPlugin
2024-08-09 16:55:03,796 [INFO] PluginManager:220 - loadIPPluginJar : add comp
2024-08-09 16:55:03,841 [INFO] IPUIPlugin:80 - create IPUIPlugin
2024-08-09 16:55:03,841 [INFO] PluginManager:220 - loadIPPluginJar : add cryp
2024-08-09 16:55:03,854 [INFO] IPUIPlugin:80 - create IPUIPlugin
2024-08-09 16:55:03,854 [INFO] PluginManager:220 - loadIPPluginJar : add ddr_ctrl_phy
2024-08-09 16:55:03,895 [INFO] IPUIPlugin:80 - create IPUIPlugin
2024-08-09 16:55:03,896 [INFO] PluginManager:220 - loadIPPluginJar : add dfsdm
2024-08-09 16:55:03,914 [INFO] IPUIPlugin:80 - create IPUIPlugin
2024-08-09 16:55:03,914 [INFO] PluginManager:220 - loadIPPluginJar : add dma
2024-08-09 16:55:03,981 [INFO] IPUIPlugin:80 - create IPUIPlugin
2024-08-09 16:55:03,982 [INFO] PluginManager:220 - loadIPPluginJar : add dma3
2024-08-09 16:55:04,045 [INFO] IPUIPlugin:80 - create IPUIPlugin
2024-08-09 16:55:04,045 [INFO] PluginManager:220 - loadIPPluginJar : add extmemmanager
2024-08-09 16:55:04,073 [INFO] IPUIPlugin:80 - create IPUIPlugin
2024-08-09 16:55:04,073 [INFO] PluginManager:220 - loadIPPluginJar : add fatfs
2024-08-09 16:55:04,137 [INFO] IPUIPlugin:80 - create IPUIPlugin
2024-08-09 16:55:04,137 [INFO] PluginManager:220 - loadIPPluginJar : add fmc
2024-08-09 16:55:04,159 [INFO] IPUIPlugin:80 - create IPUIPlugin
2024-08-09 16:55:04,160 [INFO] PluginManager:220 - loadIPPluginJar : add freertos
2024-08-09 16:55:04,190 [INFO] IPUIPlugin:80 - create IPUIPlugin
2024-08-09 16:55:04,190 [INFO] PluginManager:220 - loadIPPluginJar : add genericplugin
2024-08-09 16:55:04,322 [INFO] IPUIPlugin:80 - create IPUIPlugin
2024-08-09 16:55:04,322 [INFO] PluginManager:220 - loadIPPluginJar : add gfxmmu
2024-08-09 16:55:04,504 [INFO] IPUIPlugin:80 - create IPUIPlugin
2024-08-09 16:55:04,505 [INFO] PluginManager:220 - loadIPPluginJar : add gic
2024-08-09 16:55:04,524 [INFO] IPUIPlugin:80 - create IPUIPlugin
2024-08-09 16:55:04,524 [INFO] PluginManager:220 - loadIPPluginJar : add gpio
2024-08-09 16:55:04,649 [INFO] IPUIPlugin:80 - create IPUIPlugin
2024-08-09 16:55:04,649 [INFO] PluginManager:220 - loadIPPluginJar : add gtzc
2024-08-09 16:55:04,728 [INFO] IPUIPlugin:80 - create IPUIPlugin
2024-08-09 16:55:04,729 [INFO] PluginManager:220 - loadIPPluginJar : add hash
2024-08-09 16:55:04,863 [INFO] IPUIPlugin:80 - create IPUIPlugin
2024-08-09 16:55:04,863 [INFO] PluginManager:220 - loadIPPluginJar : add i2c
2024-08-09 16:55:04,980 [INFO] IPUIPlugin:80 - create IPUIPlugin
2024-08-09 16:55:04,980 [INFO] PluginManager:220 - loadIPPluginJar : add i2s
2024-08-09 16:55:05,079 [INFO] IPUIPlugin:80 - create IPUIPlugin
2024-08-09 16:55:05,080 [INFO] PluginManager:220 - loadIPPluginJar : add i3c
2024-08-09 16:55:05,276 [INFO] IPUIPlugin:80 - create IPUIPlugin
2024-08-09 16:55:05,276 [INFO] PluginManager:220 - loadIPPluginJar : add ipddr
2024-08-09 16:55:05,432 [INFO] IPUIPlugin:80 - create IPUIPlugin
2024-08-09 16:55:05,432 [INFO] PluginManager:220 - loadIPPluginJar : add linkedlist
2024-08-09 16:55:05,485 [INFO] IPUIPlugin:80 - create IPUIPlugin
2024-08-09 16:55:05,485 [INFO] PluginManager:220 - loadIPPluginJar : add lorawan
2024-08-09 16:55:05,539 [INFO] IPUIPlugin:80 - create IPUIPlugin
2024-08-09 16:55:05,539 [INFO] PluginManager:220 - loadIPPluginJar : add ltdc
2024-08-09 16:55:05,557 [INFO] IPUIPlugin:80 - create IPUIPlugin
2024-08-09 16:55:05,557 [INFO] PluginManager:220 - loadIPPluginJar : add mdma
2024-08-09 16:55:05,575 [INFO] IPUIPlugin:80 - create IPUIPlugin
2024-08-09 16:55:05,575 [INFO] PluginManager:220 - loadIPPluginJar : add nvic
2024-08-09 16:55:05,625 [INFO] IPUIPlugin:80 - create IPUIPlugin
2024-08-09 16:55:05,625 [INFO] PluginManager:220 - loadIPPluginJar : add opamp
2024-08-09 16:55:05,715 [INFO] IPUIPlugin:80 - create IPUIPlugin
2024-08-09 16:55:05,715 [INFO] PluginManager:220 - loadIPPluginJar : add openamp
2024-08-09 16:55:05,774 [INFO] ThirdPartyUpdaterWithRetryManager:70 - Updater plugin not ready yet. [2/15]
2024-08-09 16:55:05,781 [INFO] IPUIPlugin:80 - create IPUIPlugin
2024-08-09 16:55:05,782 [INFO] PluginManager:220 - loadIPPluginJar : add pdm2pcm
2024-08-09 16:55:05,805 [INFO] IPUIPlugin:80 - create IPUIPlugin
2024-08-09 16:55:05,808 [INFO] PluginManager:220 - loadIPPluginJar : add plateformsettings
2024-08-09 16:55:05,839 [INFO] IPUIPlugin:80 - create IPUIPlugin
2024-08-09 16:55:05,840 [INFO] PluginManager:220 - loadIPPluginJar : add quadspi
2024-08-09 16:55:05,884 [INFO] IPUIPlugin:80 - create IPUIPlugin
2024-08-09 16:55:05,886 [INFO] PluginManager:220 - loadIPPluginJar : add radio
2024-08-09 16:55:05,904 [INFO] IPUIPlugin:80 - create IPUIPlugin
2024-08-09 16:55:05,905 [INFO] PluginManager:220 - loadIPPluginJar : add resmgrutility
2024-08-09 16:55:05,984 [INFO] IPUIPlugin:80 - create IPUIPlugin
2024-08-09 16:55:05,984 [INFO] PluginManager:220 - loadIPPluginJar : add sai
2024-08-09 16:55:06,054 [INFO] IPUIPlugin:80 - create IPUIPlugin
2024-08-09 16:55:06,054 [INFO] PluginManager:220 - loadIPPluginJar : add spi
2024-08-09 16:55:06,160 [INFO] IPUIPlugin:80 - create IPUIPlugin
2024-08-09 16:55:06,160 [INFO] PluginManager:220 - loadIPPluginJar : add stm32_wpan
2024-08-09 16:55:06,193 [INFO] IPUIPlugin:80 - create IPUIPlugin
2024-08-09 16:55:06,193 [INFO] PluginManager:220 - loadIPPluginJar : add tim
2024-08-09 16:55:06,277 [INFO] IPUIPlugin:80 - create IPUIPlugin
2024-08-09 16:55:06,277 [INFO] PluginManager:220 - loadIPPluginJar : add touchsensing
2024-08-09 16:55:06,308 [INFO] IPUIPlugin:80 - create IPUIPlugin
2024-08-09 16:55:06,308 [INFO] PluginManager:220 - loadIPPluginJar : add tracer_emb
2024-08-09 16:55:06,341 [INFO] IPUIPlugin:80 - create IPUIPlugin
2024-08-09 16:55:06,341 [INFO] PluginManager:220 - loadIPPluginJar : add ts
2024-08-09 16:55:06,371 [INFO] IPUIPlugin:80 - create IPUIPlugin
2024-08-09 16:55:06,371 [INFO] PluginManager:220 - loadIPPluginJar : add tsc
2024-08-09 16:55:06,401 [INFO] IPUIPlugin:80 - create IPUIPlugin
2024-08-09 16:55:06,401 [INFO] PluginManager:220 - loadIPPluginJar : add ucpd
2024-08-09 16:55:06,465 [INFO] IPUIPlugin:80 - create IPUIPlugin
2024-08-09 16:55:06,465 [INFO] PluginManager:220 - loadIPPluginJar : add usart
2024-08-09 16:55:06,525 [INFO] IPUIPlugin:80 - create IPUIPlugin
2024-08-09 16:55:06,525 [INFO] PluginManager:220 - loadIPPluginJar : add usbx
2024-08-09 16:55:06,680 [INFO] CADModel:165 - CPN selected for project level
2024-08-09 16:55:06,680 [INFO] CADModel:114 - Register for checkConnection events
2024-08-09 16:55:06,680 [FATAL] Updater:334 - Updater called before beeing initialized
2024-08-09 16:55:06,681 [ERROR] CADModel:125 - Updater not yet initialized, retry later 
2024-08-09 16:55:06,847 [INFO] CADModel:165 - CPN selected for project level
2024-08-09 16:55:06,847 [INFO] CADModel:114 - Register for checkConnection events
2024-08-09 16:55:06,847 [FATAL] Updater:334 - Updater called before beeing initialized
2024-08-09 16:55:06,847 [ERROR] CADModel:125 - Updater not yet initialized, retry later 
2024-08-09 16:55:06,852 [FATAL] Updater:334 - Updater called before beeing initialized
2024-08-09 16:55:07,052 [FATAL] Updater:334 - Updater called before beeing initialized
2024-08-09 16:55:07,074 [INFO] DbMcusAds:53 - JSON generation date=Thu May 16 18:22:00 KST 2024 (1715851320667)
2024-08-09 16:55:07,074 [FATAL] Updater:334 - Updater called before beeing initialized
2024-08-09 16:55:07,128 [WARN] DetailPanel:346 - Failed to get advertising image, set to default
2024-08-09 16:55:07,262 [FATAL] Updater:334 - Updater called before beeing initialized
2024-08-09 16:55:07,265 [FATAL] Updater:334 - Updater called before beeing initialized
2024-08-09 16:55:07,265 [FATAL] Updater:334 - Updater called before beeing initialized
2024-08-09 16:55:07,265 [WARN] DetailPanel:346 - Failed to get advertising image, set to default
2024-08-09 16:55:07,266 [FATAL] Updater:334 - Updater called before beeing initialized
2024-08-09 16:55:07,357 [ERROR] Updater:1164 - MainUpdater not yet initialized. External WinMGr cannot be set.
2024-08-09 16:55:07,376 [INFO] Updater:1100 - Updater Version found : 6.12.0
2024-08-09 16:55:07,405 [INFO] ApplicationProperties:184 - Using Application install path: C:\ST\STM32CubeIDE_1.14.0\STM32CubeIDE\plugins\com.st.stm32cube.common.mx_6.12.0.202406281431
2024-08-09 16:55:08,775 [INFO] ThirdPartyUpdaterWithRetryManager:70 - Updater plugin not ready yet. [3/15]
2024-08-09 16:55:09,004 [ERROR] LogOutputStream:75 - [STDERR_REDIRECT] Aug 09, 2024 4:55:08 PM java.util.prefs.WindowsPreferences <init>
2024-08-09 16:55:09,010 [ERROR] LogOutputStream:75 - [STDERR_REDIRECT] WARNING: Could not open/create prefs root node Software\JavaSoft\Prefs at root 0xffffffff80000002. Windows RegCreateKeyEx(...) returned error code 5.
2024-08-09 16:55:09,011 [ERROR] LogOutputStream:75 - [STDERR_REDIRECT] 
2024-08-09 16:55:10,034 [INFO] MainUpdater:2873 - connection check result : 10
2024-08-09 16:55:10,036 [INFO] MainUpdater:290 - Updater Check For Update Now.
2024-08-09 16:55:10,036 [INFO] MicroXplorer:498 - Change Database Version : DB.6.0.120
2024-08-09 16:55:10,232 [INFO] McuFinderGlobals:63 - Set McuFinder mode to 2 (CubeIDE integrated)
2024-08-09 16:55:10,233 [INFO] UserAuth:179 - activating auth plugin
2024-08-09 16:55:10,275 [INFO] UserAuth:417 - Internet connection configuration mode: 1
2024-08-09 16:55:10,342 [INFO] JxBrowserEngine:152 - Initiate JxBrowser Engine with user profile folder
2024-08-09 16:55:10,420 [INFO] CheckServerUpdateThread:120 - End of CheckServer Thread
2024-08-09 16:55:12,703 [WARN] PackLoader:240 - Cannot read IP mode file for STMicroelectronics.FP-SNS-MOTENVWB1.1.4.0
2024-08-09 16:55:12,780 [WARN] PackLoader:240 - Cannot read IP mode file for STMicroelectronics.X-CUBE-SMBUS.2.1.0
2024-08-09 16:55:12,831 [WARN] PackLoader:240 - Cannot read IP mode file for STMicroelectronics.X-CUBE-TOUCHGFX.4.23.1
2024-08-09 16:55:12,852 [WARN] PackLoader:240 - Cannot read IP mode file for STMicroelectronics.X-CUBE-TOUCHGFX.4.23.0
2024-08-09 16:55:12,880 [WARN] PackLoader:240 - Cannot read IP mode file for STMicroelectronics.X-CUBE-TOUCHGFX.4.23.2
2024-08-09 16:55:12,987 [WARN] PackLoader:240 - Cannot read IP mode file for STMicroelectronics.X-CUBE-AZRTOS-F7.1.1.0
2024-08-09 16:55:13,082 [WARN] PackLoader:240 - Cannot read IP mode file for STMicroelectronics.FP-SNS-MOTENV1.4.3.2
2024-08-09 16:55:13,141 [WARN] PackLoader:240 - Cannot read IP mode file for STMicroelectronics.FP-SNS-FLIGHT1.5.0.2
2024-08-09 16:55:13,200 [WARN] PackLoader:240 - Cannot read IP mode file for STMicroelectronics.X-CUBE-DISPLAY.3.0.0
2024-08-09 16:55:13,261 [WARN] PackLoader:240 - Cannot read IP mode file for STMicroelectronics.X-CUBE-BLE1.7.0.0
2024-08-09 16:55:13,306 [WARN] PackLoader:240 - Cannot read IP mode file for emotas.I-CUBE-CANOPEN.1.3.0
2024-08-09 16:55:13,364 [WARN] PackLoader:240 - Cannot read IP mode file for STMicroelectronics.X-CUBE-BLEMGR.3.1.0
2024-08-09 16:55:13,403 [WARN] PackLoader:240 - Cannot read IP mode file for STMicroelectronics.FP-SNS-SMARTAG2.1.2.0
2024-08-09 16:55:13,453 [INFO] LogOutputStream:77 - [STDOUT_REDIRECT] 1 : Invalid condition id : UX_CORESTACK_Condition cause : null
2024-08-09 16:55:13,467 [INFO] LogOutputStream:77 - [STDOUT_REDIRECT] 1 : Invalid condition id : UX_CORESTACK_Condition cause : null
2024-08-09 16:55:13,475 [INFO] LogOutputStream:77 - [STDOUT_REDIRECT] 1 : Invalid condition id : UX_CORESTACK_Condition cause : null
2024-08-09 16:55:13,478 [INFO] LogOutputStream:77 - [STDOUT_REDIRECT] 1 : Invalid condition id : UX_CORESTACK_Condition cause : null
2024-08-09 16:55:13,482 [INFO] LogOutputStream:77 - [STDOUT_REDIRECT] 1 : Invalid condition id : UX_CORESTACK_Condition cause : null
2024-08-09 16:55:13,490 [WARN] PackLoader:240 - Cannot read IP mode file for STMicroelectronics.X-CUBE-AZRTOS-WL.2.0.0
2024-08-09 16:55:13,533 [WARN] PackLoader:240 - Cannot read IP mode file for STMicroelectronics.FP-SNS-MOTENV1.5.0.0
2024-08-09 16:55:13,570 [WARN] PackLoader:240 - Cannot read IP mode file for wolfSSL.I-CUBE-wolfMQTT.1.19.0
2024-08-09 16:55:13,608 [WARN] PackLoader:240 - Cannot read IP mode file for WES.I-CUBE-Cesium.1.3.0
2024-08-09 16:55:13,650 [WARN] PackLoader:240 - Cannot read IP mode file for STMicroelectronics.X-CUBE-BLE2.3.3.0
2024-08-09 16:55:13,689 [WARN] PackLoader:240 - Cannot read IP mode file for STMicroelectronics.X-CUBE-TCPP.4.1.0
2024-08-09 16:55:13,739 [WARN] PackLoader:240 - Cannot read IP mode file for STMicroelectronics.X-CUBE-ALGOBUILD.1.3.0
2024-08-09 16:55:13,814 [WARN] PackLoader:240 - Cannot read IP mode file for STMicroelectronics.X-CUBE-AZRTOS-G0.1.1.0
2024-08-09 16:55:13,885 [WARN] PackLoader:240 - Cannot read IP mode file for STMicroelectronics.X-CUBE-SAFEA1.1.2.2
2024-08-09 16:55:13,921 [WARN] PackLoader:240 - Cannot read IP mode file for STMicroelectronics.X-CUBE-NFC4.3.0.0
2024-08-09 16:55:13,966 [WARN] PackLoader:240 - Cannot read IP mode file for EmbeddedOffice.I-CUBE-FS-RTOS.1.0.1
2024-08-09 16:55:13,967 [ERROR] ConditionMgr:805 - Attr not supported : Dmpu
2024-08-09 16:55:13,967 [ERROR] ConditionMgr:805 - Attr not supported : Dmpu
2024-08-09 16:55:13,967 [ERROR] ConditionMgr:805 - Attr not supported : Dmpu
2024-08-09 16:55:13,967 [ERROR] ConditionMgr:805 - Attr not supported : Dmpu
2024-08-09 16:55:13,967 [ERROR] ConditionMgr:805 - Attr not supported : Dmpu
2024-08-09 16:55:13,968 [ERROR] ConditionMgr:805 - Attr not supported : Dmpu
2024-08-09 16:55:13,968 [ERROR] ConditionMgr:805 - Attr not supported : Dmpu
2024-08-09 16:55:13,968 [ERROR] ConditionMgr:805 - Attr not supported : Dmpu
2024-08-09 16:55:13,968 [ERROR] ConditionMgr:805 - Attr not supported : Dmpu
2024-08-09 16:55:13,968 [ERROR] ConditionMgr:805 - Attr not supported : Dmpu
2024-08-09 16:55:13,968 [ERROR] ConditionMgr:805 - Attr not supported : Dmpu
2024-08-09 16:55:13,968 [ERROR] ConditionMgr:805 - Attr not supported : Dmpu
2024-08-09 16:55:13,968 [ERROR] ConditionMgr:805 - Attr not supported : Dmpu
2024-08-09 16:55:13,968 [ERROR] ConditionMgr:805 - Attr not supported : Dmpu
2024-08-09 16:55:13,968 [ERROR] ConditionMgr:805 - Attr not supported : Dmpu
2024-08-09 16:55:13,969 [ERROR] ConditionMgr:805 - Attr not supported : Dmpu
2024-08-09 16:55:13,969 [ERROR] ConditionMgr:805 - Attr not supported : Dmpu
2024-08-09 16:55:13,969 [ERROR] ConditionMgr:805 - Attr not supported : Dmpu
2024-08-09 16:55:13,970 [ERROR] ConditionMgr:805 - Attr not supported : Dmpu
2024-08-09 16:55:13,970 [ERROR] ConditionMgr:805 - Attr not supported : Dmpu
2024-08-09 16:55:13,970 [ERROR] ConditionMgr:805 - Attr not supported : Dmpu
2024-08-09 16:55:13,970 [ERROR] ConditionMgr:805 - Attr not supported : Dmpu
2024-08-09 16:55:13,970 [ERROR] ConditionMgr:805 - Attr not supported : Dmpu
2024-08-09 16:55:13,970 [ERROR] ConditionMgr:805 - Attr not supported : Dmpu
2024-08-09 16:55:13,970 [ERROR] ConditionMgr:805 - Attr not supported : Dmpu
2024-08-09 16:55:13,970 [ERROR] ConditionMgr:805 - Attr not supported : Dmpu
2024-08-09 16:55:13,972 [ERROR] ConditionMgr:805 - Attr not supported : Dmpu
2024-08-09 16:55:13,972 [ERROR] ConditionMgr:805 - Attr not supported : Dmpu
2024-08-09 16:55:13,972 [ERROR] ConditionMgr:805 - Attr not supported : Dmpu
2024-08-09 16:55:13,973 [ERROR] ConditionMgr:805 - Attr not supported : Dmpu
2024-08-09 16:55:13,973 [ERROR] ConditionMgr:805 - Attr not supported : Dmpu
2024-08-09 16:55:13,973 [ERROR] ConditionMgr:805 - Attr not supported : Dmpu
2024-08-09 16:55:13,973 [ERROR] ConditionMgr:805 - Attr not supported : Dmpu
2024-08-09 16:55:13,973 [ERROR] ConditionMgr:805 - Attr not supported : Dmpu
2024-08-09 16:55:13,974 [ERROR] ConditionMgr:805 - Attr not supported : Dmpu
2024-08-09 16:55:13,974 [ERROR] ConditionMgr:805 - Attr not supported : Dmpu
2024-08-09 16:55:13,974 [ERROR] ConditionMgr:805 - Attr not supported : Dmpu
2024-08-09 16:55:13,974 [ERROR] ConditionMgr:805 - Attr not supported : Dmpu
2024-08-09 16:55:13,974 [ERROR] ConditionMgr:805 - Attr not supported : Dmpu
2024-08-09 16:55:13,974 [ERROR] ConditionMgr:805 - Attr not supported : Dmpu
2024-08-09 16:55:13,974 [ERROR] ConditionMgr:805 - Attr not supported : Dmpu
2024-08-09 16:55:13,974 [ERROR] ConditionMgr:805 - Attr not supported : Dmpu
2024-08-09 16:55:13,975 [ERROR] ConditionMgr:805 - Attr not supported : Dmpu
2024-08-09 16:55:13,975 [ERROR] ConditionMgr:805 - Attr not supported : Dmpu
2024-08-09 16:55:13,975 [ERROR] ConditionMgr:805 - Attr not supported : Dmpu
2024-08-09 16:55:13,975 [ERROR] ConditionMgr:805 - Attr not supported : Dmpu
2024-08-09 16:55:13,975 [ERROR] ConditionMgr:805 - Attr not supported : Dmpu
2024-08-09 16:55:13,975 [ERROR] ConditionMgr:805 - Attr not supported : Dmpu
2024-08-09 16:55:13,975 [ERROR] ConditionMgr:805 - Attr not supported : Dmpu
2024-08-09 16:55:13,975 [ERROR] ConditionMgr:805 - Attr not supported : Dmpu
2024-08-09 16:55:13,976 [ERROR] ConditionMgr:805 - Attr not supported : Dmpu
2024-08-09 16:55:13,976 [ERROR] ConditionMgr:805 - Attr not supported : Dmpu
2024-08-09 16:55:13,976 [ERROR] ConditionMgr:805 - Attr not supported : Dmpu
2024-08-09 16:55:13,976 [ERROR] ConditionMgr:805 - Attr not supported : Dmpu
2024-08-09 16:55:13,976 [ERROR] ConditionMgr:805 - Attr not supported : Dmpu
2024-08-09 16:55:13,976 [ERROR] ConditionMgr:805 - Attr not supported : Dmpu
2024-08-09 16:55:13,976 [ERROR] ConditionMgr:805 - Attr not supported : Dmpu
2024-08-09 16:55:13,976 [ERROR] ConditionMgr:805 - Attr not supported : Dmpu
2024-08-09 16:55:13,976 [ERROR] ConditionMgr:805 - Attr not supported : Dmpu
2024-08-09 16:55:13,976 [ERROR] ConditionMgr:805 - Attr not supported : Dmpu
2024-08-09 16:55:13,977 [ERROR] ConditionMgr:805 - Attr not supported : Dmpu
2024-08-09 16:55:13,977 [ERROR] ConditionMgr:805 - Attr not supported : Dmpu
2024-08-09 16:55:13,977 [ERROR] ConditionMgr:805 - Attr not supported : Dmpu
2024-08-09 16:55:13,977 [ERROR] ConditionMgr:805 - Attr not supported : Dmpu
2024-08-09 16:55:14,028 [WARN] PackLoader:240 - Cannot read IP mode file for RealThread.X-CUBE-RT-Thread_Nano.4.1.1
2024-08-09 16:55:14,070 [WARN] PackLoader:240 - Cannot read IP mode file for STMicroelectronics.FP-ATR-SIGFOX1.3.2.0
2024-08-09 16:55:14,098 [WARN] PackLoader:240 - Cannot read IP mode file for STMicroelectronics.X-CUBE-EEPRMA1.5.1.0
2024-08-09 16:55:14,505 [WARN] PackLoader:240 - Cannot read IP mode file for SEGGER.I-CUBE-embOS.1.3.1
2024-08-09 16:55:14,726 [WARN] PackLoader:240 - Cannot read IP mode file for STMicroelectronics.X-CUBE-ALGOBUILD.1.4.0
2024-08-09 16:55:14,769 [WARN] PackLoader:240 - Cannot read IP mode file for STMicroelectronics.X-CUBE-GNSS1.6.0.0
2024-08-09 16:55:15,017 [WARN] PackLoader:240 - Cannot read IP mode file for STMicroelectronics.X-CUBE-AZRTOS-F4.1.1.0
2024-08-09 16:55:15,093 [WARN] PackLoader:240 - Cannot read IP mode file for STMicroelectronics.X-CUBE-FREERTOS.1.2.0
2024-08-09 16:55:15,144 [WARN] PackLoader:240 - Cannot read IP mode file for wolfSSL.I-CUBE-wolfSSL.5.6.6
2024-08-09 16:55:15,217 [WARN] PackLoader:240 - Cannot read IP mode file for STMicroelectronics.X-CUBE-AZRTOS-L5.2.0.0
2024-08-09 16:55:15,260 [WARN] PackLoader:240 - Cannot read IP mode file for STMicroelectronics.X-CUBE-NFC6.3.1.0
2024-08-09 16:55:15,305 [WARN] PackLoader:240 - Cannot read IP mode file for ITTIA_DB.I-CUBE-ITTIADB.8.8.0
2024-08-09 16:55:15,329 [WARN] PackLoader:240 - Cannot read IP mode file for STMicroelectronics.X-CUBE-DPower.1.2.0
2024-08-09 16:55:15,351 [WARN] PackLoader:240 - Cannot read IP mode file for STMicroelectronics.X-CUBE-AI.9.0.0
2024-08-09 16:55:15,399 [WARN] PackLoader:240 - Cannot read IP mode file for STMicroelectronics.X-CUBE-NFC7.1.0.1
2024-08-09 16:55:15,429 [WARN] PackLoader:240 - Cannot read IP mode file for wolfSSL.I-CUBE-wolfTPM.3.2.0
2024-08-09 16:55:15,506 [WARN] PackLoader:240 - Cannot read IP mode file for STMicroelectronics.X-CUBE-NFC6.3.0.0
2024-08-09 16:55:15,707 [WARN] PackLoader:240 - Cannot read IP mode file for STMicroelectronics.X-CUBE-AI.8.1.0
2024-08-09 16:55:15,928 [WARN] ConditionMgr:438 - getConditionDescription Invalid condition id : LAN8742 Phy interface Condition cause : null
2024-08-09 16:55:15,929 [WARN] PackLoader:240 - Cannot read IP mode file for STMicroelectronics.X-CUBE-AZRTOS-L4.2.0.0
2024-08-09 16:55:15,931 [WARN] ConditionMgr:1039 - genDependencies : Invalid condition id : LAN8742 Phy interface Condition cause : null
2024-08-09 16:55:15,931 [WARN] ConditionMgr:1039 - genDependencies : Invalid condition id : LAN8742 Phy interface Condition cause : null
2024-08-09 16:55:15,932 [WARN] ConditionMgr:1039 - genDependencies : Invalid condition id : LAN8742 Phy interface Condition cause : null
2024-08-09 16:55:16,018 [WARN] PackLoader:240 - Cannot read IP mode file for STMicroelectronics.X-CUBE-SFXS2LP1.4.0.0
2024-08-09 16:55:16,076 [WARN] ConditionMgr:438 - getConditionDescription Invalid condition id : UX DEVICE CLASS RTOS Condition cause : null
2024-08-09 16:55:16,076 [WARN] ConditionMgr:438 - getConditionDescription Invalid condition id : UX DEVICE CLASS RTOS Condition cause : null
2024-08-09 16:55:16,079 [WARN] PackLoader:240 - Cannot read IP mode file for STMicroelectronics.X-CUBE-AZRTOS-WB.2.0.0
2024-08-09 16:55:16,080 [WARN] ConditionMgr:1039 - genDependencies : Invalid condition id : UX DEVICE CLASS RTOS Condition cause : null
2024-08-09 16:55:16,081 [WARN] ConditionMgr:1039 - genDependencies : Invalid condition id : UX DEVICE CLASS RTOS Condition cause : null
2024-08-09 16:55:16,083 [WARN] ConditionMgr:1039 - genDependencies : Invalid condition id : UX DEVICE CLASS RTOS Condition cause : null
2024-08-09 16:55:16,085 [WARN] ConditionMgr:1039 - genDependencies : Invalid condition id : UX DEVICE CLASS RTOS Condition cause : null
2024-08-09 16:55:16,086 [WARN] ConditionMgr:1039 - genDependencies : Invalid condition id : UX DEVICE CLASS RTOS Condition cause : null
2024-08-09 16:55:16,124 [WARN] PackLoader:240 - Cannot read IP mode file for STMicroelectronics.FP-SNS-STBOX1.2.0.0
2024-08-09 16:55:16,165 [WARN] PackLoader:240 - Cannot read IP mode file for STMicroelectronics.X-CUBE-SUBG2.5.0.0
2024-08-09 16:55:16,222 [WARN] PackLoader:240 - Cannot read IP mode file for STMicroelectronics.X-CUBE-AZRTOS-G4.2.0.0
2024-08-09 16:55:16,310 [WARN] PackLoader:240 - Cannot read IP mode file for Infineon.AIROC-Wi-Fi-Bluetooth-STM32.1.5.1
2024-08-09 16:55:16,364 [WARN] PackLoader:240 - Cannot read IP mode file for STMicroelectronics.FP-SNS-MOTENVWB1.1.3.1
2024-08-09 16:55:16,389 [WARN] PackLoader:240 - Cannot read IP mode file for STMicroelectronics.X-CUBE-ISPU.2.0.0
2024-08-09 16:55:16,414 [WARN] PackLoader:240 - Cannot read IP mode file for STMicroelectronics.X-CUBE-ALS.1.0.2
2024-08-09 16:55:16,530 [WARN] PackLoader:240 - Cannot read IP mode file for STMicroelectronics.X-CUBE-MEMS1.10.0.0
2024-08-09 16:55:17,087 [WARN] PackLoader:240 - Cannot read IP mode file for STMicroelectronics.X-CUBE-FREERTOS.1.1.0
2024-08-09 16:55:17,218 [WARN] PackLoader:240 - Cannot read IP mode file for STMicroelectronics.X-CUBE-TOUCHGFX.4.24.0
2024-08-09 16:55:17,276 [WARN] PackLoader:240 - Cannot read IP mode file for portGmbH.I-Cube-SoM-uGOAL.1.1.0
2024-08-09 16:55:17,304 [WARN] PackLoader:240 - Cannot read IP mode file for STMicroelectronics.X-CUBE-ALS.1.0.1
2024-08-09 16:55:17,420 [WARN] PackLoader:240 - Cannot read IP mode file for STMicroelectronics.X-CUBE-AZRTOS-H7RS.1.0.0
2024-08-09 16:55:17,485 [WARN] PackLoader:240 - Cannot read IP mode file for STMicroelectronics.FP-ATR-ASTRA1.2.0.0
2024-08-09 16:55:17,558 [WARN] PackLoader:240 - Cannot read IP mode file for STMicroelectronics.X-CUBE-TOF1.3.4.2
2024-08-09 16:55:17,619 [WARN] PackLoader:240 - Cannot read IP mode file for STMicroelectronics.X-CUBE-TOF1.3.4.0
2024-08-09 16:55:17,712 [WARN] PackLoader:240 - Cannot read IP mode file for STMicroelectronics.X-CUBE-TOF1.3.4.1
2024-08-09 16:55:17,781 [WARN] PackLoader:240 - Cannot read IP mode file for STMicroelectronics.X-CUBE-AZRTOS-H7.3.2.0
2024-08-09 16:55:17,808 [WARN] PackLoader:240 - Cannot read IP mode file for wolfSSL.I-CUBE-wolfSSH.1.4.17
2024-08-09 16:55:17,809 [INFO] ThirdParty:978 - Integrity check success = true
2024-08-09 16:55:17,809 [INFO] IntegrityCheckThread:100 - exiting critical section [integrity check]
2024-08-09 16:55:17,809 [INFO] IntegrityCheckThread:103 - End integrity checks thread
2024-08-09 16:55:19,056 [INFO] WebApp:167 - Instantiating new browser for Auth
2024-08-09 16:55:21,966 [INFO] WebApp:448 - Apply proxy settings
2024-08-09 16:55:21,966 [INFO] WebApp:533 - Chromium requires no authentication
2024-08-09 16:55:21,980 [INFO] WebApp:476 - Direct internet connection detected
2024-08-09 16:55:22,032 [INFO] WebApp:869 - Register for checkConnection events
2024-08-09 16:55:22,032 [INFO] WebApp:448 - Apply proxy settings
2024-08-09 16:55:22,032 [INFO] WebApp:533 - Chromium requires no authentication
2024-08-09 16:55:22,035 [INFO] WebApp:476 - Direct internet connection detected
2024-08-09 16:55:22,478 [INFO] WebApp:220 - Starting web application
2024-08-09 16:55:22,478 [INFO] WebApp:578 - Web application path used C:\ST\STM32CubeIDE_1.14.0\STM32CubeIDE\plugins\com.st.stm32cube.common.mx_6.12.0.202406281431\db\plugins\mcufinder\reactClient1\index.html
2024-08-09 16:55:23,457 [INFO] WebApp:186 - Connection restablished
2024-08-09 17:34:38,095 [ERROR] LogOutputStream:75 - [STDERR_REDIRECT] 
2024-08-09 17:34:38,101 [ERROR] LogOutputStream:75 - [STDERR_REDIRECT] 
