2024-06-10 10:45:57,674 [INFO] Activator:176 - 


2024-06-10 10:45:57,684 [INFO] Activator:177 - !SESSION log4j initialized
2024-06-10 10:46:08,549 [INFO] LogOutputStream:77 - [STDOUT_REDIRECT] 
2024-06-10 10:46:11,045 [INFO] ApplicationProperties:184 - Using Application install path: C:\ST\STM32CubeIDE_1.14.0\STM32CubeIDE\plugins\com.st.stm32cube.common.mx_6.10.0.202311202037
2024-06-10 10:46:11,077 [INFO] DbMcusXml:78 - Set database path to: C:\ST\STM32CubeIDE_1.14.0\STM32CubeIDE\plugins\com.st.stm32cube.common.mx_6.10.0.202311202037\\db\/mcu/
2024-06-10 10:46:11,078 [INFO] ApiDb:274 - Set plugin database path to: C:\ST\STM32CubeIDE_1.14.0\STM32CubeIDE\plugins\com.st.stm32cube.common.mx_6.10.0.202311202037\\db\/plugins/boardmanager/
2024-06-10 10:46:11,079 [WARN] ApiDb:259 - Overriding images path with different value:  => C:\ST\STM32CubeIDE_1.14.0\STM32CubeIDE\plugins\com.st.stm32cube.common.mx_6.10.0.202311202037\\db\/plugins/mcufinder/images/
2024-06-10 10:46:11,091 [INFO] ApiDb:250 - Set database path to: C:\Users\RND_220516\.stmcufinder\plugins\mcufinder//mcu/
2024-06-10 10:46:11,093 [INFO] DbMcusAds:125 - Set database path to: C:\Users\RND_220516\.stmcufinder\plugins\mcufinder//mcu/
2024-06-10 10:46:11,096 [INFO] CrossReferenceDbSqlite:203 - Set database path to: C:\Users\RND_220516\.stmcufinder\plugins\mcufinder//mcu/cs/
2024-06-10 10:46:11,321 [INFO] RulesReader:64 - Compatibility file has been processed (297 Rules)
2024-06-10 10:46:11,478 [INFO] DbMcusXml:78 - Set database path to: C:\ST\STM32CubeIDE_1.14.0\STM32CubeIDE\plugins\com.st.stm32cube.common.mx_6.10.0.202311202037\\db\/mcu/
2024-06-10 10:46:11,479 [INFO] ApiDb:274 - Set plugin database path to: C:\ST\STM32CubeIDE_1.14.0\STM32CubeIDE\plugins\com.st.stm32cube.common.mx_6.10.0.202311202037\\db\/plugins/boardmanager/
2024-06-10 10:46:11,479 [INFO] ApiDb:261 - Set plugin images path to: C:\ST\STM32CubeIDE_1.14.0\STM32CubeIDE\plugins\com.st.stm32cube.common.mx_6.10.0.202311202037\\db\/plugins/mcufinder/images/
2024-06-10 10:46:11,479 [WARN] DbFile:41 - Overriding database path with different value: C:\Users\RND_220516\.stmcufinder\plugins\mcufinder/ => C:\Users\RND_220516\.stmcufinder\plugins\mcufinder
2024-06-10 10:46:11,480 [INFO] ApiDb:250 - Set database path to: C:\Users\RND_220516\.stmcufinder\plugins\mcufinder//mcu/
2024-06-10 10:46:11,480 [WARN] DbFile:41 - Overriding database path with different value: C:\Users\RND_220516\.stmcufinder\plugins\mcufinder/ => C:\Users\RND_220516\.stmcufinder\plugins\mcufinder
2024-06-10 10:46:11,480 [INFO] DbMcusAds:125 - Set database path to: C:\Users\RND_220516\.stmcufinder\plugins\mcufinder//mcu/
2024-06-10 10:46:11,480 [WARN] DbFile:41 - Overriding database path with different value: C:\Users\RND_220516\.stmcufinder\plugins\mcufinder/ => C:\Users\RND_220516\.stmcufinder\plugins\mcufinder
2024-06-10 10:46:11,480 [WARN] DbFile:41 - Overriding database path with different value: C:\Users\RND_220516\.stmcufinder\plugins\mcufinder/ => C:\Users\RND_220516\.stmcufinder\plugins\mcufinder
2024-06-10 10:46:11,481 [INFO] CrossReferenceDbSqlite:203 - Set database path to: C:\Users\RND_220516\.stmcufinder\plugins\mcufinder//mcu/cs/
2024-06-10 10:46:11,617 [INFO] MainPanel:264 - HeapMemory: 268435456
2024-06-10 10:46:11,767 [INFO] DbMcusXml:78 - Set database path to: C:\ST\STM32CubeIDE_1.14.0\STM32CubeIDE\plugins\com.st.stm32cube.common.mx_6.10.0.202311202037\\db\/mcu/
2024-06-10 10:46:11,767 [INFO] ApiDb:274 - Set plugin database path to: C:\ST\STM32CubeIDE_1.14.0\STM32CubeIDE\plugins\com.st.stm32cube.common.mx_6.10.0.202311202037\\db\/plugins/boardmanager/
2024-06-10 10:46:11,767 [INFO] ApiDb:261 - Set plugin images path to: C:\ST\STM32CubeIDE_1.14.0\STM32CubeIDE\plugins\com.st.stm32cube.common.mx_6.10.0.202311202037\\db\/plugins/mcufinder/images/
2024-06-10 10:46:11,767 [WARN] DbFile:41 - Overriding database path with different value: C:\Users\RND_220516\.stmcufinder\plugins\mcufinder/ => C:\Users\RND_220516\.stmcufinder\plugins\mcufinder
2024-06-10 10:46:11,768 [INFO] ApiDb:250 - Set database path to: C:\Users\RND_220516\.stmcufinder\plugins\mcufinder//mcu/
2024-06-10 10:46:11,768 [WARN] DbFile:41 - Overriding database path with different value: C:\Users\RND_220516\.stmcufinder\plugins\mcufinder/ => C:\Users\RND_220516\.stmcufinder\plugins\mcufinder
2024-06-10 10:46:11,768 [INFO] DbMcusAds:125 - Set database path to: C:\Users\RND_220516\.stmcufinder\plugins\mcufinder//mcu/
2024-06-10 10:46:11,768 [WARN] DbFile:41 - Overriding database path with different value: C:\Users\RND_220516\.stmcufinder\plugins\mcufinder/ => C:\Users\RND_220516\.stmcufinder\plugins\mcufinder
2024-06-10 10:46:11,769 [WARN] DbFile:41 - Overriding database path with different value: C:\Users\RND_220516\.stmcufinder\plugins\mcufinder/ => C:\Users\RND_220516\.stmcufinder\plugins\mcufinder
2024-06-10 10:46:11,769 [INFO] CrossReferenceDbSqlite:203 - Set database path to: C:\Users\RND_220516\.stmcufinder\plugins\mcufinder//mcu/cs/
2024-06-10 10:46:11,796 [INFO] ApplicationProperties:184 - Using Application install path: C:\ST\STM32CubeIDE_1.14.0\STM32CubeIDE\plugins\com.st.stm32cube.common.mx_6.10.0.202311202037
2024-06-10 10:46:11,799 [INFO] PluginManage:196 - Search for loadable plugins [exclusion list=, ]
2024-06-10 10:46:11,801 [INFO] PluginManage:310 - Check plugin analytics
2024-06-10 10:46:12,079 [INFO] AnalyticsPlugin:253 - Accepted Software Licenses: 
2024-06-10 10:46:12,079 [INFO] AnalyticsPlugin:255 - Accepted CMSIS Pack Licenses: 
2024-06-10 10:46:12,080 [INFO] AnalyticsPlugin:257 - Accepted Firmware Licenses: FW.F4.1.28.0,FW.F4.1.27.0
2024-06-10 10:46:12,084 [INFO] PluginManage:359 - Loaded plugin analytics (category:tool,tabindex:-1)
2024-06-10 10:46:12,084 [INFO] PluginManage:310 - Check plugin cadmodel
2024-06-10 10:46:12,114 [INFO] CADModel:105 - Init CAD model plugin
2024-06-10 10:46:12,114 [INFO] PluginManage:359 - Loaded plugin cadmodel (category:power,tabindex:5)
2024-06-10 10:46:12,115 [INFO] PluginManage:310 - Check plugin clock
2024-06-10 10:46:12,150 [INFO] PluginManage:359 - Loaded plugin clock (category:base,tabindex:2)
2024-06-10 10:46:12,150 [INFO] PluginManage:310 - Check plugin ddr
2024-06-10 10:46:12,155 [INFO] PluginManage:359 - Loaded plugin ddr (category:tool,tabindex:6)
2024-06-10 10:46:12,156 [INFO] PluginManage:310 - Check plugin filemanager
2024-06-10 10:46:12,442 [INFO] PluginManage:359 - Loaded plugin filemanager (category:base,tabindex:10)
2024-06-10 10:46:12,442 [INFO] PluginManage:310 - Check plugin ipmanager
2024-06-10 10:46:12,455 [INFO] PluginManage:359 - Loaded plugin ipmanager (category:base,tabindex:5)
2024-06-10 10:46:12,455 [INFO] PluginManage:310 - Check plugin lpbam
2024-06-10 10:46:12,480 [INFO] PluginManage:359 - Loaded plugin lpbam (category:base,tabindex:0)
2024-06-10 10:46:12,480 [INFO] PluginManage:310 - Check plugin memorymap
2024-06-10 10:46:12,514 [INFO] PluginManage:359 - Loaded plugin memorymap (category:base,tabindex:4)
2024-06-10 10:46:12,515 [INFO] PluginManage:310 - Check plugin pinoutandconfiguration
2024-06-10 10:46:12,546 [INFO] PluginManage:359 - Loaded plugin pinoutandconfiguration (category:base,tabindex:1)
2024-06-10 10:46:12,546 [INFO] PluginManage:310 - Check plugin pinoutconfig
2024-06-10 10:46:12,697 [WARN] SupportedApi:132 - Cannot load RTOS API schema: s4s-elt-must-match.1: The content of 'definitions' must match (annotation?, (simpleType | complexType)?, (unique | key | keyref)*)). A problem was found starting at: attribute.
2024-06-10 10:46:12,938 [INFO] PluginManage:359 - Loaded plugin pinoutconfig (category:base,tabindex:0)
2024-06-10 10:46:12,938 [INFO] PluginManage:310 - Check plugin power
2024-06-10 10:46:12,977 [INFO] PluginManage:359 - Loaded plugin power (category:power,tabindex:4)
2024-06-10 10:46:12,977 [INFO] PluginManage:310 - Check plugin projectmanager
2024-06-10 10:46:13,008 [INFO] PluginManage:359 - Loaded plugin projectmanager (category:projectmanager,tabindex:3)
2024-06-10 10:46:13,008 [INFO] PluginManage:310 - Check plugin thirdparty
2024-06-10 10:46:13,458 [INFO] PluginManage:359 - Loaded plugin thirdparty (category:base,tabindex:-1)
2024-06-10 10:46:13,457 [WARN] IntegrityCheckThread:84 - waiting for thirdparty lock release [integrity check]
2024-06-10 10:46:13,458 [INFO] PluginManage:310 - Check plugin tools
2024-06-10 10:46:13,458 [INFO] IntegrityCheckThread:86 - entering critical section [integrity check]
2024-06-10 10:46:13,459 [INFO] ThirdPartyUpdaterWithRetryManager:70 - Updater plugin not ready yet. [1/15]
2024-06-10 10:46:13,512 [INFO] PluginManage:359 - Loaded plugin tools (category:base,tabindex:7)
2024-06-10 10:46:13,512 [INFO] PluginManage:310 - Check plugin tutovideos
2024-06-10 10:46:13,852 [INFO] PluginManage:359 - Loaded plugin tutovideos (category:base,tabindex:-1)
2024-06-10 10:46:13,852 [INFO] PluginManage:310 - Check plugin updater
2024-06-10 10:46:13,874 [INFO] PluginManage:359 - Loaded plugin updater (category:base,tabindex:12)
2024-06-10 10:46:13,874 [INFO] PluginManage:310 - Check plugin userauth
2024-06-10 10:46:13,882 [INFO] UserAuth:114 - Init User Auth plugin
2024-06-10 10:46:13,882 [INFO] PluginManage:359 - Loaded plugin userauth (category:base,tabindex:14)
2024-06-10 10:46:13,883 [INFO] PluginManage:283 - PluginManage : Loaded plugins [17]
2024-06-10 10:46:14,226 [INFO] PinOutPanel:1499 - setPackage(No Configuration,No Configuration)
2024-06-10 10:46:14,331 [INFO] CADModel:165 - CPN selected for project level
2024-06-10 10:46:14,331 [INFO] CADModel:114 - Register for checkConnection events
2024-06-10 10:46:14,365 [INFO] IPUIPlugin:80 - create IPUIPlugin
2024-06-10 10:46:14,365 [INFO] PluginManager:220 - loadIPPluginJar : add adc
2024-06-10 10:46:14,411 [INFO] IPUIPlugin:80 - create IPUIPlugin
2024-06-10 10:46:14,411 [INFO] PluginManager:220 - loadIPPluginJar : add aes
2024-06-10 10:46:14,463 [INFO] IPUIPlugin:80 - create IPUIPlugin
2024-06-10 10:46:14,463 [INFO] PluginManager:220 - loadIPPluginJar : add can
2024-06-10 10:46:14,492 [INFO] IPUIPlugin:80 - create IPUIPlugin
2024-06-10 10:46:14,492 [INFO] PluginManager:220 - loadIPPluginJar : add comp
2024-06-10 10:46:14,533 [INFO] IPUIPlugin:80 - create IPUIPlugin
2024-06-10 10:46:14,533 [INFO] PluginManager:220 - loadIPPluginJar : add cryp
2024-06-10 10:46:14,573 [INFO] IPUIPlugin:80 - create IPUIPlugin
2024-06-10 10:46:14,573 [INFO] PluginManager:220 - loadIPPluginJar : add dfsdm
2024-06-10 10:46:14,591 [INFO] IPUIPlugin:80 - create IPUIPlugin
2024-06-10 10:46:14,591 [INFO] PluginManager:220 - loadIPPluginJar : add dma
2024-06-10 10:46:14,646 [INFO] IPUIPlugin:80 - create IPUIPlugin
2024-06-10 10:46:14,646 [INFO] PluginManager:220 - loadIPPluginJar : add dma3
2024-06-10 10:46:14,672 [INFO] IPUIPlugin:80 - create IPUIPlugin
2024-06-10 10:46:14,672 [INFO] PluginManager:220 - loadIPPluginJar : add fatfs
2024-06-10 10:46:14,730 [INFO] IPUIPlugin:80 - create IPUIPlugin
2024-06-10 10:46:14,730 [INFO] PluginManager:220 - loadIPPluginJar : add fmc
2024-06-10 10:46:14,748 [INFO] IPUIPlugin:80 - create IPUIPlugin
2024-06-10 10:46:14,749 [INFO] PluginManager:220 - loadIPPluginJar : add freertos
2024-06-10 10:46:14,774 [INFO] IPUIPlugin:80 - create IPUIPlugin
2024-06-10 10:46:14,774 [INFO] PluginManager:220 - loadIPPluginJar : add genericplugin
2024-06-10 10:46:14,895 [INFO] IPUIPlugin:80 - create IPUIPlugin
2024-06-10 10:46:14,895 [INFO] PluginManager:220 - loadIPPluginJar : add gfxmmu
2024-06-10 10:46:15,070 [INFO] IPUIPlugin:80 - create IPUIPlugin
2024-06-10 10:46:15,070 [INFO] PluginManager:220 - loadIPPluginJar : add gic
2024-06-10 10:46:15,085 [INFO] IPUIPlugin:80 - create IPUIPlugin
2024-06-10 10:46:15,086 [INFO] PluginManager:220 - loadIPPluginJar : add gpio
2024-06-10 10:46:15,199 [INFO] IPUIPlugin:80 - create IPUIPlugin
2024-06-10 10:46:15,199 [INFO] PluginManager:220 - loadIPPluginJar : add gtzc
2024-06-10 10:46:15,243 [INFO] IPUIPlugin:80 - create IPUIPlugin
2024-06-10 10:46:15,243 [INFO] PluginManager:220 - loadIPPluginJar : add hash
2024-06-10 10:46:15,313 [INFO] IPUIPlugin:80 - create IPUIPlugin
2024-06-10 10:46:15,313 [INFO] PluginManager:220 - loadIPPluginJar : add i2c
2024-06-10 10:46:15,361 [INFO] IPUIPlugin:80 - create IPUIPlugin
2024-06-10 10:46:15,361 [INFO] PluginManager:220 - loadIPPluginJar : add i2s
2024-06-10 10:46:15,412 [INFO] IPUIPlugin:80 - create IPUIPlugin
2024-06-10 10:46:15,413 [INFO] PluginManager:220 - loadIPPluginJar : add i3c
2024-06-10 10:46:15,541 [INFO] IPUIPlugin:80 - create IPUIPlugin
2024-06-10 10:46:15,542 [INFO] PluginManager:220 - loadIPPluginJar : add ipddr
2024-06-10 10:46:15,664 [INFO] IPUIPlugin:80 - create IPUIPlugin
2024-06-10 10:46:15,665 [INFO] PluginManager:220 - loadIPPluginJar : add linkedlist
2024-06-10 10:46:15,708 [INFO] IPUIPlugin:80 - create IPUIPlugin
2024-06-10 10:46:15,708 [INFO] PluginManager:220 - loadIPPluginJar : add lorawan
2024-06-10 10:46:15,754 [INFO] IPUIPlugin:80 - create IPUIPlugin
2024-06-10 10:46:15,754 [INFO] PluginManager:220 - loadIPPluginJar : add ltdc
2024-06-10 10:46:15,771 [INFO] IPUIPlugin:80 - create IPUIPlugin
2024-06-10 10:46:15,772 [INFO] PluginManager:220 - loadIPPluginJar : add mdma
2024-06-10 10:46:15,786 [INFO] IPUIPlugin:80 - create IPUIPlugin
2024-06-10 10:46:15,786 [INFO] PluginManager:220 - loadIPPluginJar : add nvic
2024-06-10 10:46:15,830 [INFO] IPUIPlugin:80 - create IPUIPlugin
2024-06-10 10:46:15,830 [INFO] PluginManager:220 - loadIPPluginJar : add opamp
2024-06-10 10:46:15,908 [INFO] IPUIPlugin:80 - create IPUIPlugin
2024-06-10 10:46:15,908 [INFO] PluginManager:220 - loadIPPluginJar : add openamp
2024-06-10 10:46:15,961 [INFO] IPUIPlugin:80 - create IPUIPlugin
2024-06-10 10:46:15,961 [INFO] PluginManager:220 - loadIPPluginJar : add pdm2pcm
2024-06-10 10:46:15,979 [INFO] IPUIPlugin:80 - create IPUIPlugin
2024-06-10 10:46:15,981 [INFO] PluginManager:220 - loadIPPluginJar : add plateformsettings
2024-06-10 10:46:16,008 [INFO] IPUIPlugin:80 - create IPUIPlugin
2024-06-10 10:46:16,009 [INFO] PluginManager:220 - loadIPPluginJar : add quadspi
2024-06-10 10:46:16,023 [INFO] IPUIPlugin:80 - create IPUIPlugin
2024-06-10 10:46:16,023 [INFO] PluginManager:220 - loadIPPluginJar : add resmgrutility
2024-06-10 10:46:16,083 [INFO] IPUIPlugin:80 - create IPUIPlugin
2024-06-10 10:46:16,083 [INFO] PluginManager:220 - loadIPPluginJar : add sai
2024-06-10 10:46:16,131 [INFO] IPUIPlugin:80 - create IPUIPlugin
2024-06-10 10:46:16,131 [INFO] PluginManager:220 - loadIPPluginJar : add spi
2024-06-10 10:46:16,216 [INFO] IPUIPlugin:80 - create IPUIPlugin
2024-06-10 10:46:16,216 [INFO] PluginManager:220 - loadIPPluginJar : add stm32_wpan
2024-06-10 10:46:16,244 [INFO] IPUIPlugin:80 - create IPUIPlugin
2024-06-10 10:46:16,244 [INFO] PluginManager:220 - loadIPPluginJar : add tim
2024-06-10 10:46:16,312 [INFO] IPUIPlugin:80 - create IPUIPlugin
2024-06-10 10:46:16,312 [INFO] PluginManager:220 - loadIPPluginJar : add touchsensing
2024-06-10 10:46:16,340 [INFO] IPUIPlugin:80 - create IPUIPlugin
2024-06-10 10:46:16,340 [INFO] PluginManager:220 - loadIPPluginJar : add tracer_emb
2024-06-10 10:46:16,368 [INFO] IPUIPlugin:80 - create IPUIPlugin
2024-06-10 10:46:16,368 [INFO] PluginManager:220 - loadIPPluginJar : add ts
2024-06-10 10:46:16,395 [INFO] IPUIPlugin:80 - create IPUIPlugin
2024-06-10 10:46:16,395 [INFO] PluginManager:220 - loadIPPluginJar : add tsc
2024-06-10 10:46:16,421 [INFO] IPUIPlugin:80 - create IPUIPlugin
2024-06-10 10:46:16,422 [INFO] PluginManager:220 - loadIPPluginJar : add ucpd
2024-06-10 10:46:16,460 [INFO] ThirdPartyUpdaterWithRetryManager:70 - Updater plugin not ready yet. [2/15]
2024-06-10 10:46:16,476 [INFO] IPUIPlugin:80 - create IPUIPlugin
2024-06-10 10:46:16,476 [INFO] PluginManager:220 - loadIPPluginJar : add usart
2024-06-10 10:46:16,530 [INFO] IPUIPlugin:80 - create IPUIPlugin
2024-06-10 10:46:16,530 [INFO] PluginManager:220 - loadIPPluginJar : add usbx
2024-06-10 10:46:16,689 [INFO] CADModel:165 - CPN selected for project level
2024-06-10 10:46:16,689 [INFO] CADModel:114 - Register for checkConnection events
2024-06-10 10:46:16,689 [FATAL] Updater:308 - Updater called before beeing initialized
2024-06-10 10:46:16,689 [ERROR] CADModel:125 - Updater not yet initialized, retry later 
2024-06-10 10:46:16,900 [INFO] CADModel:165 - CPN selected for project level
2024-06-10 10:46:16,901 [INFO] CADModel:114 - Register for checkConnection events
2024-06-10 10:46:16,901 [FATAL] Updater:308 - Updater called before beeing initialized
2024-06-10 10:46:16,901 [ERROR] CADModel:125 - Updater not yet initialized, retry later 
2024-06-10 10:46:16,905 [FATAL] Updater:308 - Updater called before beeing initialized
2024-06-10 10:46:17,083 [FATAL] Updater:308 - Updater called before beeing initialized
2024-06-10 10:46:17,097 [INFO] DbMcusAds:53 - JSON generation date=Thu May 16 18:22:00 KST 2024 (1715851320852)
2024-06-10 10:46:17,097 [FATAL] Updater:308 - Updater called before beeing initialized
2024-06-10 10:46:17,198 [WARN] DetailPanel:346 - Failed to get advertising image, set to default
2024-06-10 10:46:17,332 [FATAL] Updater:308 - Updater called before beeing initialized
2024-06-10 10:46:17,335 [FATAL] Updater:308 - Updater called before beeing initialized
2024-06-10 10:46:17,335 [FATAL] Updater:308 - Updater called before beeing initialized
2024-06-10 10:46:17,336 [WARN] DetailPanel:346 - Failed to get advertising image, set to default
2024-06-10 10:46:17,337 [FATAL] Updater:308 - Updater called before beeing initialized
2024-06-10 10:46:17,442 [ERROR] Updater:1120 - MainUpdater not yet initialized. External WinMGr cannot be set.
2024-06-10 10:46:17,460 [INFO] Updater:1056 - Updater Version found : 6.10.0
2024-06-10 10:46:17,485 [INFO] ApplicationProperties:184 - Using Application install path: C:\ST\STM32CubeIDE_1.14.0\STM32CubeIDE\plugins\com.st.stm32cube.common.mx_6.10.0.202311202037
2024-06-10 10:46:19,090 [ERROR] LogOutputStream:75 - [STDERR_REDIRECT] Jun 10, 2024 10:46:19 AM java.util.prefs.WindowsPreferences <init>
2024-06-10 10:46:19,094 [ERROR] LogOutputStream:75 - [STDERR_REDIRECT] WARNING: Could not open/create prefs root node Software\JavaSoft\Prefs at root 0xffffffff80000002. Windows RegCreateKeyEx(...) returned error code 5.
2024-06-10 10:46:19,094 [ERROR] LogOutputStream:75 - [STDERR_REDIRECT] 
2024-06-10 10:46:19,461 [INFO] ThirdPartyUpdaterWithRetryManager:70 - Updater plugin not ready yet. [3/15]
2024-06-10 10:46:19,866 [INFO] MainUpdater:2873 - connection check result : 10
2024-06-10 10:46:19,867 [INFO] MainUpdater:290 - Updater Check For Update Now.
2024-06-10 10:46:19,868 [INFO] MicroXplorer:498 - Change Database Version : DB.6.0.100
2024-06-10 10:46:19,896 [INFO] McuFinderGlobals:63 - Set McuFinder mode to 2 (CubeIDE integrated)
2024-06-10 10:46:19,896 [INFO] UserAuth:180 - activating auth plugin
2024-06-10 10:46:19,901 [INFO] UserAuth:404 - Internet connection configuration mode: 1
2024-06-10 10:46:19,951 [INFO] JxBrowserEngine:152 - Initiate JxBrowser Engine with user profile folder
2024-06-10 10:46:20,172 [INFO] CheckServerUpdateThread:120 - End of CheckServer Thread
2024-06-10 10:46:22,777 [WARN] PackLoader:240 - Cannot read IP mode file for STMicroelectronics.FP-SNS-MOTENVWB1.1.4.0
2024-06-10 10:46:22,802 [WARN] PackLoader:240 - Cannot read IP mode file for STMicroelectronics.X-CUBE-SMBUS.2.1.0
2024-06-10 10:46:22,819 [WARN] PackLoader:240 - Cannot read IP mode file for STMicroelectronics.X-CUBE-TOUCHGFX.4.23.1
2024-06-10 10:46:22,832 [WARN] PackLoader:240 - Cannot read IP mode file for STMicroelectronics.X-CUBE-TOUCHGFX.4.23.0
2024-06-10 10:46:22,846 [WARN] PackLoader:240 - Cannot read IP mode file for STMicroelectronics.X-CUBE-TOUCHGFX.4.23.2
2024-06-10 10:46:22,926 [WARN] PackLoader:240 - Cannot read IP mode file for STMicroelectronics.X-CUBE-AZRTOS-F7.1.1.0
2024-06-10 10:46:22,976 [WARN] PackLoader:240 - Cannot read IP mode file for STMicroelectronics.FP-SNS-MOTENV1.4.3.2
2024-06-10 10:46:23,009 [WARN] PackLoader:240 - Cannot read IP mode file for STMicroelectronics.FP-SNS-FLIGHT1.5.0.2
2024-06-10 10:46:23,047 [WARN] PackLoader:240 - Cannot read IP mode file for STMicroelectronics.X-CUBE-DISPLAY.3.0.0
2024-06-10 10:46:23,092 [WARN] PackLoader:240 - Cannot read IP mode file for STMicroelectronics.X-CUBE-BLE1.7.0.0
2024-06-10 10:46:23,116 [WARN] PackLoader:240 - Cannot read IP mode file for emotas.I-CUBE-CANOPEN.1.3.0
2024-06-10 10:46:23,159 [WARN] PackLoader:240 - Cannot read IP mode file for STMicroelectronics.X-CUBE-BLEMGR.3.1.0
2024-06-10 10:46:23,186 [WARN] PackLoader:240 - Cannot read IP mode file for STMicroelectronics.FP-SNS-SMARTAG2.1.2.0
2024-06-10 10:46:23,227 [INFO] LogOutputStream:77 - [STDOUT_REDIRECT] 1 : Invalid condition id : UX_CORESTACK_Condition cause : null
2024-06-10 10:46:23,228 [INFO] LogOutputStream:77 - [STDOUT_REDIRECT] 1 : Invalid condition id : UX_CORESTACK_Condition cause : null
2024-06-10 10:46:23,241 [INFO] LogOutputStream:77 - [STDOUT_REDIRECT] 1 : Invalid condition id : UX_CORESTACK_Condition cause : null
2024-06-10 10:46:23,248 [INFO] LogOutputStream:77 - [STDOUT_REDIRECT] 1 : Invalid condition id : UX_CORESTACK_Condition cause : null
2024-06-10 10:46:23,250 [INFO] LogOutputStream:77 - [STDOUT_REDIRECT] 1 : Invalid condition id : UX_CORESTACK_Condition cause : null
2024-06-10 10:46:23,257 [WARN] PackLoader:240 - Cannot read IP mode file for STMicroelectronics.X-CUBE-AZRTOS-WL.2.0.0
2024-06-10 10:46:23,284 [WARN] PackLoader:240 - Cannot read IP mode file for STMicroelectronics.FP-SNS-MOTENV1.5.0.0
2024-06-10 10:46:23,308 [WARN] PackLoader:240 - Cannot read IP mode file for wolfSSL.I-CUBE-wolfMQTT.1.19.0
2024-06-10 10:46:23,333 [WARN] PackLoader:240 - Cannot read IP mode file for WES.I-CUBE-Cesium.1.3.0
2024-06-10 10:46:23,589 [WARN] PackLoader:240 - Cannot read IP mode file for STMicroelectronics.X-CUBE-BLE2.3.3.0
2024-06-10 10:46:23,610 [WARN] PackLoader:240 - Cannot read IP mode file for STMicroelectronics.X-CUBE-TCPP.4.1.0
2024-06-10 10:46:23,637 [WARN] PackLoader:240 - Cannot read IP mode file for STMicroelectronics.X-CUBE-ALGOBUILD.1.3.0
2024-06-10 10:46:23,696 [WARN] PackLoader:240 - Cannot read IP mode file for STMicroelectronics.X-CUBE-AZRTOS-G0.1.1.0
2024-06-10 10:46:23,730 [WARN] PackLoader:240 - Cannot read IP mode file for STMicroelectronics.X-CUBE-SAFEA1.1.2.2
2024-06-10 10:46:24,117 [WARN] PackLoader:240 - Cannot read IP mode file for STMicroelectronics.X-CUBE-NFC4.3.0.0
2024-06-10 10:46:24,141 [WARN] PackLoader:240 - Cannot read IP mode file for STMicroelectronics.FP-ATR-SIGFOX1.3.2.0
2024-06-10 10:46:24,168 [WARN] PackLoader:240 - Cannot read IP mode file for STMicroelectronics.X-CUBE-EEPRMA1.5.1.0
2024-06-10 10:46:24,240 [WARN] PackLoader:240 - Cannot read IP mode file for SEGGER.I-CUBE-embOS.1.3.1
2024-06-10 10:46:24,403 [WARN] PackLoader:240 - Cannot read IP mode file for STMicroelectronics.X-CUBE-ALGOBUILD.1.4.0
2024-06-10 10:46:24,677 [WARN] PackLoader:240 - Cannot read IP mode file for STMicroelectronics.X-CUBE-GNSS1.6.0.0
2024-06-10 10:46:24,777 [WARN] PackLoader:240 - Cannot read IP mode file for STMicroelectronics.X-CUBE-AZRTOS-F4.1.1.0
2024-06-10 10:46:24,864 [INFO] WebApp:161 - Instantiating new browser for Auth
2024-06-10 10:46:25,049 [WARN] PackLoader:240 - Cannot read IP mode file for STMicroelectronics.X-CUBE-FREERTOS.1.2.0
2024-06-10 10:46:25,068 [WARN] PackLoader:240 - Cannot read IP mode file for wolfSSL.I-CUBE-wolfSSL.5.6.6
2024-06-10 10:46:25,117 [WARN] PackLoader:240 - Cannot read IP mode file for STMicroelectronics.X-CUBE-AZRTOS-L5.2.0.0
2024-06-10 10:46:25,190 [WARN] PackLoader:240 - Cannot read IP mode file for STMicroelectronics.X-CUBE-NFC6.3.1.0
2024-06-10 10:46:25,244 [WARN] PackLoader:240 - Cannot read IP mode file for ITTIA_DB.I-CUBE-ITTIADB.8.8.0
2024-06-10 10:46:25,276 [WARN] PackLoader:240 - Cannot read IP mode file for STMicroelectronics.X-CUBE-AI.9.0.0
2024-06-10 10:46:25,308 [WARN] PackLoader:240 - Cannot read IP mode file for STMicroelectronics.X-CUBE-NFC7.1.0.1
2024-06-10 10:46:25,337 [WARN] PackLoader:240 - Cannot read IP mode file for STMicroelectronics.X-CUBE-NFC6.3.0.0
2024-06-10 10:46:25,363 [WARN] PackLoader:240 - Cannot read IP mode file for STMicroelectronics.X-CUBE-AI.8.1.0
2024-06-10 10:46:25,415 [WARN] ConditionMgr:438 - getConditionDescription Invalid condition id : LAN8742 Phy interface Condition cause : null
2024-06-10 10:46:25,423 [WARN] PackLoader:240 - Cannot read IP mode file for STMicroelectronics.X-CUBE-AZRTOS-L4.2.0.0
2024-06-10 10:46:25,433 [WARN] ConditionMgr:1039 - genDependencies : Invalid condition id : LAN8742 Phy interface Condition cause : null
2024-06-10 10:46:25,434 [WARN] ConditionMgr:1039 - genDependencies : Invalid condition id : LAN8742 Phy interface Condition cause : null
2024-06-10 10:46:25,435 [WARN] ConditionMgr:1039 - genDependencies : Invalid condition id : LAN8742 Phy interface Condition cause : null
2024-06-10 10:46:25,459 [WARN] PackLoader:240 - Cannot read IP mode file for STMicroelectronics.X-CUBE-SFXS2LP1.4.0.0
2024-06-10 10:46:25,505 [WARN] ConditionMgr:438 - getConditionDescription Invalid condition id : UX DEVICE CLASS RTOS Condition cause : null
2024-06-10 10:46:25,505 [WARN] ConditionMgr:438 - getConditionDescription Invalid condition id : UX DEVICE CLASS RTOS Condition cause : null
2024-06-10 10:46:25,508 [WARN] PackLoader:240 - Cannot read IP mode file for STMicroelectronics.X-CUBE-AZRTOS-WB.2.0.0
2024-06-10 10:46:25,510 [WARN] ConditionMgr:1039 - genDependencies : Invalid condition id : UX DEVICE CLASS RTOS Condition cause : null
2024-06-10 10:46:25,511 [WARN] ConditionMgr:1039 - genDependencies : Invalid condition id : UX DEVICE CLASS RTOS Condition cause : null
2024-06-10 10:46:25,516 [WARN] ConditionMgr:1039 - genDependencies : Invalid condition id : UX DEVICE CLASS RTOS Condition cause : null
2024-06-10 10:46:25,517 [WARN] ConditionMgr:1039 - genDependencies : Invalid condition id : UX DEVICE CLASS RTOS Condition cause : null
2024-06-10 10:46:25,517 [WARN] ConditionMgr:1039 - genDependencies : Invalid condition id : UX DEVICE CLASS RTOS Condition cause : null
2024-06-10 10:46:25,583 [WARN] PackLoader:240 - Cannot read IP mode file for STMicroelectronics.X-CUBE-SUBG2.5.0.0
2024-06-10 10:46:25,652 [WARN] PackLoader:240 - Cannot read IP mode file for STMicroelectronics.X-CUBE-AZRTOS-G4.2.0.0
2024-06-10 10:46:25,695 [WARN] PackLoader:240 - Cannot read IP mode file for Infineon.AIROC-Wi-Fi-Bluetooth-STM32.1.5.1
2024-06-10 10:46:25,717 [WARN] PackLoader:240 - Cannot read IP mode file for STMicroelectronics.FP-SNS-MOTENVWB1.1.3.1
2024-06-10 10:46:25,735 [WARN] PackLoader:240 - Cannot read IP mode file for STMicroelectronics.X-CUBE-ISPU.2.0.0
2024-06-10 10:46:25,756 [WARN] PackLoader:240 - Cannot read IP mode file for STMicroelectronics.X-CUBE-ALS.1.0.2
2024-06-10 10:46:25,843 [WARN] PackLoader:240 - Cannot read IP mode file for STMicroelectronics.X-CUBE-MEMS1.10.0.0
2024-06-10 10:46:26,287 [WARN] PackLoader:240 - Cannot read IP mode file for STMicroelectronics.X-CUBE-FREERTOS.1.1.0
2024-06-10 10:46:26,356 [WARN] PackLoader:240 - Cannot read IP mode file for portGmbH.I-Cube-SoM-uGOAL.1.1.0
2024-06-10 10:46:26,418 [WARN] PackLoader:240 - Cannot read IP mode file for STMicroelectronics.X-CUBE-ALS.1.0.1
2024-06-10 10:46:26,482 [WARN] PackLoader:240 - Cannot read IP mode file for STMicroelectronics.X-CUBE-AZRTOS-H7RS.1.0.0
2024-06-10 10:46:26,514 [WARN] PackLoader:240 - Cannot read IP mode file for STMicroelectronics.FP-ATR-ASTRA1.2.0.0
2024-06-10 10:46:26,557 [WARN] PackLoader:240 - Cannot read IP mode file for STMicroelectronics.X-CUBE-TOF1.3.4.0
2024-06-10 10:46:26,666 [WARN] PackLoader:240 - Cannot read IP mode file for STMicroelectronics.X-CUBE-TOF1.3.4.1
2024-06-10 10:46:26,876 [WARN] PackLoader:240 - Cannot read IP mode file for STMicroelectronics.X-CUBE-AZRTOS-H7.3.2.0
2024-06-10 10:46:26,881 [INFO] ThirdParty:978 - Integrity check success = true
2024-06-10 10:46:26,881 [INFO] IntegrityCheckThread:100 - exiting critical section [integrity check]
2024-06-10 10:46:26,881 [INFO] IntegrityCheckThread:103 - End integrity checks thread
2024-06-10 10:46:27,427 [INFO] WebApp:780 - Register for checkConnection events
2024-06-10 10:46:27,427 [INFO] WebApp:414 - Apply proxy settings
2024-06-10 10:46:27,427 [INFO] WebApp:499 - Chromium requires no authentication
2024-06-10 10:46:27,442 [INFO] WebApp:442 - Direct internet connection detected
2024-06-10 10:46:27,769 [INFO] WebApp:192 - Starting web application
2024-06-10 10:46:27,769 [INFO] WebApp:544 - Web application path used C:\ST\STM32CubeIDE_1.14.0\STM32CubeIDE\plugins\com.st.stm32cube.common.mx_6.10.0.202311202037\db\plugins\mcufinder\reactClient1\index.html
2024-06-10 10:46:49,215 [ERROR] LogOutputStream:75 - [STDERR_REDIRECT] SLF4J: Failed to load class "org.slf4j.impl.StaticLoggerBinder".
2024-06-10 10:46:49,217 [ERROR] LogOutputStream:75 - [STDERR_REDIRECT] SLF4J: Defaulting to no-operation (NOP) logger implementation
2024-06-10 10:46:49,219 [ERROR] LogOutputStream:75 - [STDERR_REDIRECT] SLF4J: See http://www.slf4j.org/codes.html#StaticLoggerBinder for further details.
2024-06-10 13:02:39,542 [INFO] McuFinderGlobals:63 - Set McuFinder mode to 2 (CubeIDE integrated)
2024-06-10 13:02:39,574 [INFO] MainUpdater:2873 - connection check result : 10
2024-06-10 13:02:39,582 [INFO] MainUpdater:2873 - connection check result : 10
2024-06-10 13:02:39,768 [INFO] MicroXplorer:468 - Change Database Path : 
2024-06-10 13:02:39,769 [INFO] MicroXplorer:498 - Change Database Version : DB.6.0.100
2024-06-10 13:02:39,777 [WARN] ThirdParty:871 - waiting for thirdparty lock release [close project]
2024-06-10 13:02:39,777 [INFO] ThirdParty:873 - entering critical section [close project]
2024-06-10 13:02:39,779 [INFO] ThirdParty:883 - exiting critical section [close project]
2024-06-10 13:02:39,783 [INFO] PinOutPanel:1499 - setPackage(No Configuration,No Configuration)
2024-06-10 13:02:39,796 [INFO] UtilMem:75 - Begin LoadConfig() Used Memory: 561083856 Bytes (1073741824)
2024-06-10 13:02:39,798 [INFO] MicroXplorer:468 - Change Database Path : 
2024-06-10 13:02:39,798 [INFO] MicroXplorer:498 - Change Database Version : DB.6.0.100
2024-06-10 13:02:39,798 [INFO] OpenFileManager:312 - Change cursor
2024-06-10 13:02:40,027 [INFO] Mcu:2016 - Initializing MCU STM32F446Z(C-E)Tx STM32F446ZETx STM32F446ZET6
2024-06-10 13:02:44,452 [INFO] Context:659 - Trying to add GPIOservice into a context  which must be forbidden
2024-06-10 13:02:46,203 [INFO] RtosManager:555 - Registered RTOS mode: class=CMSIS, group=RTOS, mode=CMSIS_V1, owner=FREERTOS
2024-06-10 13:02:46,204 [INFO] RtosManager:555 - Registered RTOS mode: class=CMSIS, group=RTOS2, mode=CMSIS_V2, owner=FREERTOS
2024-06-10 13:02:46,204 [INFO] RtosManager:555 - Registered RTOS mode: class=RTOS, group=Core, mode=CMSIS_V1, owner=FREERTOS
2024-06-10 13:02:46,204 [INFO] RtosManager:555 - Registered RTOS mode: class=RTOS, group=Core, mode=CMSIS_V2, owner=FREERTOS
2024-06-10 13:02:46,204 [WARN] ModelIntegratedComponent:184 - Missing modes for component STMicroelectronics:FreeRTOS:0.0.1:STMicroelectronics:RTOS:FreeRTOS:Core:::10.2.0:
2024-06-10 13:02:46,234 [WARN] ModelIntegratedComponent:63 - No mode defined for component null
2024-06-10 13:02:46,234 [WARN] ModelIntegratedComponent:63 - No mode defined for component null
2024-06-10 13:02:46,234 [WARN] ModelIntegratedComponent:63 - No mode defined for component null
2024-06-10 13:02:46,234 [WARN] ModelIntegratedComponent:63 - No mode defined for component null
2024-06-10 13:02:46,235 [WARN] ModelIntegratedComponent:63 - No mode defined for component null
2024-06-10 13:02:46,235 [WARN] ModelIntegratedComponent:63 - No mode defined for component null
2024-06-10 13:02:46,235 [WARN] ModelIntegratedComponent:63 - No mode defined for component null
2024-06-10 13:02:46,235 [WARN] ModelIntegratedComponent:63 - No mode defined for component null
2024-06-10 13:02:46,235 [WARN] ModelIntegratedComponent:63 - No mode defined for component null
2024-06-10 13:02:46,235 [WARN] ModelIntegratedComponent:63 - No mode defined for component null
2024-06-10 13:02:46,235 [WARN] ModelIntegratedComponent:63 - No mode defined for component null
2024-06-10 13:02:46,235 [WARN] ModelIntegratedComponent:63 - No mode defined for component null
2024-06-10 13:02:46,235 [WARN] ModelIntegratedComponent:63 - No mode defined for component null
2024-06-10 13:02:46,235 [WARN] ModelIntegratedComponent:63 - No mode defined for component null
2024-06-10 13:02:46,235 [WARN] ModelIntegratedComponent:63 - No mode defined for component null
2024-06-10 13:02:46,235 [WARN] ModelIntegratedComponent:63 - No mode defined for component null
2024-06-10 13:02:46,236 [WARN] ModelIntegratedComponent:63 - No mode defined for component null
2024-06-10 13:02:46,236 [WARN] ModelIntegratedComponent:63 - No mode defined for component null
2024-06-10 13:02:46,236 [WARN] ModelIntegratedComponent:63 - No mode defined for component null
2024-06-10 13:02:46,236 [WARN] ModelIntegratedComponent:63 - No mode defined for component null
2024-06-10 13:02:46,236 [WARN] ModelIntegratedComponent:63 - No mode defined for component null
2024-06-10 13:02:46,236 [WARN] ModelIntegratedComponent:63 - No mode defined for component null
2024-06-10 13:02:46,236 [WARN] ModelIntegratedComponent:63 - No mode defined for component null
2024-06-10 13:02:46,236 [WARN] ModelIntegratedComponent:63 - No mode defined for component null
2024-06-10 13:02:46,236 [WARN] ModelIntegratedComponent:63 - No mode defined for component null
2024-06-10 13:02:46,236 [WARN] ModelIntegratedComponent:63 - No mode defined for component null
2024-06-10 13:02:46,236 [WARN] ModelIntegratedComponent:63 - No mode defined for component null
2024-06-10 13:02:46,236 [WARN] ModelIntegratedComponent:63 - No mode defined for component null
2024-06-10 13:02:46,237 [WARN] ModelIntegratedComponent:63 - No mode defined for component null
2024-06-10 13:02:46,237 [WARN] ModelIntegratedComponent:63 - No mode defined for component null
2024-06-10 13:02:46,237 [WARN] ModelIntegratedComponent:63 - No mode defined for component null
2024-06-10 13:02:46,237 [WARN] ModelIntegratedComponent:63 - No mode defined for component null
2024-06-10 13:02:46,237 [WARN] ModelIntegratedComponent:63 - No mode defined for component null
2024-06-10 13:02:46,412 [INFO] ThirdPartyModel:298 - Start build external matchings
2024-06-10 13:02:46,840 [INFO] ThirdPartyModel:316 - End build external matchings
2024-06-10 13:02:46,860 [INFO] ImportTextPane:194 - (OptionalMessage_ERROR) IP (RCC) : Invalid parameter (48MHZClocksFreq_Value)
2024-06-10 13:02:46,860 [INFO] ImportTextPane:194 - (OptionalMessage_ERROR) IP (RCC) : Invalid parameter (ADC12outputFreq_Value)
2024-06-10 13:02:46,860 [INFO] ImportTextPane:194 - (OptionalMessage_ERROR) IP (RCC) : Invalid parameter (ADC34outputFreq_Value)
2024-06-10 13:02:46,864 [INFO] ImportTextPane:194 - (OptionalMessage_ERROR) IP (RCC) : Invalid parameter (EthernetFreq_Value)
2024-06-10 13:02:46,864 [INFO] ImportTextPane:194 - (OptionalMessage_ERROR) IP (RCC) : Invalid parameter (FamilyName)
2024-06-10 13:02:46,865 [INFO] ImportTextPane:194 - (OptionalMessage_ERROR) IP (RCC) : Invalid parameter (I2C1Freq_Value)
2024-06-10 13:02:46,865 [INFO] ImportTextPane:194 - (OptionalMessage_ERROR) IP (RCC) : Invalid parameter (I2C2Freq_Value)
2024-06-10 13:02:46,865 [INFO] ImportTextPane:194 - (OptionalMessage_ERROR) IP (RCC) : Invalid parameter (I2C3Freq_Value)
2024-06-10 13:02:46,865 [INFO] ImportTextPane:194 - (OptionalMessage_ERROR) IP (RCC) : Invalid parameter (I2SClocksFreq_Value)
2024-06-10 13:02:46,865 [INFO] ImportTextPane:194 - (OptionalMessage_ERROR) IP (RCC) : Invalid parameter (LCDTFTFreq_Value)
2024-06-10 13:02:46,866 [INFO] ImportTextPane:194 - (OptionalMessage_ERROR) IP (RCC) : Parameter (MCO2PinFreq_Value) has invalid value (168000000)
2024-06-10 13:02:46,866 [INFO] ImportTextPane:194 - (OptionalMessage_ERROR) IP (RCC) : Invalid parameter (MCOFreq_Value)
2024-06-10 13:02:46,867 [INFO] ImportTextPane:194 - (OptionalMessage_ERROR) IP (RCC) : Invalid parameter (PLLMCOFreq_Value)
2024-06-10 13:02:46,867 [INFO] ImportTextPane:194 - (OptionalMessage_ERROR) IP (RCC) : Invalid parameter (PLLMUL)
2024-06-10 13:02:46,868 [INFO] ImportTextPane:194 - (OptionalMessage_ERROR) IP (RCC) : Invalid parameter (PRESCALERUSB)
2024-06-10 13:02:46,869 [INFO] ImportTextPane:194 - (OptionalMessage_ERROR) IP (RCC) : Invalid parameter (SAI_AClocksFreq_Value)
2024-06-10 13:02:46,869 [INFO] ImportTextPane:194 - (OptionalMessage_ERROR) IP (RCC) : Invalid parameter (SAI_BClocksFreq_Value)
2024-06-10 13:02:46,869 [INFO] ImportTextPane:194 - (OptionalMessage_ERROR) IP (RCC) : Invalid parameter (SYSCLKSourceVirtual)
2024-06-10 13:02:46,869 [INFO] ImportTextPane:194 - (OptionalMessage_ERROR) IP (RCC) : Invalid parameter (TIM15Freq_Value)
2024-06-10 13:02:46,869 [INFO] ImportTextPane:194 - (OptionalMessage_ERROR) IP (RCC) : Invalid parameter (TIM16Freq_Value)
2024-06-10 13:02:46,869 [INFO] ImportTextPane:194 - (OptionalMessage_ERROR) IP (RCC) : Invalid parameter (TIM17Freq_Value)
2024-06-10 13:02:46,869 [INFO] ImportTextPane:194 - (OptionalMessage_ERROR) IP (RCC) : Invalid parameter (TIM1Freq_Value)
2024-06-10 13:02:46,869 [INFO] ImportTextPane:194 - (OptionalMessage_ERROR) IP (RCC) : Invalid parameter (TIM20Freq_Value)
2024-06-10 13:02:46,870 [INFO] ImportTextPane:194 - (OptionalMessage_ERROR) IP (RCC) : Invalid parameter (TIM2Freq_Value)
2024-06-10 13:02:46,870 [INFO] ImportTextPane:194 - (OptionalMessage_ERROR) IP (RCC) : Invalid parameter (TIM3Freq_Value)
2024-06-10 13:02:46,870 [INFO] ImportTextPane:194 - (OptionalMessage_ERROR) IP (RCC) : Invalid parameter (TIM8Freq_Value)
2024-06-10 13:02:46,870 [INFO] ImportTextPane:194 - (OptionalMessage_ERROR) IP (RCC) : Invalid parameter (UART4Freq_Value)
2024-06-10 13:02:46,870 [INFO] ImportTextPane:194 - (OptionalMessage_ERROR) IP (RCC) : Invalid parameter (UART5Freq_Value)
2024-06-10 13:02:46,870 [INFO] ImportTextPane:194 - (OptionalMessage_ERROR) IP (RCC) : Invalid parameter (USART1Freq_Value)
2024-06-10 13:02:46,870 [INFO] ImportTextPane:194 - (OptionalMessage_ERROR) IP (RCC) : Invalid parameter (USART2Freq_Value)
2024-06-10 13:02:46,870 [INFO] ImportTextPane:194 - (OptionalMessage_ERROR) IP (RCC) : Invalid parameter (USART3Freq_Value)
2024-06-10 13:02:46,872 [INFO] ImportTextPane:194 - (OptionalMessage_ERROR) IP (RCC) : Invalid parameter (VCOOutput2Freq_Value)
2024-06-10 13:02:46,872 [INFO] ImportTextPane:194 - (OptionalMessage_ERROR) IP (RCC) : Invalid parameter (VCOSAIOutputFreq_ValueQ)
2024-06-10 13:02:46,872 [INFO] ImportTextPane:194 - (OptionalMessage_ERROR) IP (RCC) : Invalid parameter (VCOSAIOutputFreq_ValueR)
2024-06-10 13:02:46,872 [INFO] ImportTextPane:194 - (OptionalMessage_ERROR) IP (RCC) : Invalid parameter (VcooutputI2S)
2024-06-10 13:02:46,872 [INFO] ImportTextPane:194 - (OptionalMessage_ERROR) IP (RCC) : Invalid parameter (VcooutputI2SQ)
2024-06-10 13:02:47,663 [INFO] UtilMem:75 - End LoadConfig() Used Memory: 630021240 Bytes (1073741824)
2024-06-10 13:02:47,960 [INFO] ApiDb:581 - Connected to CubeFinder SQLite database (C:\Users\RND_220516\.stmcufinder\plugins\mcufinder\mcu\cube-finder-db.db)
2024-06-10 13:02:48,107 [INFO] ApiDb:668 - CubeFinder database Data Model version=2.1
2024-06-10 13:02:48,108 [INFO] ApiDb:669 - CubeFinder database Configuration version=3.0.39
2024-06-10 13:02:48,110 [INFO] ApiDb:670 - CubeFinder database generation date=2024-05-17 (1715872938)
2024-06-10 13:02:48,110 [INFO] ApiDb:671 - CubeFinder database FW Pack versions=[FP-ATR-ASTRA1_V2.0.0, FP-SNS-FLIGHT1_V5.0.1, FP-SNS-FLIGHT1_V5.0.2, FP-SNS-MOTENV1_V4.3.1, FP-SNS-MOTENV1_V4.3.2, FP-SNS-MOTENV1_V5.0.0, FP-SNS-MOTENVWB1_V1.4.0, FP-SNS-SMARTAG2_V1.2.0, STM32Cube_FW_C0_V1.1.0, STM32Cube_FW_F4_V1.28.0, STM32Cube_FW_F7_V1.17.0, STM32Cube_FW_G0_V1.6.2, STM32Cube_FW_G4_V1.5.2, STM32Cube_FW_H5_V0.5.1, STM32Cube_FW_H5_V1.1.1, STM32Cube_FW_H5_V1.2.0, STM32Cube_FW_H5_V1.2.0RC4, STM32Cube_FW_H7RS_V1.0.0, STM32Cube_FW_H7RS_V1.0.0RC4, STM32Cube_FW_H7_V1.11.0, STM32Cube_FW_L0_V1.12.2, STM32Cube_FW_L5_V1.5.1, STM32Cube_FW_U0_V1.0.0, STM32Cube_FW_U0_V1.0.0RC1, STM32Cube_FW_U5_V1.3.0RC4, STM32Cube_FW_U5_V1.5.0, STM32Cube_FW_U5_V1.5.0RC1, STM32Cube_FW_WBA_V1.0.0RC1, STM32Cube_FW_WBA_V1.2.0, STM32Cube_FW_WBA_V1.2.0RC2, STM32Cube_FW_WBA_V1.3.0, STM32Cube_FW_WBA_V1.3.0RC1, STM32Cube_FW_WB_V1.15.0RC1, STM32Cube_FW_WB_V1.16.0, STM32Cube_FW_WB_V1.16.0RC2, STM32Cube_FW_WB_V1.18.0, STM32Cube_FW_WB_V1.19.0, STM32Cube_FW_WL_V1.3.0, X-CUBE-ALGOBUILD_V1.4.0, X-CUBE-ALS_V1.0.1, X-CUBE-AZRTOS-F4_V1.1.0, X-CUBE-AZRTOS-F7_V1.1.0, X-CUBE-AZRTOS-G0_V1.1.0, X-CUBE-AZRTOS-G4_V2.0.0, X-CUBE-AZRTOS-H7_V3.2.0, X-CUBE-AZRTOS-L4_V1.0.0, X-CUBE-AZRTOS-L4_V2.0.0, X-CUBE-AZRTOS-L5_V1.1.0, X-CUBE-AZRTOS-WB_V2.0.0, X-CUBE-AZRTOS-WL_V2.0.0, X-CUBE-BLE1_V7.0.0, X-CUBE-BLE2_V3.3.0, X-CUBE-BLEMGR_V3.1.0, X-CUBE-EEPRMA1_V4.1.0, X-CUBE-EEPRMA1_V5.1.0, X-CUBE-FREERTOS_V1.1.0, X-CUBE-GNSS1_V6.0.0, X-CUBE-MEMS1_V10.0.0, X-CUBE-MEMS1_V9.1.0, X-CUBE-MEMS1_V9.4.0, X-CUBE-MEMS1_V9.6.0, X-CUBE-NFC4_V3.0.0, X-CUBE-NFC7_V1.0.1, X-CUBE-SFXS2LP1_V4.0.0, X-CUBE-SUBG2_V5.0.0, X-CUBE-TOF1_V3.4.0]
2024-06-10 13:02:51,792 [INFO] ApiDb:240 - Found 371 in-development CPN: [B-G473E-ZEST1S, B-WB1M-WPAN1, B-WL5M-SUBG1, NUCLEO-C031C6, NUCLEO-H503RB, NUCLEO-H563ZI, NUCLEO-U545RE-Q, NUCLEO-U5A5ZJ-Q, NUCLEO-WBA52CG, NUCLEO-WBA55CG, STEVAL-MKBOXPRO, STEVAL-PROTEUS1, STEVAL-STWINBX1, STM320518-EVAL, STM32C0116-DK, STM32C011D6Y3TR, STM32C011D6Y6TR, STM32C011F4P3, STM32C011F4P6, STM32C011F4U3, STM32C011F4U6TR, STM32C011F6P3, STM32C011F6P6, STM32C011F6U3, STM32C011F6U6TR, STM32C011J4M3, STM32C011J4M6, STM32C011J6M3, STM32C011J6M6, STM32C0316-DK, STM32C031C4T3, STM32C031C4T6, STM32C031C4U3, STM32C031C4U6, STM32C031C6T3, STM32C031C6T6, STM32C031C6U3, STM32C031C6U6, STM32C031F4P3, STM32C031F4P6, STM32C031F6P3, STM32C031F6P6, STM32C031G4U3, STM32C031G4U6, STM32C031G6U3, STM32C031G6U6, STM32C031K4T3, STM32C031K4T6, STM32C031K4U3, STM32C031K4U6, STM32C031K6T3, STM32C031K6T6, STM32C031K6U3, STM32C031K6U6, STM32G071K8TXN, STM32G071K8UXN, STM32G081GBU6N, STM32G081KBT6N, STM32G081KBUXN, STM32G0B1CCT6N, STM32G0B1KCT6, STM32G0B1NEY6TR, STM32G0B1RCT6N, STM32G0C1CCT6, STM32G0C1CCT6N, STM32G0C1CCU6N, STM32G0C1CET6N, STM32G0C1CEU6N, STM32G0C1KCT6, STM32G0C1NEY6TR, STM32G0C1RCI6N, STM32G0C1RCT6N, STM32G0C1REI6N, STM32G0C1RET6N, STM32G0C1VCI6, STM32G0C1VEI6, STM32G471CCT6, STM32G471CCU6, STM32G471CET3, STM32G471CET6, STM32G471CEU3, STM32G471CEU6, STM32G471MCT6, STM32G471MET3, STM32G471MET6, STM32G471MEY6TR, STM32G471QCT6, STM32G471QET3, STM32G471RCT6, STM32G471RET3, STM32G471RET6, STM32G471VCH6, STM32G471VCI6, STM32G471VCT6, STM32G471VEH3, STM32G471VEH6, STM32G471VEI3, STM32G471VEI6, STM32G471VET3, STM32G471VET6, STM32G474CCT6, STM32H503CBT6, STM32H503CBU6, STM32H503EBY6TR, STM32H503KBU6, STM32H503RBT6, STM32H562AGI6, STM32H562AII6, STM32H562IGK6, STM32H562IGT6, STM32H562IIK6, STM32H562IIT6, STM32H562RGT6, STM32H562RGV6, STM32H562RIT6, STM32H562RIV6, STM32H562VGT6, STM32H562VIT6, STM32H562ZGT6, STM32H562ZIT6, STM32H563AGI6, STM32H563AII3Q, STM32H563AII6, STM32H563IGK6, STM32H563IGT6, STM32H563IIK3Q, STM32H563IIK6, STM32H563IIT3Q, STM32H563IIT6, STM32H563MIY3QTR, STM32H563RGT6, STM32H563RGV6, STM32H563RIT6, STM32H563RIV6, STM32H563VGT6, STM32H563VIT3Q, STM32H563VIT6, STM32H563ZGT6, STM32H563ZIT3Q, STM32H563ZIT6, STM32H573AII3Q, STM32H573AII6, STM32H573I-DK, STM32H573IIK3Q, STM32H573IIK6, STM32H573IIT3Q, STM32H573IIT6, STM32H573MIY3QTR, STM32H573RIT6, STM32H573RIV6, STM32H573VIT3Q, STM32H573VIT6, STM32H573ZIT3Q, STM32H573ZIT6, STM32L4R5QGI6STR, STM32MP131AAE3, STM32MP131AAF3, STM32MP131AAG3, STM32MP131CAE3, STM32MP131CAF3, STM32MP131CAG3, STM32MP131DAE7, STM32MP131DAF7, STM32MP131DAG7, STM32MP131FAE7, STM32MP131FAF7, STM32MP131FAG7, STM32MP133AAE3, STM32MP133AAF3, STM32MP133AAG3, STM32MP133CAE3, STM32MP133CAF3, STM32MP133CAG3, STM32MP133DAE7, STM32MP133DAF7, STM32MP133DAG7, STM32MP133FAE7, STM32MP133FAF7, STM32MP133FAG7, STM32MP135AAE3, STM32MP135AAF3, STM32MP135AAG3, STM32MP135CAE3, STM32MP135CAF3, STM32MP135CAG3, STM32MP135DAE7, STM32MP135DAF7, STM32MP135DAG7, STM32MP135F-DK, STM32MP135FAE7, STM32MP135FAF7, STM32MP135FAF7T, STM32MP135FAF7U, STM32MP135FAG7, STM32U535CBT6, STM32U535CBT6Q, STM32U535CBU6, STM32U535CBU6Q, STM32U535CCT6, STM32U535CCT6Q, STM32U535CCU6, STM32U535CCU6Q, STM32U535CET6, STM32U535CET6Q, STM32U535CEU6, STM32U535CEU6Q, STM32U535JEY6QTR, STM32U535NCY6QTR, STM32U535NEY6QTR, STM32U535RBI6, STM32U535RBI6Q, STM32U535RBT6, STM32U535RBT6Q, STM32U535RCI6, STM32U535RCI6Q, STM32U535RCT6, STM32U535RCT6Q, STM32U535REI6, STM32U535REI6Q, STM32U535RET6, STM32U535RET6Q, STM32U535VCI6, STM32U535VCI6Q, STM32U535VCT6, STM32U535VCT6Q, STM32U535VEI6, STM32U535VEI6Q, STM32U535VET6, STM32U535VET6Q, STM32U545CET6, STM32U545CET6Q, STM32U545CEU6, STM32U545CEU6Q, STM32U545JEY6QTR, STM32U545NEY6QTR, STM32U545REI6, STM32U545REI6Q, STM32U545RET6, STM32U545RET6Q, STM32U545VEI6, STM32U545VEI6Q, STM32U545VET6, STM32U545VET6Q, STM32U595AIH6, STM32U595AIH6Q, STM32U595AJH6, STM32U595AJH6Q, STM32U595QII6, STM32U595QII6Q, STM32U595QJI6, STM32U595QJI6Q, STM32U595RIT6, STM32U595RIT6Q, STM32U595RJT6, STM32U595RJT6Q, STM32U595VIT6, STM32U595VIT6Q, STM32U595VJT6, STM32U595VJT6Q, STM32U595ZIT6, STM32U595ZIT6Q, STM32U595ZIY6QTR, STM32U595ZJT6, STM32U595ZJT6Q, STM32U595ZJY6QTR, STM32U599BJY6QTR, STM32U599NIH6Q, STM32U599NJH6Q, STM32U599VIT6Q, STM32U599VJT6, STM32U599VJT6Q, STM32U599ZIT6Q, STM32U599ZIY6QTR, STM32U599ZJT6Q, STM32U599ZJY6QTR, STM32U5A5AJH6, STM32U5A5AJH6Q, STM32U5A5QJI6, STM32U5A5QJI6Q, STM32U5A5RJT6, STM32U5A5RJT6Q, STM32U5A5VJT6, STM32U5A5VJT6Q, STM32U5A5ZJT6, STM32U5A5ZJT6Q, STM32U5A5ZJY6QTR, STM32U5A9BJY6QTR, STM32U5A9J-DK, STM32U5A9NJH6Q, STM32U5A9VJT6Q, STM32U5A9ZJT6Q, STM32U5A9ZJY6QTR, STM32U5F7VIT6, STM32U5F7VIT6Q, STM32U5F7VJT6, STM32U5F7VJT6Q, STM32U5F9BJY6QTR, STM32U5F9NJH6Q, STM32U5F9VIT6Q, STM32U5F9VJT6Q, STM32U5F9ZIJ6QTR, STM32U5F9ZIT6Q, STM32U5F9ZJJ6QTR, STM32U5F9ZJT6Q, STM32U5G7VJT6, STM32U5G7VJT6Q, STM32U5G9BJY6QTR, STM32U5G9J-DK1, STM32U5G9J-DK2, STM32U5G9NJH6Q, STM32U5G9VJT6Q, STM32U5G9ZJJ6QTR, STM32U5G9ZJT6Q, STM32WB1MMCH6, STM32WBA50KEU6, STM32WBA50KEU6TR, STM32WBA50KGU6, STM32WBA50KGU6TR, STM32WBA52CEU6, STM32WBA52CEU6TR, STM32WBA52CEU7, STM32WBA52CEU7TR, STM32WBA52CGU6, STM32WBA52CGU6TR, STM32WBA52CGU6U, STM32WBA52CGU7, STM32WBA52CGU7TR, STM32WBA52KEU6, STM32WBA52KEU6TR, STM32WBA52KGU6, STM32WBA52KGU6TR, STM32WBA54CEU6, STM32WBA54CEU6TR, STM32WBA54CEU7, STM32WBA54CEU7TR, STM32WBA54CGU6, STM32WBA54CGU6TR, STM32WBA54CGU7, STM32WBA54CGU7TR, STM32WBA54KEU6, STM32WBA54KEU6TR, STM32WBA54KEU7, STM32WBA54KEU7TR, STM32WBA54KGU6, STM32WBA54KGU6TR, STM32WBA54KGU7, STM32WBA54KGU7TR, STM32WBA55CEU6, STM32WBA55CEU6TR, STM32WBA55CEU7, STM32WBA55CEU7TR, STM32WBA55CGU6, STM32WBA55CGU6TR, STM32WBA55CGU6U, STM32WBA55CGU7, STM32WBA55CGU7TR, STM32WBA55G-DK1, STM32WBA55HEF6, STM32WBA55HEF7, STM32WBA55HGF6, STM32WBA55HGF7, STM32WBA55UEI6, STM32WBA55UEI6TR, STM32WBA55UEI7, STM32WBA55UEI7TR, STM32WBA55UGI6, STM32WBA55UGI6TR, STM32WBA55UGI7, STM32WBA55UGI7TR, STM32WL5MOCH6, STM32WL5MOCH6TR]
2024-06-10 13:02:51,798 [INFO] DbMcus:218 - Found 4092 MCUs, 4092 are supported
2024-06-10 13:02:51,798 [INFO] ApiDb:423 - Load user favorites file C:\Users\RND_220516/.stm32cubeide/favorites.mcus.txt: 0 item(s)
2024-06-10 13:02:51,799 [INFO] ApiDb:427 - User favorites MCUs=[]
2024-06-10 13:02:51,799 [INFO] DbMcus:224 - Set 0 / 0 favorites MCUs
2024-06-10 13:02:52,591 [INFO] MicroXplorer:468 - Change Database Path : 
2024-06-10 13:02:52,591 [INFO] MicroXplorer:498 - Change Database Version : DB.6.0.100
2024-06-10 13:02:52,592 [WARN] ThirdParty:833 - waiting for thirdparty lock release [change project]
2024-06-10 13:02:52,592 [INFO] ThirdParty:835 - entering critical section [change project]
2024-06-10 13:02:52,592 [INFO] ThirdParty:1030 - CMSIS Pack Vendor :STMicroelectronics USBPD 4.1
2024-06-10 13:02:52,592 [INFO] ThirdParty:1030 - CMSIS Pack Vendor :STMicroelectronics X-CUBE-GNSS1 6.0.0
2024-06-10 13:02:52,592 [INFO] ThirdParty:1030 - CMSIS Pack Vendor :STMicroelectronics USB_HOST 2.0.0
2024-06-10 13:02:52,592 [INFO] ThirdParty:1030 - CMSIS Pack Vendor :STMicroelectronics FP-SNS-MOTENVWB1 1.4.0
2024-06-10 13:02:52,592 [INFO] ThirdParty:1030 - CMSIS Pack Vendor :STMicroelectronics X-CUBE-AZRTOS-F4 1.1.0
2024-06-10 13:02:52,593 [INFO] ThirdParty:1030 - CMSIS Pack Vendor :STMicroelectronics LIBJPEG 8.0.0
2024-06-10 13:02:52,593 [INFO] ThirdParty:1030 - CMSIS Pack Vendor :STMicroelectronics X-CUBE-SMBUS 2.1.0
2024-06-10 13:02:52,593 [INFO] ThirdParty:1030 - CMSIS Pack Vendor :STMicroelectronics USB_DEVICE 3.0.0
2024-06-10 13:02:52,593 [INFO] ThirdParty:1030 - CMSIS Pack Vendor :STMicroelectronics X-CUBE-TCPP 4.1.0
2024-06-10 13:02:52,593 [INFO] ThirdParty:1030 - CMSIS Pack Vendor :STMicroelectronics X-CUBE-FREERTOS 1.2.0
2024-06-10 13:02:52,593 [INFO] ThirdParty:1030 - CMSIS Pack Vendor :STMicroelectronics X-CUBE-AZRTOS-WB 2.0.0
2024-06-10 13:02:52,593 [INFO] ThirdParty:1030 - CMSIS Pack Vendor :wolfSSL I-CUBE-wolfSSL 5.6.6
2024-06-10 13:02:52,593 [INFO] ThirdParty:1030 - CMSIS Pack Vendor :STMicroelectronics X-CUBE-TOUCHGFX 4.23.1
2024-06-10 13:02:52,593 [INFO] ThirdParty:1030 - CMSIS Pack Vendor :STMicroelectronics X-CUBE-TOUCHGFX 4.23.0
2024-06-10 13:02:52,593 [INFO] ThirdParty:1030 - CMSIS Pack Vendor :STMicroelectronics X-CUBE-TOUCHGFX 4.23.2
2024-06-10 13:02:52,593 [INFO] ThirdParty:1030 - CMSIS Pack Vendor :STMicroelectronics X-CUBE-AZRTOS-F7 1.1.0
2024-06-10 13:02:52,594 [INFO] ThirdParty:1030 - CMSIS Pack Vendor :STMicroelectronics X-CUBE-AZRTOS-L5 2.0.0
2024-06-10 13:02:52,594 [INFO] ThirdParty:1030 - CMSIS Pack Vendor :STMicroelectronics USB_DEVICE 2.0.0
2024-06-10 13:02:52,594 [INFO] ThirdParty:1030 - CMSIS Pack Vendor :STMicroelectronics X-CUBE-NFC6 3.1.0
2024-06-10 13:02:52,594 [INFO] ThirdParty:1030 - CMSIS Pack Vendor :ITTIA_DB I-CUBE-ITTIADB 8.8.0
2024-06-10 13:02:52,594 [INFO] ThirdParty:1030 - CMSIS Pack Vendor :STMicroelectronics FP-SNS-MOTENV1 4.3.2
2024-06-10 13:02:52,594 [INFO] ThirdParty:1030 - CMSIS Pack Vendor :STMicroelectronics X-CUBE-ALGOBUILD 1.3.0
2024-06-10 13:02:52,594 [INFO] ThirdParty:1030 - CMSIS Pack Vendor :STMicroelectronics FreeRTOS 0.0.1
2024-06-10 13:02:52,594 [INFO] ThirdParty:1030 - CMSIS Pack Vendor :STMicroelectronics X-CUBE-AZRTOS-G0 1.1.0
2024-06-10 13:02:52,594 [INFO] ThirdParty:1030 - CMSIS Pack Vendor :STMicroelectronics X-CUBE-SAFEA1 1.2.2
2024-06-10 13:02:52,594 [INFO] ThirdParty:1030 - CMSIS Pack Vendor :STMicroelectronics X-CUBE-NFC4 3.0.0
2024-06-10 13:02:52,594 [INFO] ThirdParty:1030 - CMSIS Pack Vendor :STMicroelectronics X-CUBE-SUBG2 5.0.0
2024-06-10 13:02:52,595 [INFO] ThirdParty:1030 - CMSIS Pack Vendor :STMicroelectronics STM32_WPAN 1.0.0
2024-06-10 13:02:52,595 [INFO] ThirdParty:1030 - CMSIS Pack Vendor :STMicroelectronics lwIP 2.0.3
2024-06-10 13:02:52,595 [INFO] ThirdParty:1030 - CMSIS Pack Vendor :STMicroelectronics FP-SNS-FLIGHT1 5.0.2
2024-06-10 13:02:52,595 [INFO] ThirdParty:1030 - CMSIS Pack Vendor :STMicroelectronics USB_HOST 1.0.0
2024-06-10 13:02:52,595 [INFO] ThirdParty:1030 - CMSIS Pack Vendor :STMicroelectronics X-CUBE-AI 9.0.0
2024-06-10 13:02:52,595 [INFO] ThirdParty:1030 - CMSIS Pack Vendor :STMicroelectronics X-CUBE-AZRTOS-G4 2.0.0
2024-06-10 13:02:52,595 [INFO] ThirdParty:1030 - CMSIS Pack Vendor :STMicroelectronics PDM2PCM 3.1.0
2024-06-10 13:02:52,595 [INFO] ThirdParty:1030 - CMSIS Pack Vendor :Infineon AIROC-Wi-Fi-Bluetooth-STM32 1.5.1
2024-06-10 13:02:52,595 [INFO] ThirdParty:1030 - CMSIS Pack Vendor :STMicroelectronics PDM2PCM 3.3.0
2024-06-10 13:02:52,595 [INFO] ThirdParty:1030 - CMSIS Pack Vendor :STMicroelectronics X-CUBE-DISPLAY 3.0.0
2024-06-10 13:02:52,595 [INFO] ThirdParty:1030 - CMSIS Pack Vendor :STMicroelectronics FP-SNS-MOTENVWB1 1.3.1
2024-06-10 13:02:52,595 [INFO] ThirdParty:1030 - CMSIS Pack Vendor :STMicroelectronics X-CUBE-BLE1 7.0.0
2024-06-10 13:02:52,595 [INFO] ThirdParty:1030 - CMSIS Pack Vendor :STMicroelectronics FP-ATR-SIGFOX1 3.2.0
2024-06-10 13:02:52,595 [INFO] ThirdParty:1030 - CMSIS Pack Vendor :STMicroelectronics X-CUBE-ISPU 2.0.0
2024-06-10 13:02:52,595 [INFO] ThirdParty:1030 - CMSIS Pack Vendor :STMicroelectronics X-CUBE-EEPRMA1 5.1.0
2024-06-10 13:02:52,595 [INFO] ThirdParty:1030 - CMSIS Pack Vendor :STMicroelectronics HAL Drivers 0.0.0
2024-06-10 13:02:52,596 [INFO] ThirdParty:1030 - CMSIS Pack Vendor :STMicroelectronics MBEDTLS 2.16.2
2024-06-10 13:02:52,596 [INFO] ThirdParty:1030 - CMSIS Pack Vendor :STMicroelectronics X-CUBE-ALS 1.0.2
2024-06-10 13:02:52,596 [INFO] ThirdParty:1030 - CMSIS Pack Vendor :emotas I-CUBE-CANOPEN 1.3.0
2024-06-10 13:02:52,596 [INFO] ThirdParty:1030 - CMSIS Pack Vendor :STMicroelectronics X-CUBE-MEMS1 10.0.0
2024-06-10 13:02:52,596 [INFO] ThirdParty:1030 - CMSIS Pack Vendor :STMicroelectronics X-CUBE-FREERTOS 1.1.0
2024-06-10 13:02:52,596 [INFO] ThirdParty:1030 - CMSIS Pack Vendor :STMicroelectronics X-CUBE-NFC7 1.0.1
2024-06-10 13:02:52,596 [INFO] ThirdParty:1030 - CMSIS Pack Vendor :STMicroelectronics MBEDTLS 2.14.1
2024-06-10 13:02:52,596 [INFO] ThirdParty:1030 - CMSIS Pack Vendor :STMicroelectronics X-CUBE-NFC6 3.0.0
2024-06-10 13:02:52,596 [INFO] ThirdParty:1030 - CMSIS Pack Vendor :portGmbH I-Cube-SoM-uGOAL 1.1.0
2024-06-10 13:02:52,596 [INFO] ThirdParty:1030 - CMSIS Pack Vendor :STMicroelectronics X-CUBE-ALS 1.0.1
2024-06-10 13:02:52,596 [INFO] ThirdParty:1030 - CMSIS Pack Vendor :STMicroelectronics X-CUBE-BLEMGR 3.1.0
2024-06-10 13:02:52,597 [INFO] ThirdParty:1030 - CMSIS Pack Vendor :STMicroelectronics ThreadX 1.0.0
2024-06-10 13:02:52,597 [INFO] ThirdParty:1030 - CMSIS Pack Vendor :STMicroelectronics FP-SNS-SMARTAG2 1.2.0
2024-06-10 13:02:52,597 [INFO] ThirdParty:1030 - CMSIS Pack Vendor :STMicroelectronics X-CUBE-AZRTOS-WL 2.0.0
2024-06-10 13:02:52,597 [INFO] ThirdParty:1030 - CMSIS Pack Vendor :SEGGER I-CUBE-embOS 1.3.1
2024-06-10 13:02:52,597 [INFO] ThirdParty:1030 - CMSIS Pack Vendor :STMicroelectronics X-CUBE-ALGOBUILD 1.4.0
2024-06-10 13:02:52,597 [INFO] ThirdParty:1030 - CMSIS Pack Vendor :STMicroelectronics FP-SNS-MOTENV1 5.0.0
2024-06-10 13:02:52,597 [INFO] ThirdParty:1030 - CMSIS Pack Vendor :STMicroelectronics USB_DEVICE 1.0.0
2024-06-10 13:02:52,597 [INFO] ThirdParty:1030 - CMSIS Pack Vendor :STMicroelectronics X-CUBE-AI 8.1.0
2024-06-10 13:02:52,597 [INFO] ThirdParty:1030 - CMSIS Pack Vendor :STMicroelectronics X-CUBE-AZRTOS-H7RS 1.0.0
2024-06-10 13:02:52,598 [INFO] ThirdParty:1030 - CMSIS Pack Vendor :wolfSSL I-CUBE-wolfMQTT 1.19.0
2024-06-10 13:02:52,598 [INFO] ThirdParty:1030 - CMSIS Pack Vendor :STMicroelectronics X-CUBE-AZRTOS-L4 2.0.0
2024-06-10 13:02:52,598 [INFO] ThirdParty:1030 - CMSIS Pack Vendor :STMicroelectronics ThreadX 0.0.2
2024-06-10 13:02:52,598 [INFO] ThirdParty:1030 - CMSIS Pack Vendor :WES I-CUBE-Cesium 1.3.0
2024-06-10 13:02:52,598 [INFO] ThirdParty:1030 - CMSIS Pack Vendor :STMicroelectronics FP-ATR-ASTRA1 2.0.0
2024-06-10 13:02:52,598 [INFO] ThirdParty:1030 - CMSIS Pack Vendor :STMicroelectronics lwIP 2.1.2
2024-06-10 13:02:52,598 [INFO] ThirdParty:1030 - CMSIS Pack Vendor :STMicroelectronics X-CUBE-SFXS2LP1 4.0.0
2024-06-10 13:02:52,598 [INFO] ThirdParty:1030 - CMSIS Pack Vendor :STMicroelectronics X-CUBE-BLE2 3.3.0
2024-06-10 13:02:52,598 [INFO] ThirdParty:1030 - CMSIS Pack Vendor :STMicroelectronics X-CUBE-TOF1 3.4.0
2024-06-10 13:02:52,598 [INFO] ThirdParty:1030 - CMSIS Pack Vendor :STMicroelectronics X-CUBE-TOF1 3.4.1
2024-06-10 13:02:52,598 [INFO] ThirdParty:1030 - CMSIS Pack Vendor :STMicroelectronics X-CUBE-AZRTOS-H7 3.2.0
2024-06-10 13:02:52,599 [INFO] ThirdParty:1030 - CMSIS Pack Vendor :STMicroelectronics PDM2PCM 3.2.0
2024-06-10 13:02:52,599 [INFO] ThirdParty:841 - exiting critical section [change project]
2024-06-10 13:02:53,795 [INFO] PinOutPanel:1499 - setPackage(No Configuration,No Configuration)
2024-06-10 13:02:53,797 [INFO] PinOutPanel:1499 - setPackage(STM32F446ZETx,LQFP144)
2024-06-10 13:02:55,911 [INFO] UtilMem:75 - Before build in PCC Used Memory: 814123056 Bytes (1073741824)
2024-06-10 13:02:57,402 [INFO] UtilMem:75 - After build in PCC Used Memory: 904790160 Bytes (1073741824)
2024-06-10 13:02:57,506 [INFO] IPUIPlugin:80 - create IPUIPlugin
2024-06-10 13:02:57,507 [INFO] IPUIPlugin:80 - create IPUIPlugin
2024-06-10 13:02:57,507 [INFO] IPUIPlugin:80 - create IPUIPlugin
2024-06-10 13:02:57,507 [INFO] IPUIPlugin:80 - create IPUIPlugin
2024-06-10 13:02:57,507 [INFO] IPUIPlugin:80 - create IPUIPlugin
2024-06-10 13:02:57,508 [INFO] IPUIPlugin:80 - create IPUIPlugin
2024-06-10 13:02:57,508 [INFO] IPUIPlugin:80 - create IPUIPlugin
2024-06-10 13:02:57,508 [INFO] IPUIPlugin:80 - create IPUIPlugin
2024-06-10 13:02:57,508 [INFO] IPUIPlugin:80 - create IPUIPlugin
2024-06-10 13:02:57,508 [INFO] IPUIPlugin:80 - create IPUIPlugin
2024-06-10 13:02:57,509 [INFO] IPUIPlugin:80 - create IPUIPlugin
2024-06-10 13:02:57,509 [INFO] IPUIPlugin:80 - create IPUIPlugin
2024-06-10 13:02:57,509 [INFO] IPUIPlugin:80 - create IPUIPlugin
2024-06-10 13:02:57,509 [INFO] IPUIPlugin:80 - create IPUIPlugin
2024-06-10 13:02:57,510 [INFO] IPUIPlugin:80 - create IPUIPlugin
2024-06-10 13:02:57,510 [INFO] IPUIPlugin:80 - create IPUIPlugin
2024-06-10 13:02:57,511 [INFO] IPUIPlugin:80 - create IPUIPlugin
2024-06-10 13:02:57,511 [INFO] IPUIPlugin:80 - create IPUIPlugin
2024-06-10 13:02:57,511 [INFO] IPUIPlugin:80 - create IPUIPlugin
2024-06-10 13:02:57,512 [INFO] IPUIPlugin:80 - create IPUIPlugin
2024-06-10 13:02:57,512 [INFO] IPUIPlugin:80 - create IPUIPlugin
2024-06-10 13:02:57,512 [INFO] IPUIPlugin:80 - create IPUIPlugin
2024-06-10 13:02:57,513 [INFO] IPUIPlugin:80 - create IPUIPlugin
2024-06-10 13:02:57,513 [INFO] IPUIPlugin:80 - create IPUIPlugin
2024-06-10 13:02:57,514 [INFO] IPUIPlugin:80 - create IPUIPlugin
2024-06-10 13:02:57,514 [INFO] IPUIPlugin:80 - create IPUIPlugin
2024-06-10 13:02:57,514 [INFO] IPUIPlugin:80 - create IPUIPlugin
2024-06-10 13:02:57,515 [INFO] IPUIPlugin:80 - create IPUIPlugin
2024-06-10 13:02:57,515 [INFO] IPUIPlugin:80 - create IPUIPlugin
2024-06-10 13:02:57,516 [INFO] IPUIPlugin:80 - create IPUIPlugin
2024-06-10 13:02:57,516 [INFO] IPUIPlugin:80 - create IPUIPlugin
2024-06-10 13:02:57,517 [INFO] IPUIPlugin:80 - create IPUIPlugin
2024-06-10 13:02:57,518 [INFO] IPUIPlugin:80 - create IPUIPlugin
2024-06-10 13:02:57,518 [INFO] IPUIPlugin:80 - create IPUIPlugin
2024-06-10 13:02:57,519 [INFO] IPUIPlugin:80 - create IPUIPlugin
2024-06-10 13:02:57,519 [INFO] IPUIPlugin:80 - create IPUIPlugin
2024-06-10 13:02:57,520 [INFO] IPUIPlugin:80 - create IPUIPlugin
2024-06-10 13:02:57,521 [INFO] IPUIPlugin:80 - create IPUIPlugin
2024-06-10 13:02:57,521 [INFO] IPUIPlugin:80 - create IPUIPlugin
2024-06-10 13:02:57,522 [INFO] IPUIPlugin:80 - create IPUIPlugin
2024-06-10 13:02:57,523 [INFO] IPUIPlugin:80 - create IPUIPlugin
2024-06-10 13:02:57,523 [INFO] IPUIPlugin:80 - create IPUIPlugin
2024-06-10 13:02:57,524 [INFO] IPUIPlugin:80 - create IPUIPlugin
2024-06-10 13:02:57,524 [INFO] IPUIPlugin:80 - create IPUIPlugin
2024-06-10 13:02:57,525 [INFO] IPUIPlugin:80 - create IPUIPlugin
2024-06-10 13:02:57,525 [INFO] IPUIPlugin:80 - create IPUIPlugin
2024-06-10 13:02:57,526 [INFO] IPUIPlugin:80 - create IPUIPlugin
2024-06-10 13:02:57,526 [INFO] IPUIPlugin:80 - create IPUIPlugin
2024-06-10 13:02:57,527 [INFO] IPUIPlugin:80 - create IPUIPlugin
2024-06-10 13:02:57,528 [INFO] IPUIPlugin:80 - create IPUIPlugin
2024-06-10 13:02:57,528 [INFO] IPUIPlugin:80 - create IPUIPlugin
2024-06-10 13:02:57,529 [INFO] IPUIPlugin:80 - create IPUIPlugin
2024-06-10 13:02:57,530 [INFO] IPUIPlugin:80 - create IPUIPlugin
2024-06-10 13:02:57,531 [INFO] IPUIPlugin:80 - create IPUIPlugin
2024-06-10 13:02:57,532 [INFO] IPUIPlugin:80 - create IPUIPlugin
2024-06-10 13:02:57,537 [INFO] IPUIPlugin:80 - create IPUIPlugin
2024-06-10 13:02:57,540 [INFO] IPUIPlugin:80 - create IPUIPlugin
2024-06-10 13:02:57,572 [INFO] IPUIPlugin:80 - create IPUIPlugin
2024-06-10 13:02:57,573 [INFO] IPUIPlugin:80 - create IPUIPlugin
2024-06-10 13:02:57,574 [INFO] IPUIPlugin:80 - create IPUIPlugin
2024-06-10 13:02:57,574 [INFO] IPUIPlugin:80 - create IPUIPlugin
2024-06-10 13:02:57,576 [INFO] IPUIPlugin:80 - create IPUIPlugin
2024-06-10 13:02:57,577 [INFO] IPUIPlugin:80 - create IPUIPlugin
2024-06-10 13:02:57,709 [INFO] ApiDbMcu:508 - Load IP Config File for PDM2PCM
2024-06-10 13:02:58,141 [INFO] CADModel:165 - CPN selected for project levelSTM32F446ZET6
2024-06-10 13:02:58,141 [INFO] CADModel:114 - Register for checkConnection events
2024-06-10 13:02:58,181 [INFO] OpenFileManager:343 - Restore cursor
2024-06-10 13:05:05,980 [INFO] NvicIntPanel:101 - NVIC parent = com.st.microxplorer.plugins.ip.nvic.MultiNvicIntPanel[,0,0,481x213,layout=javax.swing.BoxLayout,alignmentX=0.0,alignmentY=0.0,border=,flags=9,maximumSize=,minimumSize=,preferredSize=]
2024-06-10 13:05:07,589 [INFO] NvicIntPanel:101 - NVIC parent = com.st.microxplorer.plugins.ip.nvic.MultiNvicIntPanel[,0,0,0x0,invalid,layout=javax.swing.BoxLayout,alignmentX=0.0,alignmentY=0.0,border=,flags=9,maximumSize=,minimumSize=,preferredSize=]
2024-06-10 13:27:43,509 [INFO] NvicIntPanel:101 - NVIC parent = com.st.microxplorer.plugins.ip.nvic.MultiNvicIntPanel[,0,0,0x0,invalid,layout=javax.swing.BoxLayout,alignmentX=0.0,alignmentY=0.0,border=,flags=9,maximumSize=,minimumSize=,preferredSize=]
2024-06-10 13:27:51,593 [INFO] UtilMem:75 - End SaveConfig() Used Memory: 831063160 Bytes (1073741824)
2024-06-10 13:27:52,626 [INFO] UtilMem:75 - End SaveConfig() Used Memory: 874054776 Bytes (1073741824)
2024-06-10 13:27:54,004 [INFO] BlockDiagram:2759 - set Specific Code input for plugin: TIM1_8
2024-06-10 13:27:54,005 [INFO] BlockDiagram:2759 - set Specific Code input for plugin: SYS
2024-06-10 13:27:54,005 [INFO] BlockDiagram:2759 - set Specific Code input for plugin: RCC
2024-06-10 13:27:54,005 [INFO] BlockDiagram:2759 - set Specific Code input for plugin: USB_OTG_FS
2024-06-10 13:27:54,005 [INFO] BlockDiagram:2759 - set Specific Code input for plugin: NVIC
2024-06-10 13:27:54,005 [INFO] BlockDiagram:2759 - set Specific Code input for plugin: USART
2024-06-10 13:27:54,007 [INFO] BlockDiagram:2759 - set Specific Code input for plugin: GPIO
2024-06-10 13:27:54,009 [INFO] CodeGenerator:807 - code generatio: config db path: C:\ST\STM32CubeIDE_1.14.0\STM32CubeIDE\plugins\com.st.stm32cube.common.mx_6.10.0.202311202037\\db\
2024-06-10 13:27:54,994 [INFO] CodeEngine:255 - oldGeneratedFile, C:\Users\RND_220516\Documents\STM32\F446ZE_TIM_OC\MXTmpFiles\license.tmp_save
2024-06-10 13:27:56,031 [INFO] CodeEngine:279 - Generated code: C:\Users\RND_220516\Documents\STM32\F446ZE_TIM_OC\MXTmpFiles\license.tmp
2024-06-10 13:27:56,281 [INFO] CodeEngine:255 - oldGeneratedFile, C:\Users\RND_220516\Documents\STM32\F446ZE_TIM_OC\MXTmpFiles\gpio.tmp_save
2024-06-10 13:27:56,566 [INFO] CodeEngine:279 - Generated code: C:\Users\RND_220516\Documents\STM32\F446ZE_TIM_OC\MXTmpFiles\gpio.tmp
2024-06-10 13:27:56,949 [WARN] IPConfigManager:2946 - Warning: the RefConfig PWREx_EnableUSBVoltageDetector is not available in your config.xml file
2024-06-10 13:27:57,019 [INFO] CodeEngine:255 - oldGeneratedFile, C:\Users\RND_220516\Documents\STM32\F446ZE_TIM_OC\Core\Src\stm32f4xx_it.c_save
2024-06-10 13:27:57,304 [INFO] CodeEngine:279 - Generated code: C:\Users\RND_220516\Documents\STM32\F446ZE_TIM_OC\Core\Src\stm32f4xx_it.c
2024-06-10 13:27:57,355 [INFO] CodeEngine:255 - oldGeneratedFile, C:\Users\RND_220516\Documents\STM32\F446ZE_TIM_OC\Core\Inc\stm32f4xx_it.h_save
2024-06-10 13:27:57,531 [INFO] CodeEngine:279 - Generated code: C:\Users\RND_220516\Documents\STM32\F446ZE_TIM_OC\Core\Inc\stm32f4xx_it.h
2024-06-10 13:27:57,586 [INFO] CodeEngine:255 - oldGeneratedFile, C:\Users\RND_220516\Documents\STM32\F446ZE_TIM_OC\Core\Src\stm32f4xx_hal_msp.c_save
2024-06-10 13:27:57,878 [INFO] CodeEngine:279 - Generated code: C:\Users\RND_220516\Documents\STM32\F446ZE_TIM_OC\Core\Src\stm32f4xx_hal_msp.c
2024-06-10 13:27:57,912 [INFO] CodeEngine:255 - oldGeneratedFile, C:\Users\RND_220516\Documents\STM32\F446ZE_TIM_OC\MXTmpFiles\system.tmp_save
2024-06-10 13:27:58,054 [INFO] CodeEngine:279 - Generated code: C:\Users\RND_220516\Documents\STM32\F446ZE_TIM_OC\MXTmpFiles\system.tmp
2024-06-10 13:27:58,105 [INFO] CodeEngine:311 - oldGeneratedFile, C:\Users\RND_220516\Documents\STM32\F446ZE_TIM_OC\Core\Inc\stm32f4xx_hal_conf.h_save
2024-06-10 13:27:58,402 [INFO] CodeEngine:335 - Generated code: C:\Users\RND_220516\Documents\STM32\F446ZE_TIM_OC\Core\Inc\stm32f4xx_hal_conf.h
2024-06-10 13:27:58,467 [WARN] IPConfigManager:2946 - Warning: the RefConfig PLL2P_FOR_MCO is not available in your config.xml file
2024-06-10 13:27:58,544 [WARN] IPConfigManager:3440 - IP not found : TIM
2024-06-10 13:27:58,544 [WARN] IPConfigManager:3440 - IP not found : USB_OTG
2024-06-10 13:27:58,551 [WARN] CodeGenerator:3939 - IP not found : null
2024-06-10 13:27:58,552 [WARN] CodeGenerator:3939 - IP not found : null
2024-06-10 13:27:58,612 [INFO] CodeEngine:255 - oldGeneratedFile, C:\Users\RND_220516\Documents\STM32\F446ZE_TIM_OC\Core\Inc\main.h_save
2024-06-10 13:27:58,823 [INFO] CodeEngine:279 - Generated code: C:\Users\RND_220516\Documents\STM32\F446ZE_TIM_OC\Core\Inc\main.h
2024-06-10 13:27:58,863 [INFO] CodeEngine:255 - oldGeneratedFile, C:\Users\RND_220516\Documents\STM32\F446ZE_TIM_OC\Core\Src\main.c_save
2024-06-10 13:27:59,168 [INFO] CodeEngine:279 - Generated code: C:\Users\RND_220516\Documents\STM32\F446ZE_TIM_OC\Core\Src\main.c
2024-06-10 13:28:00,377 [INFO] ProjectBuilder:3076 - Time for Copy HAL[1] : 349mS.
2024-06-10 13:28:00,388 [INFO] ProjectBuilder:4485 - Project Generator version: 4.2.0-B44
2024-06-10 13:28:01,041 [INFO] ConfigFileManager:1495 - The Die is : DIE421
2024-06-10 13:28:01,076 [INFO] ApiDbMcu:508 - Load IP Config File for FATFS
2024-06-10 13:28:01,099 [INFO] ApiDbMcu:508 - Load IP Config File for FREERTOS
2024-06-10 13:28:01,118 [INFO] ApiDbMcu:508 - Load IP Config File for LIBJPEG
2024-06-10 13:28:01,145 [INFO] ApiDbMcu:508 - Load IP Config File for MBEDTLS
2024-06-10 13:28:01,175 [INFO] ApiDbMcu:508 - Load IP Config File for USB_DEVICE
2024-06-10 13:28:01,190 [INFO] ApiDbMcu:508 - Load IP Config File for USB_HOST
2024-06-10 13:28:02,939 [INFO] LogOutputStream:77 - [STDOUT_REDIRECT] 
2024-06-10 13:28:08,016 [INFO] ProjectBuilder:4747 - Time for Generating toolchain IDE Files: 7628mS.
2024-06-10 13:28:08,017 [INFO] ProjectBuilder:2947 - Time for Copy CMSIS : 0mS.
2024-06-10 13:28:08,021 [INFO] ProjectBuilder:2947 - Time for Copy CMSIS : 1mS.
2024-06-10 16:07:29,300 [ERROR] LogOutputStream:75 - [STDERR_REDIRECT] 
2024-06-10 16:07:29,313 [ERROR] LogOutputStream:75 - [STDERR_REDIRECT] 
