2024-08-20 09:03:52,441 [INFO] Activator:176 - 


2024-08-20 09:03:52,452 [INFO] Activator:177 - !SESSION log4j initialized
2024-08-20 09:04:08,203 [INFO] LogOutputStream:77 - [STDOUT_REDIRECT] 
2024-08-20 09:04:21,988 [INFO] ApplicationProperties:184 - Using Application install path: C:\ST\STM32CubeIDE_1.14.0\STM32CubeIDE\plugins\com.st.stm32cube.common.mx_6.12.0.202406281431
2024-08-20 09:04:22,012 [INFO] DbMcusXml:78 - Set database path to: C:\ST\STM32CubeIDE_1.14.0\STM32CubeIDE\plugins\com.st.stm32cube.common.mx_6.12.0.202406281431\\db\/mcu/
2024-08-20 09:04:22,013 [INFO] ApiDb:274 - Set plugin database path to: C:\ST\STM32CubeIDE_1.14.0\STM32CubeIDE\plugins\com.st.stm32cube.common.mx_6.12.0.202406281431\\db\/plugins/boardmanager/
2024-08-20 09:04:22,014 [WARN] ApiDb:259 - Overriding images path with different value:  => C:\ST\STM32CubeIDE_1.14.0\STM32CubeIDE\plugins\com.st.stm32cube.common.mx_6.12.0.202406281431\\db\/plugins/mcufinder/images/
2024-08-20 09:04:22,025 [INFO] ApiDb:250 - Set database path to: C:\Users\RND_220516\.stmcufinder\plugins\mcufinder//mcu/
2024-08-20 09:04:22,027 [INFO] DbMcusAds:125 - Set database path to: C:\Users\RND_220516\.stmcufinder\plugins\mcufinder//mcu/
2024-08-20 09:04:22,035 [INFO] CrossReferenceDbSqlite:203 - Set database path to: C:\Users\RND_220516\.stmcufinder\plugins\mcufinder//mcu/cs/
2024-08-20 09:04:22,225 [INFO] RulesReader:64 - Compatibility file has been processed (297 Rules)
2024-08-20 09:04:22,372 [INFO] DbMcusXml:78 - Set database path to: C:\ST\STM32CubeIDE_1.14.0\STM32CubeIDE\plugins\com.st.stm32cube.common.mx_6.12.0.202406281431\\db\/mcu/
2024-08-20 09:04:22,373 [INFO] ApiDb:274 - Set plugin database path to: C:\ST\STM32CubeIDE_1.14.0\STM32CubeIDE\plugins\com.st.stm32cube.common.mx_6.12.0.202406281431\\db\/plugins/boardmanager/
2024-08-20 09:04:22,374 [INFO] ApiDb:261 - Set plugin images path to: C:\ST\STM32CubeIDE_1.14.0\STM32CubeIDE\plugins\com.st.stm32cube.common.mx_6.12.0.202406281431\\db\/plugins/mcufinder/images/
2024-08-20 09:04:22,374 [WARN] DbFile:41 - Overriding database path with different value: C:\Users\RND_220516\.stmcufinder\plugins\mcufinder/ => C:\Users\RND_220516\.stmcufinder\plugins\mcufinder
2024-08-20 09:04:22,374 [INFO] ApiDb:250 - Set database path to: C:\Users\RND_220516\.stmcufinder\plugins\mcufinder//mcu/
2024-08-20 09:04:22,374 [WARN] DbFile:41 - Overriding database path with different value: C:\Users\RND_220516\.stmcufinder\plugins\mcufinder/ => C:\Users\RND_220516\.stmcufinder\plugins\mcufinder
2024-08-20 09:04:22,375 [INFO] DbMcusAds:125 - Set database path to: C:\Users\RND_220516\.stmcufinder\plugins\mcufinder//mcu/
2024-08-20 09:04:22,375 [WARN] DbFile:41 - Overriding database path with different value: C:\Users\RND_220516\.stmcufinder\plugins\mcufinder/ => C:\Users\RND_220516\.stmcufinder\plugins\mcufinder
2024-08-20 09:04:22,375 [WARN] DbFile:41 - Overriding database path with different value: C:\Users\RND_220516\.stmcufinder\plugins\mcufinder/ => C:\Users\RND_220516\.stmcufinder\plugins\mcufinder
2024-08-20 09:04:22,375 [INFO] CrossReferenceDbSqlite:203 - Set database path to: C:\Users\RND_220516\.stmcufinder\plugins\mcufinder//mcu/cs/
2024-08-20 09:04:22,527 [INFO] MainPanel:268 - HeapMemory: 268435456
2024-08-20 09:04:22,722 [INFO] DbMcusXml:78 - Set database path to: C:\ST\STM32CubeIDE_1.14.0\STM32CubeIDE\plugins\com.st.stm32cube.common.mx_6.12.0.202406281431\\db\/mcu/
2024-08-20 09:04:22,722 [INFO] ApiDb:274 - Set plugin database path to: C:\ST\STM32CubeIDE_1.14.0\STM32CubeIDE\plugins\com.st.stm32cube.common.mx_6.12.0.202406281431\\db\/plugins/boardmanager/
2024-08-20 09:04:22,722 [INFO] ApiDb:261 - Set plugin images path to: C:\ST\STM32CubeIDE_1.14.0\STM32CubeIDE\plugins\com.st.stm32cube.common.mx_6.12.0.202406281431\\db\/plugins/mcufinder/images/
2024-08-20 09:04:22,723 [WARN] DbFile:41 - Overriding database path with different value: C:\Users\RND_220516\.stmcufinder\plugins\mcufinder/ => C:\Users\RND_220516\.stmcufinder\plugins\mcufinder
2024-08-20 09:04:22,723 [INFO] ApiDb:250 - Set database path to: C:\Users\RND_220516\.stmcufinder\plugins\mcufinder//mcu/
2024-08-20 09:04:22,724 [WARN] DbFile:41 - Overriding database path with different value: C:\Users\RND_220516\.stmcufinder\plugins\mcufinder/ => C:\Users\RND_220516\.stmcufinder\plugins\mcufinder
2024-08-20 09:04:22,724 [INFO] DbMcusAds:125 - Set database path to: C:\Users\RND_220516\.stmcufinder\plugins\mcufinder//mcu/
2024-08-20 09:04:22,724 [WARN] DbFile:41 - Overriding database path with different value: C:\Users\RND_220516\.stmcufinder\plugins\mcufinder/ => C:\Users\RND_220516\.stmcufinder\plugins\mcufinder
2024-08-20 09:04:22,724 [WARN] DbFile:41 - Overriding database path with different value: C:\Users\RND_220516\.stmcufinder\plugins\mcufinder/ => C:\Users\RND_220516\.stmcufinder\plugins\mcufinder
2024-08-20 09:04:22,724 [INFO] CrossReferenceDbSqlite:203 - Set database path to: C:\Users\RND_220516\.stmcufinder\plugins\mcufinder//mcu/cs/
2024-08-20 09:04:22,754 [INFO] ApplicationProperties:184 - Using Application install path: C:\ST\STM32CubeIDE_1.14.0\STM32CubeIDE\plugins\com.st.stm32cube.common.mx_6.12.0.202406281431
2024-08-20 09:04:22,757 [INFO] PluginManage:196 - Search for loadable plugins [exclusion list=, ]
2024-08-20 09:04:22,759 [INFO] PluginManage:310 - Check plugin analytics
2024-08-20 09:04:23,090 [INFO] AnalyticsPlugin:253 - Accepted Software Licenses: 
2024-08-20 09:04:23,090 [INFO] AnalyticsPlugin:255 - Accepted CMSIS Pack Licenses: 
2024-08-20 09:04:23,091 [INFO] AnalyticsPlugin:257 - Accepted Firmware Licenses: FW.F4.1.28.0,FW.F4.1.27.0
2024-08-20 09:04:23,095 [INFO] PluginManage:359 - Loaded plugin analytics (category:tool,tabindex:-1)
2024-08-20 09:04:23,095 [INFO] PluginManage:310 - Check plugin cadmodel
2024-08-20 09:04:23,125 [INFO] CADModel:105 - Init CAD model plugin
2024-08-20 09:04:23,125 [INFO] PluginManage:359 - Loaded plugin cadmodel (category:power,tabindex:5)
2024-08-20 09:04:23,125 [INFO] PluginManage:310 - Check plugin clock
2024-08-20 09:04:23,166 [INFO] PluginManage:359 - Loaded plugin clock (category:base,tabindex:2)
2024-08-20 09:04:23,166 [INFO] PluginManage:310 - Check plugin ddr
2024-08-20 09:04:23,173 [INFO] PluginManage:359 - Loaded plugin ddr (category:tool,tabindex:6)
2024-08-20 09:04:23,174 [INFO] PluginManage:310 - Check plugin filemanager
2024-08-20 09:04:23,479 [INFO] PluginManage:359 - Loaded plugin filemanager (category:base,tabindex:10)
2024-08-20 09:04:23,479 [INFO] PluginManage:310 - Check plugin ipmanager
2024-08-20 09:04:23,492 [INFO] PluginManage:359 - Loaded plugin ipmanager (category:base,tabindex:5)
2024-08-20 09:04:23,493 [INFO] PluginManage:310 - Check plugin lpbam
2024-08-20 09:04:23,557 [INFO] PluginManage:359 - Loaded plugin lpbam (category:base,tabindex:0)
2024-08-20 09:04:23,557 [INFO] PluginManage:310 - Check plugin memorymap
2024-08-20 09:04:23,594 [INFO] PluginManage:359 - Loaded plugin memorymap (category:base,tabindex:4)
2024-08-20 09:04:23,595 [INFO] PluginManage:310 - Check plugin pinoutandconfiguration
2024-08-20 09:04:23,617 [INFO] PluginManage:359 - Loaded plugin pinoutandconfiguration (category:base,tabindex:1)
2024-08-20 09:04:23,618 [INFO] PluginManage:310 - Check plugin pinoutconfig
2024-08-20 09:04:23,781 [WARN] SupportedApi:132 - Cannot load RTOS API schema: s4s-elt-must-match.1: The content of 'definitions' must match (annotation?, (simpleType | complexType)?, (unique | key | keyref)*)). A problem was found starting at: attribute.
2024-08-20 09:04:24,004 [INFO] PluginManage:359 - Loaded plugin pinoutconfig (category:base,tabindex:0)
2024-08-20 09:04:24,004 [INFO] PluginManage:310 - Check plugin power
2024-08-20 09:04:24,044 [INFO] PluginManage:359 - Loaded plugin power (category:power,tabindex:4)
2024-08-20 09:04:24,044 [INFO] PluginManage:310 - Check plugin projectmanager
2024-08-20 09:04:24,070 [INFO] PluginManage:359 - Loaded plugin projectmanager (category:projectmanager,tabindex:4)
2024-08-20 09:04:24,070 [INFO] PluginManage:310 - Check plugin rif
2024-08-20 09:04:24,091 [INFO] PluginManage:359 - Loaded plugin rif (category:base,tabindex:3)
2024-08-20 09:04:24,091 [INFO] PluginManage:310 - Check plugin thirdparty
2024-08-20 09:04:24,488 [INFO] PluginManage:359 - Loaded plugin thirdparty (category:base,tabindex:-1)
2024-08-20 09:04:24,489 [INFO] PluginManage:310 - Check plugin tools
2024-08-20 09:04:24,488 [WARN] IntegrityCheckThread:84 - waiting for thirdparty lock release [integrity check]
2024-08-20 09:04:24,490 [INFO] IntegrityCheckThread:86 - entering critical section [integrity check]
2024-08-20 09:04:24,491 [INFO] ThirdPartyUpdaterWithRetryManager:70 - Updater plugin not ready yet. [1/15]
2024-08-20 09:04:24,536 [INFO] PluginManage:359 - Loaded plugin tools (category:base,tabindex:7)
2024-08-20 09:04:24,536 [INFO] PluginManage:310 - Check plugin tutovideos
2024-08-20 09:04:24,847 [INFO] PluginManage:359 - Loaded plugin tutovideos (category:base,tabindex:-1)
2024-08-20 09:04:24,847 [INFO] PluginManage:310 - Check plugin updater
2024-08-20 09:04:24,952 [INFO] PluginManage:359 - Loaded plugin updater (category:base,tabindex:12)
2024-08-20 09:04:24,952 [INFO] PluginManage:310 - Check plugin userauth
2024-08-20 09:04:24,962 [INFO] UserAuth:113 - Init User Auth plugin
2024-08-20 09:04:24,963 [INFO] PluginManage:359 - Loaded plugin userauth (category:base,tabindex:14)
2024-08-20 09:04:24,964 [INFO] PluginManage:283 - PluginManage : Loaded plugins [18]
2024-08-20 09:04:25,629 [INFO] PinOutPanel:1561 - setPackage(No Configuration,No Configuration)
2024-08-20 09:04:26,137 [INFO] CADModel:165 - CPN selected for project level
2024-08-20 09:04:26,139 [INFO] CADModel:114 - Register for checkConnection events
2024-08-20 09:04:26,189 [INFO] IPUIPlugin:80 - create IPUIPlugin
2024-08-20 09:04:26,189 [INFO] PluginManager:220 - loadIPPluginJar : add adc
2024-08-20 09:04:26,261 [INFO] IPUIPlugin:80 - create IPUIPlugin
2024-08-20 09:04:26,262 [INFO] PluginManager:220 - loadIPPluginJar : add aes
2024-08-20 09:04:26,361 [INFO] IPUIPlugin:80 - create IPUIPlugin
2024-08-20 09:04:26,363 [INFO] PluginManager:220 - loadIPPluginJar : add can
2024-08-20 09:04:26,414 [INFO] IPUIPlugin:80 - create IPUIPlugin
2024-08-20 09:04:26,415 [INFO] PluginManager:220 - loadIPPluginJar : add comp
2024-08-20 09:04:26,645 [INFO] IPUIPlugin:80 - create IPUIPlugin
2024-08-20 09:04:26,645 [INFO] PluginManager:220 - loadIPPluginJar : add cryp
2024-08-20 09:04:26,689 [INFO] IPUIPlugin:80 - create IPUIPlugin
2024-08-20 09:04:26,690 [INFO] PluginManager:220 - loadIPPluginJar : add ddr_ctrl_phy
2024-08-20 09:04:26,770 [INFO] IPUIPlugin:80 - create IPUIPlugin
2024-08-20 09:04:26,772 [INFO] PluginManager:220 - loadIPPluginJar : add dfsdm
2024-08-20 09:04:26,807 [INFO] IPUIPlugin:80 - create IPUIPlugin
2024-08-20 09:04:26,808 [INFO] PluginManager:220 - loadIPPluginJar : add dma
2024-08-20 09:04:27,014 [INFO] IPUIPlugin:80 - create IPUIPlugin
2024-08-20 09:04:27,014 [INFO] PluginManager:220 - loadIPPluginJar : add dma3
2024-08-20 09:04:27,165 [INFO] IPUIPlugin:80 - create IPUIPlugin
2024-08-20 09:04:27,165 [INFO] PluginManager:220 - loadIPPluginJar : add extmemmanager
2024-08-20 09:04:27,218 [INFO] IPUIPlugin:80 - create IPUIPlugin
2024-08-20 09:04:27,219 [INFO] PluginManager:220 - loadIPPluginJar : add fatfs
2024-08-20 09:04:27,499 [INFO] ThirdPartyUpdaterWithRetryManager:70 - Updater plugin not ready yet. [2/15]
2024-08-20 09:04:27,507 [INFO] IPUIPlugin:80 - create IPUIPlugin
2024-08-20 09:04:27,507 [INFO] PluginManager:220 - loadIPPluginJar : add fmc
2024-08-20 09:04:27,541 [INFO] IPUIPlugin:80 - create IPUIPlugin
2024-08-20 09:04:27,541 [INFO] PluginManager:220 - loadIPPluginJar : add freertos
2024-08-20 09:04:27,586 [INFO] IPUIPlugin:80 - create IPUIPlugin
2024-08-20 09:04:27,586 [INFO] PluginManager:220 - loadIPPluginJar : add genericplugin
2024-08-20 09:04:27,847 [INFO] IPUIPlugin:80 - create IPUIPlugin
2024-08-20 09:04:27,847 [INFO] PluginManager:220 - loadIPPluginJar : add gfxmmu
2024-08-20 09:04:28,233 [INFO] IPUIPlugin:80 - create IPUIPlugin
2024-08-20 09:04:28,233 [INFO] PluginManager:220 - loadIPPluginJar : add gic
2024-08-20 09:04:28,263 [INFO] IPUIPlugin:80 - create IPUIPlugin
2024-08-20 09:04:28,264 [INFO] PluginManager:220 - loadIPPluginJar : add gpio
2024-08-20 09:04:28,468 [INFO] IPUIPlugin:80 - create IPUIPlugin
2024-08-20 09:04:28,468 [INFO] PluginManager:220 - loadIPPluginJar : add gtzc
2024-08-20 09:04:28,562 [INFO] IPUIPlugin:80 - create IPUIPlugin
2024-08-20 09:04:28,562 [INFO] PluginManager:220 - loadIPPluginJar : add hash
2024-08-20 09:04:28,683 [INFO] IPUIPlugin:80 - create IPUIPlugin
2024-08-20 09:04:28,683 [INFO] PluginManager:220 - loadIPPluginJar : add i2c
2024-08-20 09:04:28,767 [INFO] IPUIPlugin:80 - create IPUIPlugin
2024-08-20 09:04:28,767 [INFO] PluginManager:220 - loadIPPluginJar : add i2s
2024-08-20 09:04:28,867 [INFO] IPUIPlugin:80 - create IPUIPlugin
2024-08-20 09:04:28,868 [INFO] PluginManager:220 - loadIPPluginJar : add i3c
2024-08-20 09:04:29,112 [INFO] IPUIPlugin:80 - create IPUIPlugin
2024-08-20 09:04:29,112 [INFO] PluginManager:220 - loadIPPluginJar : add ipddr
2024-08-20 09:04:29,345 [INFO] IPUIPlugin:80 - create IPUIPlugin
2024-08-20 09:04:29,346 [INFO] PluginManager:220 - loadIPPluginJar : add linkedlist
2024-08-20 09:04:29,433 [INFO] IPUIPlugin:80 - create IPUIPlugin
2024-08-20 09:04:29,433 [INFO] PluginManager:220 - loadIPPluginJar : add lorawan
2024-08-20 09:04:29,512 [INFO] IPUIPlugin:80 - create IPUIPlugin
2024-08-20 09:04:29,512 [INFO] PluginManager:220 - loadIPPluginJar : add ltdc
2024-08-20 09:04:29,539 [INFO] IPUIPlugin:80 - create IPUIPlugin
2024-08-20 09:04:29,539 [INFO] PluginManager:220 - loadIPPluginJar : add mdma
2024-08-20 09:04:29,562 [INFO] IPUIPlugin:80 - create IPUIPlugin
2024-08-20 09:04:29,563 [INFO] PluginManager:220 - loadIPPluginJar : add nvic
2024-08-20 09:04:29,644 [INFO] IPUIPlugin:80 - create IPUIPlugin
2024-08-20 09:04:29,644 [INFO] PluginManager:220 - loadIPPluginJar : add opamp
2024-08-20 09:04:29,775 [INFO] IPUIPlugin:80 - create IPUIPlugin
2024-08-20 09:04:29,776 [INFO] PluginManager:220 - loadIPPluginJar : add openamp
2024-08-20 09:04:29,844 [INFO] IPUIPlugin:80 - create IPUIPlugin
2024-08-20 09:04:29,844 [INFO] PluginManager:220 - loadIPPluginJar : add pdm2pcm
2024-08-20 09:04:29,865 [INFO] IPUIPlugin:80 - create IPUIPlugin
2024-08-20 09:04:29,868 [INFO] PluginManager:220 - loadIPPluginJar : add plateformsettings
2024-08-20 09:04:29,896 [INFO] IPUIPlugin:80 - create IPUIPlugin
2024-08-20 09:04:29,896 [INFO] PluginManager:220 - loadIPPluginJar : add quadspi
2024-08-20 09:04:29,935 [INFO] IPUIPlugin:80 - create IPUIPlugin
2024-08-20 09:04:29,936 [INFO] PluginManager:220 - loadIPPluginJar : add radio
2024-08-20 09:04:29,956 [INFO] IPUIPlugin:80 - create IPUIPlugin
2024-08-20 09:04:29,956 [INFO] PluginManager:220 - loadIPPluginJar : add resmgrutility
2024-08-20 09:04:30,046 [INFO] IPUIPlugin:80 - create IPUIPlugin
2024-08-20 09:04:30,046 [INFO] PluginManager:220 - loadIPPluginJar : add sai
2024-08-20 09:04:30,116 [INFO] IPUIPlugin:80 - create IPUIPlugin
2024-08-20 09:04:30,116 [INFO] PluginManager:220 - loadIPPluginJar : add spi
2024-08-20 09:04:30,209 [INFO] IPUIPlugin:80 - create IPUIPlugin
2024-08-20 09:04:30,209 [INFO] PluginManager:220 - loadIPPluginJar : add stm32_wpan
2024-08-20 09:04:30,248 [INFO] IPUIPlugin:80 - create IPUIPlugin
2024-08-20 09:04:30,248 [INFO] PluginManager:220 - loadIPPluginJar : add tim
2024-08-20 09:04:30,335 [INFO] IPUIPlugin:80 - create IPUIPlugin
2024-08-20 09:04:30,335 [INFO] PluginManager:220 - loadIPPluginJar : add touchsensing
2024-08-20 09:04:30,365 [INFO] IPUIPlugin:80 - create IPUIPlugin
2024-08-20 09:04:30,365 [INFO] PluginManager:220 - loadIPPluginJar : add tracer_emb
2024-08-20 09:04:30,397 [INFO] IPUIPlugin:80 - create IPUIPlugin
2024-08-20 09:04:30,397 [INFO] PluginManager:220 - loadIPPluginJar : add ts
2024-08-20 09:04:30,426 [INFO] IPUIPlugin:80 - create IPUIPlugin
2024-08-20 09:04:30,426 [INFO] PluginManager:220 - loadIPPluginJar : add tsc
2024-08-20 09:04:30,451 [INFO] IPUIPlugin:80 - create IPUIPlugin
2024-08-20 09:04:30,451 [INFO] PluginManager:220 - loadIPPluginJar : add ucpd
2024-08-20 09:04:30,500 [INFO] ThirdPartyUpdaterWithRetryManager:70 - Updater plugin not ready yet. [3/15]
2024-08-20 09:04:30,511 [INFO] IPUIPlugin:80 - create IPUIPlugin
2024-08-20 09:04:30,511 [INFO] PluginManager:220 - loadIPPluginJar : add usart
2024-08-20 09:04:30,576 [INFO] IPUIPlugin:80 - create IPUIPlugin
2024-08-20 09:04:30,576 [INFO] PluginManager:220 - loadIPPluginJar : add usbx
2024-08-20 09:04:30,731 [INFO] CADModel:165 - CPN selected for project level
2024-08-20 09:04:30,731 [INFO] CADModel:114 - Register for checkConnection events
2024-08-20 09:04:30,731 [FATAL] Updater:334 - Updater called before beeing initialized
2024-08-20 09:04:30,731 [ERROR] CADModel:125 - Updater not yet initialized, retry later 
2024-08-20 09:04:30,927 [INFO] CADModel:165 - CPN selected for project level
2024-08-20 09:04:30,927 [INFO] CADModel:114 - Register for checkConnection events
2024-08-20 09:04:30,927 [FATAL] Updater:334 - Updater called before beeing initialized
2024-08-20 09:04:30,928 [ERROR] CADModel:125 - Updater not yet initialized, retry later 
2024-08-20 09:04:30,931 [FATAL] Updater:334 - Updater called before beeing initialized
2024-08-20 09:04:31,100 [FATAL] Updater:334 - Updater called before beeing initialized
2024-08-20 09:04:31,112 [INFO] DbMcusAds:53 - JSON generation date=Thu May 16 18:22:00 KST 2024 (1715851320667)
2024-08-20 09:04:31,112 [FATAL] Updater:334 - Updater called before beeing initialized
2024-08-20 09:04:31,159 [WARN] DetailPanel:346 - Failed to get advertising image, set to default
2024-08-20 09:04:31,291 [FATAL] Updater:334 - Updater called before beeing initialized
2024-08-20 09:04:31,294 [FATAL] Updater:334 - Updater called before beeing initialized
2024-08-20 09:04:31,295 [FATAL] Updater:334 - Updater called before beeing initialized
2024-08-20 09:04:31,295 [WARN] DetailPanel:346 - Failed to get advertising image, set to default
2024-08-20 09:04:31,296 [FATAL] Updater:334 - Updater called before beeing initialized
2024-08-20 09:04:31,510 [ERROR] Updater:1164 - MainUpdater not yet initialized. External WinMGr cannot be set.
2024-08-20 09:04:31,525 [INFO] Updater:1100 - Updater Version found : 6.12.0
2024-08-20 09:04:31,556 [INFO] ApplicationProperties:184 - Using Application install path: C:\ST\STM32CubeIDE_1.14.0\STM32CubeIDE\plugins\com.st.stm32cube.common.mx_6.12.0.202406281431
2024-08-20 09:04:33,151 [ERROR] LogOutputStream:75 - [STDERR_REDIRECT] Aug 20, 2024 9:04:33 AM java.util.prefs.WindowsPreferences <init>
2024-08-20 09:04:33,155 [ERROR] LogOutputStream:75 - [STDERR_REDIRECT] WARNING: Could not open/create prefs root node Software\JavaSoft\Prefs at root 0xffffffff80000002. Windows RegCreateKeyEx(...) returned error code 5.
2024-08-20 09:04:33,155 [ERROR] LogOutputStream:75 - [STDERR_REDIRECT] 
2024-08-20 09:04:33,506 [INFO] ThirdPartyUpdaterWithRetryManager:70 - Updater plugin not ready yet. [4/15]
2024-08-20 09:04:34,041 [INFO] MainUpdater:2873 - connection check result : 10
2024-08-20 09:04:34,042 [INFO] MainUpdater:290 - Updater Check For Update Now.
2024-08-20 09:04:34,043 [INFO] MicroXplorer:498 - Change Database Version : DB.6.0.120
2024-08-20 09:04:34,099 [INFO] McuFinderGlobals:63 - Set McuFinder mode to 2 (CubeIDE integrated)
2024-08-20 09:04:34,100 [INFO] UserAuth:179 - activating auth plugin
2024-08-20 09:04:34,121 [INFO] UserAuth:417 - Internet connection configuration mode: 1
2024-08-20 09:04:34,191 [INFO] JxBrowserEngine:152 - Initiate JxBrowser Engine with user profile folder
2024-08-20 09:04:34,476 [INFO] CheckServerUpdateThread:120 - End of CheckServer Thread
2024-08-20 09:04:37,009 [WARN] PackLoader:240 - Cannot read IP mode file for STMicroelectronics.FP-SNS-MOTENVWB1.1.4.0
2024-08-20 09:04:37,054 [WARN] PackLoader:240 - Cannot read IP mode file for STMicroelectronics.X-CUBE-SMBUS.2.1.0
2024-08-20 09:04:37,081 [WARN] PackLoader:240 - Cannot read IP mode file for STMicroelectronics.X-CUBE-TOUCHGFX.4.23.1
2024-08-20 09:04:37,105 [WARN] PackLoader:240 - Cannot read IP mode file for STMicroelectronics.X-CUBE-TOUCHGFX.4.23.0
2024-08-20 09:04:37,151 [WARN] PackLoader:240 - Cannot read IP mode file for STMicroelectronics.X-CUBE-TOUCHGFX.4.23.2
2024-08-20 09:04:37,290 [WARN] PackLoader:240 - Cannot read IP mode file for STMicroelectronics.X-CUBE-AZRTOS-F7.1.1.0
2024-08-20 09:04:37,348 [WARN] PackLoader:240 - Cannot read IP mode file for STMicroelectronics.FP-SNS-MOTENV1.4.3.2
2024-08-20 09:04:37,378 [WARN] PackLoader:240 - Cannot read IP mode file for STMicroelectronics.FP-SNS-FLIGHT1.5.0.2
2024-08-20 09:04:37,408 [WARN] PackLoader:240 - Cannot read IP mode file for STMicroelectronics.X-CUBE-DISPLAY.3.0.0
2024-08-20 09:04:37,448 [WARN] PackLoader:240 - Cannot read IP mode file for STMicroelectronics.X-CUBE-BLE1.7.0.0
2024-08-20 09:04:37,472 [WARN] PackLoader:240 - Cannot read IP mode file for emotas.I-CUBE-CANOPEN.1.3.0
2024-08-20 09:04:37,529 [WARN] PackLoader:240 - Cannot read IP mode file for STMicroelectronics.X-CUBE-BLEMGR.3.1.0
2024-08-20 09:04:37,562 [WARN] PackLoader:240 - Cannot read IP mode file for STMicroelectronics.FP-SNS-SMARTAG2.1.2.0
2024-08-20 09:04:37,595 [INFO] LogOutputStream:77 - [STDOUT_REDIRECT] 1 : Invalid condition id : UX_CORESTACK_Condition cause : null
2024-08-20 09:04:37,596 [INFO] LogOutputStream:77 - [STDOUT_REDIRECT] 1 : Invalid condition id : UX_CORESTACK_Condition cause : null
2024-08-20 09:04:37,599 [INFO] LogOutputStream:77 - [STDOUT_REDIRECT] 1 : Invalid condition id : UX_CORESTACK_Condition cause : null
2024-08-20 09:04:37,601 [INFO] LogOutputStream:77 - [STDOUT_REDIRECT] 1 : Invalid condition id : UX_CORESTACK_Condition cause : null
2024-08-20 09:04:37,603 [INFO] LogOutputStream:77 - [STDOUT_REDIRECT] 1 : Invalid condition id : UX_CORESTACK_Condition cause : null
2024-08-20 09:04:37,608 [WARN] PackLoader:240 - Cannot read IP mode file for STMicroelectronics.X-CUBE-AZRTOS-WL.2.0.0
2024-08-20 09:04:37,632 [WARN] PackLoader:240 - Cannot read IP mode file for STMicroelectronics.FP-SNS-MOTENV1.5.0.0
2024-08-20 09:04:37,690 [WARN] PackLoader:240 - Cannot read IP mode file for wolfSSL.I-CUBE-wolfMQTT.1.19.0
2024-08-20 09:04:37,729 [WARN] PackLoader:240 - Cannot read IP mode file for WES.I-CUBE-Cesium.1.3.0
2024-08-20 09:04:37,753 [WARN] PackLoader:240 - Cannot read IP mode file for STMicroelectronics.X-CUBE-BLE2.3.3.0
2024-08-20 09:04:37,777 [WARN] PackLoader:240 - Cannot read IP mode file for STMicroelectronics.X-CUBE-TCPP.4.1.0
2024-08-20 09:04:37,846 [WARN] PackLoader:240 - Cannot read IP mode file for STMicroelectronics.X-CUBE-ALGOBUILD.1.3.0
2024-08-20 09:04:37,912 [WARN] PackLoader:240 - Cannot read IP mode file for STMicroelectronics.X-CUBE-AZRTOS-G0.1.1.0
2024-08-20 09:04:37,944 [WARN] PackLoader:240 - Cannot read IP mode file for STMicroelectronics.X-CUBE-SAFEA1.1.2.2
2024-08-20 09:04:38,053 [WARN] PackLoader:240 - Cannot read IP mode file for STMicroelectronics.X-CUBE-NFC4.3.0.0
2024-08-20 09:04:38,081 [WARN] PackLoader:240 - Cannot read IP mode file for EmbeddedOffice.I-CUBE-FS-RTOS.1.0.1
2024-08-20 09:04:38,082 [ERROR] ConditionMgr:805 - Attr not supported : Dmpu
2024-08-20 09:04:38,082 [ERROR] ConditionMgr:805 - Attr not supported : Dmpu
2024-08-20 09:04:38,082 [ERROR] ConditionMgr:805 - Attr not supported : Dmpu
2024-08-20 09:04:38,082 [ERROR] ConditionMgr:805 - Attr not supported : Dmpu
2024-08-20 09:04:38,083 [ERROR] ConditionMgr:805 - Attr not supported : Dmpu
2024-08-20 09:04:38,083 [ERROR] ConditionMgr:805 - Attr not supported : Dmpu
2024-08-20 09:04:38,083 [ERROR] ConditionMgr:805 - Attr not supported : Dmpu
2024-08-20 09:04:38,083 [ERROR] ConditionMgr:805 - Attr not supported : Dmpu
2024-08-20 09:04:38,083 [ERROR] ConditionMgr:805 - Attr not supported : Dmpu
2024-08-20 09:04:38,083 [ERROR] ConditionMgr:805 - Attr not supported : Dmpu
2024-08-20 09:04:38,083 [ERROR] ConditionMgr:805 - Attr not supported : Dmpu
2024-08-20 09:04:38,083 [ERROR] ConditionMgr:805 - Attr not supported : Dmpu
2024-08-20 09:04:38,083 [ERROR] ConditionMgr:805 - Attr not supported : Dmpu
2024-08-20 09:04:38,084 [ERROR] ConditionMgr:805 - Attr not supported : Dmpu
2024-08-20 09:04:38,084 [ERROR] ConditionMgr:805 - Attr not supported : Dmpu
2024-08-20 09:04:38,084 [ERROR] ConditionMgr:805 - Attr not supported : Dmpu
2024-08-20 09:04:38,085 [ERROR] ConditionMgr:805 - Attr not supported : Dmpu
2024-08-20 09:04:38,085 [ERROR] ConditionMgr:805 - Attr not supported : Dmpu
2024-08-20 09:04:38,085 [ERROR] ConditionMgr:805 - Attr not supported : Dmpu
2024-08-20 09:04:38,085 [ERROR] ConditionMgr:805 - Attr not supported : Dmpu
2024-08-20 09:04:38,085 [ERROR] ConditionMgr:805 - Attr not supported : Dmpu
2024-08-20 09:04:38,085 [ERROR] ConditionMgr:805 - Attr not supported : Dmpu
2024-08-20 09:04:38,085 [ERROR] ConditionMgr:805 - Attr not supported : Dmpu
2024-08-20 09:04:38,085 [ERROR] ConditionMgr:805 - Attr not supported : Dmpu
2024-08-20 09:04:38,086 [ERROR] ConditionMgr:805 - Attr not supported : Dmpu
2024-08-20 09:04:38,086 [ERROR] ConditionMgr:805 - Attr not supported : Dmpu
2024-08-20 09:04:38,086 [ERROR] ConditionMgr:805 - Attr not supported : Dmpu
2024-08-20 09:04:38,086 [ERROR] ConditionMgr:805 - Attr not supported : Dmpu
2024-08-20 09:04:38,086 [ERROR] ConditionMgr:805 - Attr not supported : Dmpu
2024-08-20 09:04:38,086 [ERROR] ConditionMgr:805 - Attr not supported : Dmpu
2024-08-20 09:04:38,086 [ERROR] ConditionMgr:805 - Attr not supported : Dmpu
2024-08-20 09:04:38,086 [ERROR] ConditionMgr:805 - Attr not supported : Dmpu
2024-08-20 09:04:38,086 [ERROR] ConditionMgr:805 - Attr not supported : Dmpu
2024-08-20 09:04:38,086 [ERROR] ConditionMgr:805 - Attr not supported : Dmpu
2024-08-20 09:04:38,086 [ERROR] ConditionMgr:805 - Attr not supported : Dmpu
2024-08-20 09:04:38,087 [ERROR] ConditionMgr:805 - Attr not supported : Dmpu
2024-08-20 09:04:38,087 [ERROR] ConditionMgr:805 - Attr not supported : Dmpu
2024-08-20 09:04:38,087 [ERROR] ConditionMgr:805 - Attr not supported : Dmpu
2024-08-20 09:04:38,087 [ERROR] ConditionMgr:805 - Attr not supported : Dmpu
2024-08-20 09:04:38,087 [ERROR] ConditionMgr:805 - Attr not supported : Dmpu
2024-08-20 09:04:38,087 [ERROR] ConditionMgr:805 - Attr not supported : Dmpu
2024-08-20 09:04:38,087 [ERROR] ConditionMgr:805 - Attr not supported : Dmpu
2024-08-20 09:04:38,087 [ERROR] ConditionMgr:805 - Attr not supported : Dmpu
2024-08-20 09:04:38,087 [ERROR] ConditionMgr:805 - Attr not supported : Dmpu
2024-08-20 09:04:38,088 [ERROR] ConditionMgr:805 - Attr not supported : Dmpu
2024-08-20 09:04:38,088 [ERROR] ConditionMgr:805 - Attr not supported : Dmpu
2024-08-20 09:04:38,088 [ERROR] ConditionMgr:805 - Attr not supported : Dmpu
2024-08-20 09:04:38,088 [ERROR] ConditionMgr:805 - Attr not supported : Dmpu
2024-08-20 09:04:38,088 [ERROR] ConditionMgr:805 - Attr not supported : Dmpu
2024-08-20 09:04:38,088 [ERROR] ConditionMgr:805 - Attr not supported : Dmpu
2024-08-20 09:04:38,088 [ERROR] ConditionMgr:805 - Attr not supported : Dmpu
2024-08-20 09:04:38,088 [ERROR] ConditionMgr:805 - Attr not supported : Dmpu
2024-08-20 09:04:38,088 [ERROR] ConditionMgr:805 - Attr not supported : Dmpu
2024-08-20 09:04:38,088 [ERROR] ConditionMgr:805 - Attr not supported : Dmpu
2024-08-20 09:04:38,089 [ERROR] ConditionMgr:805 - Attr not supported : Dmpu
2024-08-20 09:04:38,089 [ERROR] ConditionMgr:805 - Attr not supported : Dmpu
2024-08-20 09:04:38,089 [ERROR] ConditionMgr:805 - Attr not supported : Dmpu
2024-08-20 09:04:38,089 [ERROR] ConditionMgr:805 - Attr not supported : Dmpu
2024-08-20 09:04:38,089 [ERROR] ConditionMgr:805 - Attr not supported : Dmpu
2024-08-20 09:04:38,089 [ERROR] ConditionMgr:805 - Attr not supported : Dmpu
2024-08-20 09:04:38,090 [ERROR] ConditionMgr:805 - Attr not supported : Dmpu
2024-08-20 09:04:38,090 [ERROR] ConditionMgr:805 - Attr not supported : Dmpu
2024-08-20 09:04:38,090 [ERROR] ConditionMgr:805 - Attr not supported : Dmpu
2024-08-20 09:04:38,090 [ERROR] ConditionMgr:805 - Attr not supported : Dmpu
2024-08-20 09:04:38,112 [WARN] PackLoader:240 - Cannot read IP mode file for RealThread.X-CUBE-RT-Thread_Nano.4.1.1
2024-08-20 09:04:38,129 [WARN] PackLoader:240 - Cannot read IP mode file for STMicroelectronics.FP-ATR-SIGFOX1.3.2.0
2024-08-20 09:04:38,153 [WARN] PackLoader:240 - Cannot read IP mode file for STMicroelectronics.X-CUBE-EEPRMA1.5.1.0
2024-08-20 09:04:38,323 [WARN] PackLoader:240 - Cannot read IP mode file for SEGGER.I-CUBE-embOS.1.3.1
2024-08-20 09:04:38,693 [WARN] PackLoader:240 - Cannot read IP mode file for STMicroelectronics.X-CUBE-ALGOBUILD.1.4.0
2024-08-20 09:04:38,715 [WARN] PackLoader:240 - Cannot read IP mode file for STMicroelectronics.X-CUBE-GNSS1.6.0.0
2024-08-20 09:04:38,764 [WARN] PackLoader:240 - Cannot read IP mode file for STMicroelectronics.X-CUBE-AZRTOS-F4.1.1.0
2024-08-20 09:04:38,793 [WARN] PackLoader:240 - Cannot read IP mode file for STMicroelectronics.X-CUBE-FREERTOS.1.2.0
2024-08-20 09:04:38,816 [WARN] PackLoader:240 - Cannot read IP mode file for wolfSSL.I-CUBE-wolfSSL.5.6.6
2024-08-20 09:04:38,877 [WARN] PackLoader:240 - Cannot read IP mode file for STMicroelectronics.X-CUBE-AZRTOS-L5.2.0.0
2024-08-20 09:04:38,924 [WARN] PackLoader:240 - Cannot read IP mode file for STMicroelectronics.X-CUBE-NFC6.3.1.0
2024-08-20 09:04:38,951 [WARN] PackLoader:240 - Cannot read IP mode file for ITTIA_DB.I-CUBE-ITTIADB.8.8.0
2024-08-20 09:04:38,980 [WARN] PackLoader:240 - Cannot read IP mode file for STMicroelectronics.X-CUBE-DPower.1.2.0
2024-08-20 09:04:39,007 [WARN] PackLoader:240 - Cannot read IP mode file for STMicroelectronics.X-CUBE-AI.9.0.0
2024-08-20 09:04:39,072 [WARN] PackLoader:240 - Cannot read IP mode file for STMicroelectronics.X-CUBE-NFC7.1.0.1
2024-08-20 09:04:39,122 [WARN] PackLoader:240 - Cannot read IP mode file for wolfSSL.I-CUBE-wolfTPM.3.2.0
2024-08-20 09:04:39,159 [WARN] PackLoader:240 - Cannot read IP mode file for STMicroelectronics.X-CUBE-NFC6.3.0.0
2024-08-20 09:04:39,191 [WARN] PackLoader:240 - Cannot read IP mode file for STMicroelectronics.X-CUBE-AI.8.1.0
2024-08-20 09:04:39,266 [WARN] ConditionMgr:438 - getConditionDescription Invalid condition id : LAN8742 Phy interface Condition cause : null
2024-08-20 09:04:39,270 [WARN] PackLoader:240 - Cannot read IP mode file for STMicroelectronics.X-CUBE-AZRTOS-L4.2.0.0
2024-08-20 09:04:39,272 [WARN] ConditionMgr:1039 - genDependencies : Invalid condition id : LAN8742 Phy interface Condition cause : null
2024-08-20 09:04:39,272 [WARN] ConditionMgr:1039 - genDependencies : Invalid condition id : LAN8742 Phy interface Condition cause : null
2024-08-20 09:04:39,274 [WARN] ConditionMgr:1039 - genDependencies : Invalid condition id : LAN8742 Phy interface Condition cause : null
2024-08-20 09:04:39,311 [WARN] PackLoader:240 - Cannot read IP mode file for STMicroelectronics.X-CUBE-SFXS2LP1.4.0.0
2024-08-20 09:04:39,369 [WARN] PackLoader:240 - Cannot read IP mode file for STMicroelectronics.X-CUBE-AZRTOS-H7.3.3.0
2024-08-20 09:04:39,682 [WARN] ConditionMgr:438 - getConditionDescription Invalid condition id : UX DEVICE CLASS RTOS Condition cause : null
2024-08-20 09:04:39,682 [WARN] ConditionMgr:438 - getConditionDescription Invalid condition id : UX DEVICE CLASS RTOS Condition cause : null
2024-08-20 09:04:39,686 [WARN] PackLoader:240 - Cannot read IP mode file for STMicroelectronics.X-CUBE-AZRTOS-WB.2.0.0
2024-08-20 09:04:39,687 [WARN] ConditionMgr:1039 - genDependencies : Invalid condition id : UX DEVICE CLASS RTOS Condition cause : null
2024-08-20 09:04:39,687 [WARN] ConditionMgr:1039 - genDependencies : Invalid condition id : UX DEVICE CLASS RTOS Condition cause : null
2024-08-20 09:04:39,688 [WARN] ConditionMgr:1039 - genDependencies : Invalid condition id : UX DEVICE CLASS RTOS Condition cause : null
2024-08-20 09:04:39,689 [WARN] ConditionMgr:1039 - genDependencies : Invalid condition id : UX DEVICE CLASS RTOS Condition cause : null
2024-08-20 09:04:39,689 [WARN] ConditionMgr:1039 - genDependencies : Invalid condition id : UX DEVICE CLASS RTOS Condition cause : null
2024-08-20 09:04:39,807 [WARN] PackLoader:240 - Cannot read IP mode file for STMicroelectronics.FP-SNS-STBOX1.2.0.0
2024-08-20 09:04:39,924 [WARN] PackLoader:240 - Cannot read IP mode file for STMicroelectronics.X-CUBE-SUBG2.5.0.0
2024-08-20 09:04:40,065 [WARN] PackLoader:240 - Cannot read IP mode file for STMicroelectronics.X-CUBE-AZRTOS-G4.2.0.0
2024-08-20 09:04:40,185 [WARN] PackLoader:240 - Cannot read IP mode file for Infineon.AIROC-Wi-Fi-Bluetooth-STM32.1.5.1
2024-08-20 09:04:40,209 [WARN] PackLoader:240 - Cannot read IP mode file for STMicroelectronics.FP-SNS-MOTENVWB1.1.3.1
2024-08-20 09:04:40,253 [WARN] PackLoader:240 - Cannot read IP mode file for STMicroelectronics.X-CUBE-ISPU.2.0.0
2024-08-20 09:04:40,272 [WARN] PackLoader:240 - Cannot read IP mode file for STMicroelectronics.X-CUBE-ALS.1.0.2
2024-08-20 09:04:40,352 [WARN] PackLoader:240 - Cannot read IP mode file for STMicroelectronics.X-CUBE-MEMS1.10.0.0
2024-08-20 09:04:40,717 [WARN] PackLoader:240 - Cannot read IP mode file for STMicroelectronics.X-CUBE-FREERTOS.1.1.0
2024-08-20 09:04:40,757 [WARN] PackLoader:240 - Cannot read IP mode file for STMicroelectronics.X-CUBE-TOUCHGFX.4.24.0
2024-08-20 09:04:40,793 [WARN] PackLoader:240 - Cannot read IP mode file for portGmbH.I-Cube-SoM-uGOAL.1.1.0
2024-08-20 09:04:40,823 [WARN] PackLoader:240 - Cannot read IP mode file for STMicroelectronics.X-CUBE-ALS.1.0.1
2024-08-20 09:04:41,341 [WARN] PackLoader:240 - Cannot read IP mode file for STMicroelectronics.X-CUBE-AZRTOS-H7RS.1.0.0
2024-08-20 09:04:41,488 [WARN] PackLoader:240 - Cannot read IP mode file for STMicroelectronics.FP-ATR-ASTRA1.2.0.0
2024-08-20 09:04:41,595 [WARN] PackLoader:240 - Cannot read IP mode file for STMicroelectronics.X-CUBE-TOF1.3.4.2
2024-08-20 09:04:41,717 [WARN] PackLoader:240 - Cannot read IP mode file for STMicroelectronics.X-CUBE-TOF1.3.4.0
2024-08-20 09:04:41,792 [WARN] PackLoader:240 - Cannot read IP mode file for STMicroelectronics.X-CUBE-TOF1.3.4.1
2024-08-20 09:04:41,935 [WARN] PackLoader:240 - Cannot read IP mode file for STMicroelectronics.X-CUBE-AZRTOS-H7.3.2.0
2024-08-20 09:04:41,983 [WARN] PackLoader:240 - Cannot read IP mode file for wolfSSL.I-CUBE-wolfSSH.1.4.17
2024-08-20 09:04:41,984 [INFO] ThirdParty:978 - Integrity check success = true
2024-08-20 09:04:41,984 [INFO] IntegrityCheckThread:100 - exiting critical section [integrity check]
2024-08-20 09:04:41,984 [INFO] IntegrityCheckThread:103 - End integrity checks thread
2024-08-20 09:04:42,844 [INFO] WebApp:167 - Instantiating new browser for Auth
2024-08-20 09:04:44,790 [INFO] WebApp:448 - Apply proxy settings
2024-08-20 09:04:44,791 [INFO] WebApp:533 - Chromium requires no authentication
2024-08-20 09:04:44,820 [INFO] WebApp:476 - Direct internet connection detected
2024-08-20 09:04:44,897 [INFO] WebApp:869 - Register for checkConnection events
2024-08-20 09:04:44,897 [INFO] WebApp:448 - Apply proxy settings
2024-08-20 09:04:44,899 [INFO] WebApp:533 - Chromium requires no authentication
2024-08-20 09:04:44,900 [INFO] WebApp:476 - Direct internet connection detected
2024-08-20 09:04:45,195 [INFO] WebApp:186 - Connection restablished
2024-08-20 09:04:45,321 [INFO] WebApp:220 - Starting web application
2024-08-20 09:04:45,321 [INFO] WebApp:578 - Web application path used C:\ST\STM32CubeIDE_1.14.0\STM32CubeIDE\plugins\com.st.stm32cube.common.mx_6.12.0.202406281431\db\plugins\mcufinder\reactClient1\index.html
