2024-08-14 08:56:18,002 [INFO] WebApp:189 - Connection lost
2024-08-14 08:56:23,139 [INFO] WebApp:186 - Connection restablished
2024-08-14 10:33:28,702 [INFO] NvicIntPanel:101 - NVIC parent = com.st.microxplorer.plugins.ip.nvic.MultiNvicIntPanel[,0,0,0x0,invalid,layout=javax.swing.BoxLayout,alignmentX=0.0,alignmentY=0.0,border=,flags=9,maximumSize=,minimumSize=,preferredSize=]
2024-08-14 10:39:10,724 [INFO] WebApp:189 - Connection lost
2024-08-14 10:39:42,436 [INFO] WebApp:186 - Connection restablished
2024-08-14 11:09:20,137 [INFO] NvicIntPanel:101 - NVIC parent = com.st.microxplorer.plugins.ip.nvic.MultiNvicIntPanel[,0,0,0x0,invalid,layout=javax.swing.BoxLayout,alignmentX=0.0,alignmentY=0.0,border=,flags=9,maximumSize=,minimumSize=,preferredSize=]
2024-08-14 11:10:36,850 [INFO] NvicIntPanel:101 - NVIC parent = com.st.microxplorer.plugins.ip.nvic.MultiNvicIntPanel[,0,0,0x0,invalid,layout=javax.swing.BoxLayout,alignmentX=0.0,alignmentY=0.0,border=,flags=9,maximumSize=,minimumSize=,preferredSize=]
2024-08-14 11:10:45,329 [INFO] UtilMem:75 - End SaveConfig() Used Memory: 421009408 Bytes (870318080)
2024-08-14 11:10:46,161 [INFO] UtilMem:75 - End SaveConfig() Used Memory: 506152632 Bytes (870318080)
2024-08-14 11:10:46,720 [INFO] BlockDiagram:2766 - set Specific Code input for plugin: TIM1_8
2024-08-14 11:10:46,720 [INFO] BlockDiagram:2766 - set Specific Code input for plugin: CAN
2024-08-14 11:10:46,720 [INFO] BlockDiagram:2766 - set Specific Code input for plugin: SYS
2024-08-14 11:10:46,720 [INFO] BlockDiagram:2766 - set Specific Code input for plugin: RCC
2024-08-14 11:10:46,720 [INFO] BlockDiagram:2766 - set Specific Code input for plugin: NVIC
2024-08-14 11:10:46,720 [INFO] BlockDiagram:2766 - set Specific Code input for plugin: USART
2024-08-14 11:10:46,721 [INFO] BlockDiagram:2766 - set Specific Code input for plugin: GPIO
2024-08-14 11:10:46,722 [INFO] CodeGenerator:807 - code generatio: config db path: C:\ST\STM32CubeIDE_1.14.0\STM32CubeIDE\plugins\com.st.stm32cube.common.mx_6.12.0.202406281431\\db\
2024-08-14 11:10:46,958 [INFO] CodeEngine:255 - oldGeneratedFile, C:\Users\RND_220516\Documents\STM32\F405ZGT6_TIM_Encorder_Mode\MXTmpFiles\license.tmp_save
2024-08-14 11:10:47,216 [INFO] CodeEngine:279 - Generated code: C:\Users\RND_220516\Documents\STM32\F405ZGT6_TIM_Encorder_Mode\MXTmpFiles\license.tmp
2024-08-14 11:10:47,313 [INFO] CodeEngine:255 - oldGeneratedFile, C:\Users\RND_220516\Documents\STM32\F405ZGT6_TIM_Encorder_Mode\MXTmpFiles\gpio.tmp_save
2024-08-14 11:10:47,475 [INFO] CodeEngine:279 - Generated code: C:\Users\RND_220516\Documents\STM32\F405ZGT6_TIM_Encorder_Mode\MXTmpFiles\gpio.tmp
2024-08-14 11:10:47,740 [INFO] CodeEngine:255 - oldGeneratedFile, C:\Users\RND_220516\Documents\STM32\F405ZGT6_TIM_Encorder_Mode\Core\Src\stm32f4xx_it.c_save
2024-08-14 11:10:48,037 [INFO] CodeEngine:279 - Generated code: C:\Users\RND_220516\Documents\STM32\F405ZGT6_TIM_Encorder_Mode\Core\Src\stm32f4xx_it.c
2024-08-14 11:10:48,087 [INFO] CodeEngine:255 - oldGeneratedFile, C:\Users\RND_220516\Documents\STM32\F405ZGT6_TIM_Encorder_Mode\Core\Inc\stm32f4xx_it.h_save
2024-08-14 11:10:48,240 [INFO] CodeEngine:279 - Generated code: C:\Users\RND_220516\Documents\STM32\F405ZGT6_TIM_Encorder_Mode\Core\Inc\stm32f4xx_it.h
2024-08-14 11:10:48,318 [INFO] CodeEngine:255 - oldGeneratedFile, C:\Users\RND_220516\Documents\STM32\F405ZGT6_TIM_Encorder_Mode\Core\Src\stm32f4xx_hal_msp.c_save
2024-08-14 11:10:48,571 [INFO] CodeEngine:279 - Generated code: C:\Users\RND_220516\Documents\STM32\F405ZGT6_TIM_Encorder_Mode\Core\Src\stm32f4xx_hal_msp.c
2024-08-14 11:10:48,595 [INFO] CodeEngine:255 - oldGeneratedFile, C:\Users\RND_220516\Documents\STM32\F405ZGT6_TIM_Encorder_Mode\MXTmpFiles\system.tmp_save
2024-08-14 11:10:48,704 [INFO] CodeEngine:279 - Generated code: C:\Users\RND_220516\Documents\STM32\F405ZGT6_TIM_Encorder_Mode\MXTmpFiles\system.tmp
2024-08-14 11:10:48,755 [INFO] CodeEngine:311 - oldGeneratedFile, C:\Users\RND_220516\Documents\STM32\F405ZGT6_TIM_Encorder_Mode\Core\Inc\stm32f4xx_hal_conf.h_save
2024-08-14 11:10:48,929 [INFO] CodeEngine:335 - Generated code: C:\Users\RND_220516\Documents\STM32\F405ZGT6_TIM_Encorder_Mode\Core\Inc\stm32f4xx_hal_conf.h
2024-08-14 11:10:48,974 [WARN] IPConfigManager:3554 - IP not found : TIM
2024-08-14 11:10:48,976 [WARN] CodeGenerator:4002 - IP not found : null
2024-08-14 11:10:49,053 [INFO] CodeEngine:255 - oldGeneratedFile, C:\Users\RND_220516\Documents\STM32\F405ZGT6_TIM_Encorder_Mode\Core\Inc\main.h_save
2024-08-14 11:10:49,232 [INFO] CodeEngine:279 - Generated code: C:\Users\RND_220516\Documents\STM32\F405ZGT6_TIM_Encorder_Mode\Core\Inc\main.h
2024-08-14 11:10:49,274 [INFO] CodeEngine:255 - oldGeneratedFile, C:\Users\RND_220516\Documents\STM32\F405ZGT6_TIM_Encorder_Mode\Core\Src\main.c_save
2024-08-14 11:10:49,502 [INFO] CodeEngine:279 - Generated code: C:\Users\RND_220516\Documents\STM32\F405ZGT6_TIM_Encorder_Mode\Core\Src\main.c
2024-08-14 11:10:50,103 [INFO] ProjectBuilder:3249 - Time for Copy HAL[1] : 312mS.
2024-08-14 11:10:50,108 [INFO] ProjectBuilder:4828 - Project Generator version: 4.4.0-B60
2024-08-14 11:10:50,241 [INFO] ConfigFileManager:1531 - The Die is : DIE413
2024-08-14 11:10:53,044 [INFO] ProjectBuilder:5097 - Time for Generating toolchain IDE Files: 2936mS.
2024-08-14 11:10:53,045 [INFO] ProjectBuilder:3107 - Time for Copy CMSIS : 0mS.
2024-08-14 11:10:53,049 [INFO] ProjectBuilder:3107 - Time for Copy CMSIS : 0mS.
2024-08-14 11:39:30,720 [INFO] WebApp:388 - JxBrowser engine has been closed 
