2024-08-12 09:36:54,895 [INFO] Activator:176 - 


2024-08-12 09:36:54,905 [INFO] Activator:177 - !SESSION log4j initialized
2024-08-12 09:37:07,325 [INFO] LogOutputStream:77 - [STDOUT_REDIRECT] 
2024-08-12 09:37:20,576 [INFO] ApplicationProperties:184 - Using Application install path: C:\ST\STM32CubeIDE_1.14.0\STM32CubeIDE\plugins\com.st.stm32cube.common.mx_6.12.0.202406281431
2024-08-12 09:37:20,607 [INFO] DbMcusXml:78 - Set database path to: C:\ST\STM32CubeIDE_1.14.0\STM32CubeIDE\plugins\com.st.stm32cube.common.mx_6.12.0.202406281431\\db\/mcu/
2024-08-12 09:37:20,607 [INFO] ApiDb:274 - Set plugin database path to: C:\ST\STM32CubeIDE_1.14.0\STM32CubeIDE\plugins\com.st.stm32cube.common.mx_6.12.0.202406281431\\db\/plugins/boardmanager/
2024-08-12 09:37:20,608 [WARN] ApiDb:259 - Overriding images path with different value:  => C:\ST\STM32CubeIDE_1.14.0\STM32CubeIDE\plugins\com.st.stm32cube.common.mx_6.12.0.202406281431\\db\/plugins/mcufinder/images/
2024-08-12 09:37:20,622 [INFO] ApiDb:250 - Set database path to: C:\Users\RND_220516\.stmcufinder\plugins\mcufinder//mcu/
2024-08-12 09:37:20,623 [INFO] DbMcusAds:125 - Set database path to: C:\Users\RND_220516\.stmcufinder\plugins\mcufinder//mcu/
2024-08-12 09:37:20,632 [INFO] CrossReferenceDbSqlite:203 - Set database path to: C:\Users\RND_220516\.stmcufinder\plugins\mcufinder//mcu/cs/
2024-08-12 09:37:20,835 [INFO] RulesReader:64 - Compatibility file has been processed (297 Rules)
2024-08-12 09:37:21,002 [INFO] DbMcusXml:78 - Set database path to: C:\ST\STM32CubeIDE_1.14.0\STM32CubeIDE\plugins\com.st.stm32cube.common.mx_6.12.0.202406281431\\db\/mcu/
2024-08-12 09:37:21,002 [INFO] ApiDb:274 - Set plugin database path to: C:\ST\STM32CubeIDE_1.14.0\STM32CubeIDE\plugins\com.st.stm32cube.common.mx_6.12.0.202406281431\\db\/plugins/boardmanager/
2024-08-12 09:37:21,002 [INFO] ApiDb:261 - Set plugin images path to: C:\ST\STM32CubeIDE_1.14.0\STM32CubeIDE\plugins\com.st.stm32cube.common.mx_6.12.0.202406281431\\db\/plugins/mcufinder/images/
2024-08-12 09:37:21,003 [WARN] DbFile:41 - Overriding database path with different value: C:\Users\RND_220516\.stmcufinder\plugins\mcufinder/ => C:\Users\RND_220516\.stmcufinder\plugins\mcufinder
2024-08-12 09:37:21,003 [INFO] ApiDb:250 - Set database path to: C:\Users\RND_220516\.stmcufinder\plugins\mcufinder//mcu/
2024-08-12 09:37:21,003 [WARN] DbFile:41 - Overriding database path with different value: C:\Users\RND_220516\.stmcufinder\plugins\mcufinder/ => C:\Users\RND_220516\.stmcufinder\plugins\mcufinder
2024-08-12 09:37:21,003 [INFO] DbMcusAds:125 - Set database path to: C:\Users\RND_220516\.stmcufinder\plugins\mcufinder//mcu/
2024-08-12 09:37:21,003 [WARN] DbFile:41 - Overriding database path with different value: C:\Users\RND_220516\.stmcufinder\plugins\mcufinder/ => C:\Users\RND_220516\.stmcufinder\plugins\mcufinder
2024-08-12 09:37:21,003 [WARN] DbFile:41 - Overriding database path with different value: C:\Users\RND_220516\.stmcufinder\plugins\mcufinder/ => C:\Users\RND_220516\.stmcufinder\plugins\mcufinder
2024-08-12 09:37:21,004 [INFO] CrossReferenceDbSqlite:203 - Set database path to: C:\Users\RND_220516\.stmcufinder\plugins\mcufinder//mcu/cs/
2024-08-12 09:37:21,150 [INFO] MainPanel:268 - HeapMemory: 268435456
2024-08-12 09:37:21,301 [INFO] DbMcusXml:78 - Set database path to: C:\ST\STM32CubeIDE_1.14.0\STM32CubeIDE\plugins\com.st.stm32cube.common.mx_6.12.0.202406281431\\db\/mcu/
2024-08-12 09:37:21,302 [INFO] ApiDb:274 - Set plugin database path to: C:\ST\STM32CubeIDE_1.14.0\STM32CubeIDE\plugins\com.st.stm32cube.common.mx_6.12.0.202406281431\\db\/plugins/boardmanager/
2024-08-12 09:37:21,302 [INFO] ApiDb:261 - Set plugin images path to: C:\ST\STM32CubeIDE_1.14.0\STM32CubeIDE\plugins\com.st.stm32cube.common.mx_6.12.0.202406281431\\db\/plugins/mcufinder/images/
2024-08-12 09:37:21,302 [WARN] DbFile:41 - Overriding database path with different value: C:\Users\RND_220516\.stmcufinder\plugins\mcufinder/ => C:\Users\RND_220516\.stmcufinder\plugins\mcufinder
2024-08-12 09:37:21,303 [INFO] ApiDb:250 - Set database path to: C:\Users\RND_220516\.stmcufinder\plugins\mcufinder//mcu/
2024-08-12 09:37:21,303 [WARN] DbFile:41 - Overriding database path with different value: C:\Users\RND_220516\.stmcufinder\plugins\mcufinder/ => C:\Users\RND_220516\.stmcufinder\plugins\mcufinder
2024-08-12 09:37:21,303 [INFO] DbMcusAds:125 - Set database path to: C:\Users\RND_220516\.stmcufinder\plugins\mcufinder//mcu/
2024-08-12 09:37:21,303 [WARN] DbFile:41 - Overriding database path with different value: C:\Users\RND_220516\.stmcufinder\plugins\mcufinder/ => C:\Users\RND_220516\.stmcufinder\plugins\mcufinder
2024-08-12 09:37:21,303 [WARN] DbFile:41 - Overriding database path with different value: C:\Users\RND_220516\.stmcufinder\plugins\mcufinder/ => C:\Users\RND_220516\.stmcufinder\plugins\mcufinder
2024-08-12 09:37:21,303 [INFO] CrossReferenceDbSqlite:203 - Set database path to: C:\Users\RND_220516\.stmcufinder\plugins\mcufinder//mcu/cs/
2024-08-12 09:37:21,327 [INFO] ApplicationProperties:184 - Using Application install path: C:\ST\STM32CubeIDE_1.14.0\STM32CubeIDE\plugins\com.st.stm32cube.common.mx_6.12.0.202406281431
2024-08-12 09:37:21,329 [INFO] PluginManage:196 - Search for loadable plugins [exclusion list=, ]
2024-08-12 09:37:21,331 [INFO] PluginManage:310 - Check plugin analytics
2024-08-12 09:37:21,627 [INFO] AnalyticsPlugin:253 - Accepted Software Licenses: 
2024-08-12 09:37:21,627 [INFO] AnalyticsPlugin:255 - Accepted CMSIS Pack Licenses: 
2024-08-12 09:37:21,628 [INFO] AnalyticsPlugin:257 - Accepted Firmware Licenses: FW.F4.1.28.0,FW.F4.1.27.0
2024-08-12 09:37:21,634 [INFO] PluginManage:359 - Loaded plugin analytics (category:tool,tabindex:-1)
2024-08-12 09:37:21,634 [INFO] PluginManage:310 - Check plugin cadmodel
2024-08-12 09:37:21,656 [INFO] CADModel:105 - Init CAD model plugin
2024-08-12 09:37:21,656 [INFO] PluginManage:359 - Loaded plugin cadmodel (category:power,tabindex:5)
2024-08-12 09:37:21,657 [INFO] PluginManage:310 - Check plugin clock
2024-08-12 09:37:21,700 [INFO] PluginManage:359 - Loaded plugin clock (category:base,tabindex:2)
2024-08-12 09:37:21,700 [INFO] PluginManage:310 - Check plugin ddr
2024-08-12 09:37:21,715 [INFO] PluginManage:359 - Loaded plugin ddr (category:tool,tabindex:6)
2024-08-12 09:37:21,715 [INFO] PluginManage:310 - Check plugin filemanager
2024-08-12 09:37:22,117 [INFO] PluginManage:359 - Loaded plugin filemanager (category:base,tabindex:10)
2024-08-12 09:37:22,118 [INFO] PluginManage:310 - Check plugin ipmanager
2024-08-12 09:37:22,128 [INFO] PluginManage:359 - Loaded plugin ipmanager (category:base,tabindex:5)
2024-08-12 09:37:22,129 [INFO] PluginManage:310 - Check plugin lpbam
2024-08-12 09:37:22,153 [INFO] PluginManage:359 - Loaded plugin lpbam (category:base,tabindex:0)
2024-08-12 09:37:22,153 [INFO] PluginManage:310 - Check plugin memorymap
2024-08-12 09:37:22,190 [INFO] PluginManage:359 - Loaded plugin memorymap (category:base,tabindex:4)
2024-08-12 09:37:22,190 [INFO] PluginManage:310 - Check plugin pinoutandconfiguration
2024-08-12 09:37:22,214 [INFO] PluginManage:359 - Loaded plugin pinoutandconfiguration (category:base,tabindex:1)
2024-08-12 09:37:22,215 [INFO] PluginManage:310 - Check plugin pinoutconfig
2024-08-12 09:37:22,382 [WARN] SupportedApi:132 - Cannot load RTOS API schema: s4s-elt-must-match.1: The content of 'definitions' must match (annotation?, (simpleType | complexType)?, (unique | key | keyref)*)). A problem was found starting at: attribute.
2024-08-12 09:37:22,622 [INFO] PluginManage:359 - Loaded plugin pinoutconfig (category:base,tabindex:0)
2024-08-12 09:37:22,623 [INFO] PluginManage:310 - Check plugin power
2024-08-12 09:37:22,650 [INFO] PluginManage:359 - Loaded plugin power (category:power,tabindex:4)
2024-08-12 09:37:22,650 [INFO] PluginManage:310 - Check plugin projectmanager
2024-08-12 09:37:22,677 [INFO] PluginManage:359 - Loaded plugin projectmanager (category:projectmanager,tabindex:4)
2024-08-12 09:37:22,677 [INFO] PluginManage:310 - Check plugin rif
2024-08-12 09:37:22,699 [INFO] PluginManage:359 - Loaded plugin rif (category:base,tabindex:3)
2024-08-12 09:37:22,700 [INFO] PluginManage:310 - Check plugin thirdparty
2024-08-12 09:37:23,095 [INFO] PluginManage:359 - Loaded plugin thirdparty (category:base,tabindex:-1)
2024-08-12 09:37:23,096 [INFO] PluginManage:310 - Check plugin tools
2024-08-12 09:37:23,108 [WARN] IntegrityCheckThread:84 - waiting for thirdparty lock release [integrity check]
2024-08-12 09:37:23,111 [INFO] IntegrityCheckThread:86 - entering critical section [integrity check]
2024-08-12 09:37:23,111 [INFO] ThirdPartyUpdaterWithRetryManager:70 - Updater plugin not ready yet. [1/15]
2024-08-12 09:37:23,215 [INFO] PluginManage:359 - Loaded plugin tools (category:base,tabindex:7)
2024-08-12 09:37:23,216 [INFO] PluginManage:310 - Check plugin tutovideos
2024-08-12 09:37:23,815 [INFO] PluginManage:359 - Loaded plugin tutovideos (category:base,tabindex:-1)
2024-08-12 09:37:23,815 [INFO] PluginManage:310 - Check plugin updater
2024-08-12 09:37:23,900 [INFO] PluginManage:359 - Loaded plugin updater (category:base,tabindex:12)
2024-08-12 09:37:23,900 [INFO] PluginManage:310 - Check plugin userauth
2024-08-12 09:37:23,910 [INFO] UserAuth:113 - Init User Auth plugin
2024-08-12 09:37:23,911 [INFO] PluginManage:359 - Loaded plugin userauth (category:base,tabindex:14)
2024-08-12 09:37:23,912 [INFO] PluginManage:283 - PluginManage : Loaded plugins [18]
2024-08-12 09:37:24,401 [INFO] PinOutPanel:1561 - setPackage(No Configuration,No Configuration)
2024-08-12 09:37:24,631 [INFO] CADModel:165 - CPN selected for project level
2024-08-12 09:37:24,632 [INFO] CADModel:114 - Register for checkConnection events
2024-08-12 09:37:24,677 [INFO] IPUIPlugin:80 - create IPUIPlugin
2024-08-12 09:37:24,678 [INFO] PluginManager:220 - loadIPPluginJar : add adc
2024-08-12 09:37:24,769 [INFO] IPUIPlugin:80 - create IPUIPlugin
2024-08-12 09:37:24,769 [INFO] PluginManager:220 - loadIPPluginJar : add aes
2024-08-12 09:37:24,937 [INFO] IPUIPlugin:80 - create IPUIPlugin
2024-08-12 09:37:24,938 [INFO] PluginManager:220 - loadIPPluginJar : add can
2024-08-12 09:37:24,987 [INFO] IPUIPlugin:80 - create IPUIPlugin
2024-08-12 09:37:24,987 [INFO] PluginManager:220 - loadIPPluginJar : add comp
2024-08-12 09:37:25,039 [INFO] IPUIPlugin:80 - create IPUIPlugin
2024-08-12 09:37:25,039 [INFO] PluginManager:220 - loadIPPluginJar : add cryp
2024-08-12 09:37:25,054 [INFO] IPUIPlugin:80 - create IPUIPlugin
2024-08-12 09:37:25,054 [INFO] PluginManager:220 - loadIPPluginJar : add ddr_ctrl_phy
2024-08-12 09:37:25,133 [INFO] IPUIPlugin:80 - create IPUIPlugin
2024-08-12 09:37:25,134 [INFO] PluginManager:220 - loadIPPluginJar : add dfsdm
2024-08-12 09:37:25,149 [INFO] IPUIPlugin:80 - create IPUIPlugin
2024-08-12 09:37:25,149 [INFO] PluginManager:220 - loadIPPluginJar : add dma
2024-08-12 09:37:25,213 [INFO] IPUIPlugin:80 - create IPUIPlugin
2024-08-12 09:37:25,213 [INFO] PluginManager:220 - loadIPPluginJar : add dma3
2024-08-12 09:37:25,300 [INFO] IPUIPlugin:80 - create IPUIPlugin
2024-08-12 09:37:25,300 [INFO] PluginManager:220 - loadIPPluginJar : add extmemmanager
2024-08-12 09:37:25,342 [INFO] IPUIPlugin:80 - create IPUIPlugin
2024-08-12 09:37:25,343 [INFO] PluginManager:220 - loadIPPluginJar : add fatfs
2024-08-12 09:37:25,439 [INFO] IPUIPlugin:80 - create IPUIPlugin
2024-08-12 09:37:25,439 [INFO] PluginManager:220 - loadIPPluginJar : add fmc
2024-08-12 09:37:25,457 [INFO] IPUIPlugin:80 - create IPUIPlugin
2024-08-12 09:37:25,457 [INFO] PluginManager:220 - loadIPPluginJar : add freertos
2024-08-12 09:37:25,500 [INFO] IPUIPlugin:80 - create IPUIPlugin
2024-08-12 09:37:25,500 [INFO] PluginManager:220 - loadIPPluginJar : add genericplugin
2024-08-12 09:37:25,697 [INFO] IPUIPlugin:80 - create IPUIPlugin
2024-08-12 09:37:25,697 [INFO] PluginManager:220 - loadIPPluginJar : add gfxmmu
2024-08-12 09:37:25,969 [INFO] IPUIPlugin:80 - create IPUIPlugin
2024-08-12 09:37:25,970 [INFO] PluginManager:220 - loadIPPluginJar : add gic
2024-08-12 09:37:25,993 [INFO] IPUIPlugin:80 - create IPUIPlugin
2024-08-12 09:37:25,993 [INFO] PluginManager:220 - loadIPPluginJar : add gpio
2024-08-12 09:37:26,113 [INFO] ThirdPartyUpdaterWithRetryManager:70 - Updater plugin not ready yet. [2/15]
2024-08-12 09:37:26,181 [INFO] IPUIPlugin:80 - create IPUIPlugin
2024-08-12 09:37:26,181 [INFO] PluginManager:220 - loadIPPluginJar : add gtzc
2024-08-12 09:37:26,237 [INFO] IPUIPlugin:80 - create IPUIPlugin
2024-08-12 09:37:26,237 [INFO] PluginManager:220 - loadIPPluginJar : add hash
2024-08-12 09:37:26,339 [INFO] IPUIPlugin:80 - create IPUIPlugin
2024-08-12 09:37:26,339 [INFO] PluginManager:220 - loadIPPluginJar : add i2c
2024-08-12 09:37:26,418 [INFO] IPUIPlugin:80 - create IPUIPlugin
2024-08-12 09:37:26,418 [INFO] PluginManager:220 - loadIPPluginJar : add i2s
2024-08-12 09:37:26,506 [INFO] IPUIPlugin:80 - create IPUIPlugin
2024-08-12 09:37:26,506 [INFO] PluginManager:220 - loadIPPluginJar : add i3c
2024-08-12 09:37:26,724 [INFO] IPUIPlugin:80 - create IPUIPlugin
2024-08-12 09:37:26,725 [INFO] PluginManager:220 - loadIPPluginJar : add ipddr
2024-08-12 09:37:26,883 [INFO] IPUIPlugin:80 - create IPUIPlugin
2024-08-12 09:37:26,883 [INFO] PluginManager:220 - loadIPPluginJar : add linkedlist
2024-08-12 09:37:26,978 [INFO] IPUIPlugin:80 - create IPUIPlugin
2024-08-12 09:37:26,978 [INFO] PluginManager:220 - loadIPPluginJar : add lorawan
2024-08-12 09:37:27,064 [INFO] IPUIPlugin:80 - create IPUIPlugin
2024-08-12 09:37:27,065 [INFO] PluginManager:220 - loadIPPluginJar : add ltdc
2024-08-12 09:37:27,081 [INFO] IPUIPlugin:80 - create IPUIPlugin
2024-08-12 09:37:27,081 [INFO] PluginManager:220 - loadIPPluginJar : add mdma
2024-08-12 09:37:27,099 [INFO] IPUIPlugin:80 - create IPUIPlugin
2024-08-12 09:37:27,099 [INFO] PluginManager:220 - loadIPPluginJar : add nvic
2024-08-12 09:37:27,152 [INFO] IPUIPlugin:80 - create IPUIPlugin
2024-08-12 09:37:27,153 [INFO] PluginManager:220 - loadIPPluginJar : add opamp
2024-08-12 09:37:27,240 [INFO] IPUIPlugin:80 - create IPUIPlugin
2024-08-12 09:37:27,240 [INFO] PluginManager:220 - loadIPPluginJar : add openamp
2024-08-12 09:37:27,318 [INFO] IPUIPlugin:80 - create IPUIPlugin
2024-08-12 09:37:27,318 [INFO] PluginManager:220 - loadIPPluginJar : add pdm2pcm
2024-08-12 09:37:27,340 [INFO] IPUIPlugin:80 - create IPUIPlugin
2024-08-12 09:37:27,342 [INFO] PluginManager:220 - loadIPPluginJar : add plateformsettings
2024-08-12 09:37:27,372 [INFO] IPUIPlugin:80 - create IPUIPlugin
2024-08-12 09:37:27,372 [INFO] PluginManager:220 - loadIPPluginJar : add quadspi
2024-08-12 09:37:27,415 [INFO] IPUIPlugin:80 - create IPUIPlugin
2024-08-12 09:37:27,416 [INFO] PluginManager:220 - loadIPPluginJar : add radio
2024-08-12 09:37:27,436 [INFO] IPUIPlugin:80 - create IPUIPlugin
2024-08-12 09:37:27,436 [INFO] PluginManager:220 - loadIPPluginJar : add resmgrutility
2024-08-12 09:37:27,502 [INFO] IPUIPlugin:80 - create IPUIPlugin
2024-08-12 09:37:27,502 [INFO] PluginManager:220 - loadIPPluginJar : add sai
2024-08-12 09:37:27,551 [INFO] IPUIPlugin:80 - create IPUIPlugin
2024-08-12 09:37:27,551 [INFO] PluginManager:220 - loadIPPluginJar : add spi
2024-08-12 09:37:27,688 [INFO] IPUIPlugin:80 - create IPUIPlugin
2024-08-12 09:37:27,689 [INFO] PluginManager:220 - loadIPPluginJar : add stm32_wpan
2024-08-12 09:37:27,726 [INFO] IPUIPlugin:80 - create IPUIPlugin
2024-08-12 09:37:27,726 [INFO] PluginManager:220 - loadIPPluginJar : add tim
2024-08-12 09:37:27,839 [INFO] IPUIPlugin:80 - create IPUIPlugin
2024-08-12 09:37:27,839 [INFO] PluginManager:220 - loadIPPluginJar : add touchsensing
2024-08-12 09:37:27,889 [INFO] IPUIPlugin:80 - create IPUIPlugin
2024-08-12 09:37:27,889 [INFO] PluginManager:220 - loadIPPluginJar : add tracer_emb
2024-08-12 09:37:27,930 [INFO] IPUIPlugin:80 - create IPUIPlugin
2024-08-12 09:37:27,930 [INFO] PluginManager:220 - loadIPPluginJar : add ts
2024-08-12 09:37:27,976 [INFO] IPUIPlugin:80 - create IPUIPlugin
2024-08-12 09:37:27,976 [INFO] PluginManager:220 - loadIPPluginJar : add tsc
2024-08-12 09:37:28,019 [INFO] IPUIPlugin:80 - create IPUIPlugin
2024-08-12 09:37:28,019 [INFO] PluginManager:220 - loadIPPluginJar : add ucpd
2024-08-12 09:37:28,096 [INFO] IPUIPlugin:80 - create IPUIPlugin
2024-08-12 09:37:28,097 [INFO] PluginManager:220 - loadIPPluginJar : add usart
2024-08-12 09:37:28,190 [INFO] IPUIPlugin:80 - create IPUIPlugin
2024-08-12 09:37:28,190 [INFO] PluginManager:220 - loadIPPluginJar : add usbx
2024-08-12 09:37:28,388 [INFO] CADModel:165 - CPN selected for project level
2024-08-12 09:37:28,388 [INFO] CADModel:114 - Register for checkConnection events
2024-08-12 09:37:28,389 [FATAL] Updater:334 - Updater called before beeing initialized
2024-08-12 09:37:28,389 [ERROR] CADModel:125 - Updater not yet initialized, retry later 
2024-08-12 09:37:28,580 [INFO] CADModel:165 - CPN selected for project level
2024-08-12 09:37:28,581 [INFO] CADModel:114 - Register for checkConnection events
2024-08-12 09:37:28,581 [FATAL] Updater:334 - Updater called before beeing initialized
2024-08-12 09:37:28,581 [ERROR] CADModel:125 - Updater not yet initialized, retry later 
2024-08-12 09:37:28,586 [FATAL] Updater:334 - Updater called before beeing initialized
2024-08-12 09:37:28,762 [FATAL] Updater:334 - Updater called before beeing initialized
2024-08-12 09:37:28,779 [INFO] DbMcusAds:53 - JSON generation date=Thu May 16 18:22:00 KST 2024 (1715851320667)
2024-08-12 09:37:28,779 [FATAL] Updater:334 - Updater called before beeing initialized
2024-08-12 09:37:28,837 [WARN] DetailPanel:346 - Failed to get advertising image, set to default
2024-08-12 09:37:28,985 [FATAL] Updater:334 - Updater called before beeing initialized
2024-08-12 09:37:28,987 [FATAL] Updater:334 - Updater called before beeing initialized
2024-08-12 09:37:28,987 [FATAL] Updater:334 - Updater called before beeing initialized
2024-08-12 09:37:28,987 [WARN] DetailPanel:346 - Failed to get advertising image, set to default
2024-08-12 09:37:28,988 [FATAL] Updater:334 - Updater called before beeing initialized
2024-08-12 09:37:29,102 [ERROR] Updater:1164 - MainUpdater not yet initialized. External WinMGr cannot be set.
2024-08-12 09:37:29,114 [INFO] ThirdPartyUpdaterWithRetryManager:70 - Updater plugin not ready yet. [3/15]
2024-08-12 09:37:29,118 [INFO] Updater:1100 - Updater Version found : 6.12.0
2024-08-12 09:37:29,146 [INFO] ApplicationProperties:184 - Using Application install path: C:\ST\STM32CubeIDE_1.14.0\STM32CubeIDE\plugins\com.st.stm32cube.common.mx_6.12.0.202406281431
2024-08-12 09:37:30,742 [ERROR] LogOutputStream:75 - [STDERR_REDIRECT] Aug 12, 2024 9:37:30 AM java.util.prefs.WindowsPreferences <init>
2024-08-12 09:37:30,745 [ERROR] LogOutputStream:75 - [STDERR_REDIRECT] WARNING: Could not open/create prefs root node Software\JavaSoft\Prefs at root 0xffffffff80000002. Windows RegCreateKeyEx(...) returned error code 5.
2024-08-12 09:37:30,745 [ERROR] LogOutputStream:75 - [STDERR_REDIRECT] 
2024-08-12 09:37:31,654 [INFO] MainUpdater:2873 - connection check result : 10
2024-08-12 09:37:31,654 [INFO] MainUpdater:3567 - Updater definition file requires update
2024-08-12 09:37:31,656 [INFO] MainUpdater:290 - Updater Check For Update Now.
2024-08-12 09:37:31,656 [INFO] MicroXplorer:498 - Change Database Version : DB.6.0.120
2024-08-12 09:37:31,683 [INFO] McuFinderGlobals:63 - Set McuFinder mode to 2 (CubeIDE integrated)
2024-08-12 09:37:31,683 [INFO] UserAuth:179 - activating auth plugin
2024-08-12 09:37:31,687 [INFO] UserAuth:417 - Internet connection configuration mode: 1
2024-08-12 09:37:31,717 [INFO] JxBrowserEngine:152 - Initiate JxBrowser Engine with user profile folder
2024-08-12 09:37:32,114 [WARN] MainUpdater:1194 - Updater busy. Cannot search thirdparties
2024-08-12 09:37:32,115 [INFO] ThirdPartyUpdaterWithRetryManager:96 - Updater plugin is busy. [1/15]
2024-08-12 09:37:32,262 [INFO] ServerAccessManage:473 - Download File updaters.zip
2024-08-12 09:37:32,646 [INFO] FileExtend:240 - Unzip File : updaters.zip
2024-08-12 09:37:32,647 [INFO] FileExtend:255 - Standard Zip Deflate
2024-08-12 09:37:33,358 [INFO] ServerAccessManage:473 - Download File PacksControlFlags.xml
2024-08-12 09:37:33,901 [INFO] ServerAccessManage:473 - Download File cubemx.pidx
2024-08-12 09:37:34,206 [INFO] LoadServerUpdatesThread:375 - End of LoadServerUpdate Thread
2024-08-12 09:37:34,603 [INFO] CheckServerUpdateThread:120 - End of CheckServer Thread
2024-08-12 09:37:35,583 [WARN] PackLoader:240 - Cannot read IP mode file for STMicroelectronics.FP-SNS-MOTENVWB1.1.4.0
2024-08-12 09:37:35,626 [WARN] PackLoader:240 - Cannot read IP mode file for STMicroelectronics.X-CUBE-SMBUS.2.1.0
2024-08-12 09:37:35,655 [WARN] PackLoader:240 - Cannot read IP mode file for STMicroelectronics.X-CUBE-TOUCHGFX.4.23.1
2024-08-12 09:37:35,717 [WARN] PackLoader:240 - Cannot read IP mode file for STMicroelectronics.X-CUBE-TOUCHGFX.4.23.0
2024-08-12 09:37:35,795 [WARN] PackLoader:240 - Cannot read IP mode file for STMicroelectronics.X-CUBE-TOUCHGFX.4.23.2
2024-08-12 09:37:35,955 [WARN] PackLoader:240 - Cannot read IP mode file for STMicroelectronics.X-CUBE-AZRTOS-F7.1.1.0
2024-08-12 09:37:36,008 [WARN] PackLoader:240 - Cannot read IP mode file for STMicroelectronics.FP-SNS-MOTENV1.4.3.2
2024-08-12 09:37:36,054 [WARN] PackLoader:240 - Cannot read IP mode file for STMicroelectronics.FP-SNS-FLIGHT1.5.0.2
2024-08-12 09:37:36,110 [WARN] PackLoader:240 - Cannot read IP mode file for STMicroelectronics.X-CUBE-DISPLAY.3.0.0
2024-08-12 09:37:36,151 [WARN] PackLoader:240 - Cannot read IP mode file for STMicroelectronics.X-CUBE-BLE1.7.0.0
2024-08-12 09:37:36,178 [WARN] PackLoader:240 - Cannot read IP mode file for emotas.I-CUBE-CANOPEN.1.3.0
2024-08-12 09:37:36,249 [WARN] PackLoader:240 - Cannot read IP mode file for STMicroelectronics.X-CUBE-BLEMGR.3.1.0
2024-08-12 09:37:36,325 [WARN] PackLoader:240 - Cannot read IP mode file for STMicroelectronics.FP-SNS-SMARTAG2.1.2.0
2024-08-12 09:37:36,390 [INFO] LogOutputStream:77 - [STDOUT_REDIRECT] 1 : Invalid condition id : UX_CORESTACK_Condition cause : null
2024-08-12 09:37:36,392 [INFO] LogOutputStream:77 - [STDOUT_REDIRECT] 1 : Invalid condition id : UX_CORESTACK_Condition cause : null
2024-08-12 09:37:36,396 [INFO] LogOutputStream:77 - [STDOUT_REDIRECT] 1 : Invalid condition id : UX_CORESTACK_Condition cause : null
2024-08-12 09:37:36,425 [INFO] LogOutputStream:77 - [STDOUT_REDIRECT] 1 : Invalid condition id : UX_CORESTACK_Condition cause : null
2024-08-12 09:37:36,428 [INFO] LogOutputStream:77 - [STDOUT_REDIRECT] 1 : Invalid condition id : UX_CORESTACK_Condition cause : null
2024-08-12 09:37:36,471 [WARN] PackLoader:240 - Cannot read IP mode file for STMicroelectronics.X-CUBE-AZRTOS-WL.2.0.0
2024-08-12 09:37:36,652 [WARN] PackLoader:240 - Cannot read IP mode file for STMicroelectronics.FP-SNS-MOTENV1.5.0.0
2024-08-12 09:37:36,728 [WARN] PackLoader:240 - Cannot read IP mode file for wolfSSL.I-CUBE-wolfMQTT.1.19.0
2024-08-12 09:37:36,763 [WARN] PackLoader:240 - Cannot read IP mode file for WES.I-CUBE-Cesium.1.3.0
2024-08-12 09:37:36,788 [WARN] PackLoader:240 - Cannot read IP mode file for STMicroelectronics.X-CUBE-BLE2.3.3.0
2024-08-12 09:37:36,847 [WARN] PackLoader:240 - Cannot read IP mode file for STMicroelectronics.X-CUBE-TCPP.4.1.0
2024-08-12 09:37:36,876 [WARN] PackLoader:240 - Cannot read IP mode file for STMicroelectronics.X-CUBE-ALGOBUILD.1.3.0
2024-08-12 09:37:37,019 [WARN] PackLoader:240 - Cannot read IP mode file for STMicroelectronics.X-CUBE-AZRTOS-G0.1.1.0
2024-08-12 09:37:37,173 [WARN] PackLoader:240 - Cannot read IP mode file for STMicroelectronics.X-CUBE-SAFEA1.1.2.2
2024-08-12 09:37:37,278 [WARN] PackLoader:240 - Cannot read IP mode file for STMicroelectronics.X-CUBE-NFC4.3.0.0
2024-08-12 09:37:37,364 [WARN] PackLoader:240 - Cannot read IP mode file for EmbeddedOffice.I-CUBE-FS-RTOS.1.0.1
2024-08-12 09:37:37,365 [ERROR] ConditionMgr:805 - Attr not supported : Dmpu
2024-08-12 09:37:37,365 [ERROR] ConditionMgr:805 - Attr not supported : Dmpu
2024-08-12 09:37:37,365 [ERROR] ConditionMgr:805 - Attr not supported : Dmpu
2024-08-12 09:37:37,365 [ERROR] ConditionMgr:805 - Attr not supported : Dmpu
2024-08-12 09:37:37,366 [ERROR] ConditionMgr:805 - Attr not supported : Dmpu
2024-08-12 09:37:37,366 [ERROR] ConditionMgr:805 - Attr not supported : Dmpu
2024-08-12 09:37:37,366 [ERROR] ConditionMgr:805 - Attr not supported : Dmpu
2024-08-12 09:37:37,366 [ERROR] ConditionMgr:805 - Attr not supported : Dmpu
2024-08-12 09:37:37,366 [ERROR] ConditionMgr:805 - Attr not supported : Dmpu
2024-08-12 09:37:37,366 [ERROR] ConditionMgr:805 - Attr not supported : Dmpu
2024-08-12 09:37:37,366 [ERROR] ConditionMgr:805 - Attr not supported : Dmpu
2024-08-12 09:37:37,366 [ERROR] ConditionMgr:805 - Attr not supported : Dmpu
2024-08-12 09:37:37,367 [ERROR] ConditionMgr:805 - Attr not supported : Dmpu
2024-08-12 09:37:37,367 [ERROR] ConditionMgr:805 - Attr not supported : Dmpu
2024-08-12 09:37:37,367 [ERROR] ConditionMgr:805 - Attr not supported : Dmpu
2024-08-12 09:37:37,367 [ERROR] ConditionMgr:805 - Attr not supported : Dmpu
2024-08-12 09:37:37,367 [ERROR] ConditionMgr:805 - Attr not supported : Dmpu
2024-08-12 09:37:37,367 [ERROR] ConditionMgr:805 - Attr not supported : Dmpu
2024-08-12 09:37:37,367 [ERROR] ConditionMgr:805 - Attr not supported : Dmpu
2024-08-12 09:37:37,367 [ERROR] ConditionMgr:805 - Attr not supported : Dmpu
2024-08-12 09:37:37,367 [ERROR] ConditionMgr:805 - Attr not supported : Dmpu
2024-08-12 09:37:37,367 [ERROR] ConditionMgr:805 - Attr not supported : Dmpu
2024-08-12 09:37:37,368 [ERROR] ConditionMgr:805 - Attr not supported : Dmpu
2024-08-12 09:37:37,368 [ERROR] ConditionMgr:805 - Attr not supported : Dmpu
2024-08-12 09:37:37,368 [ERROR] ConditionMgr:805 - Attr not supported : Dmpu
2024-08-12 09:37:37,368 [ERROR] ConditionMgr:805 - Attr not supported : Dmpu
2024-08-12 09:37:37,368 [ERROR] ConditionMgr:805 - Attr not supported : Dmpu
2024-08-12 09:37:37,368 [ERROR] ConditionMgr:805 - Attr not supported : Dmpu
2024-08-12 09:37:37,368 [ERROR] ConditionMgr:805 - Attr not supported : Dmpu
2024-08-12 09:37:37,368 [ERROR] ConditionMgr:805 - Attr not supported : Dmpu
2024-08-12 09:37:37,368 [ERROR] ConditionMgr:805 - Attr not supported : Dmpu
2024-08-12 09:37:37,368 [ERROR] ConditionMgr:805 - Attr not supported : Dmpu
2024-08-12 09:37:37,368 [ERROR] ConditionMgr:805 - Attr not supported : Dmpu
2024-08-12 09:37:37,368 [ERROR] ConditionMgr:805 - Attr not supported : Dmpu
2024-08-12 09:37:37,369 [ERROR] ConditionMgr:805 - Attr not supported : Dmpu
2024-08-12 09:37:37,369 [ERROR] ConditionMgr:805 - Attr not supported : Dmpu
2024-08-12 09:37:37,369 [ERROR] ConditionMgr:805 - Attr not supported : Dmpu
2024-08-12 09:37:37,369 [ERROR] ConditionMgr:805 - Attr not supported : Dmpu
2024-08-12 09:37:37,370 [ERROR] ConditionMgr:805 - Attr not supported : Dmpu
2024-08-12 09:37:37,370 [ERROR] ConditionMgr:805 - Attr not supported : Dmpu
2024-08-12 09:37:37,370 [ERROR] ConditionMgr:805 - Attr not supported : Dmpu
2024-08-12 09:37:37,371 [ERROR] ConditionMgr:805 - Attr not supported : Dmpu
2024-08-12 09:37:37,371 [ERROR] ConditionMgr:805 - Attr not supported : Dmpu
2024-08-12 09:37:37,371 [ERROR] ConditionMgr:805 - Attr not supported : Dmpu
2024-08-12 09:37:37,371 [ERROR] ConditionMgr:805 - Attr not supported : Dmpu
2024-08-12 09:37:37,372 [ERROR] ConditionMgr:805 - Attr not supported : Dmpu
2024-08-12 09:37:37,372 [ERROR] ConditionMgr:805 - Attr not supported : Dmpu
2024-08-12 09:37:37,372 [ERROR] ConditionMgr:805 - Attr not supported : Dmpu
2024-08-12 09:37:37,372 [ERROR] ConditionMgr:805 - Attr not supported : Dmpu
2024-08-12 09:37:37,372 [ERROR] ConditionMgr:805 - Attr not supported : Dmpu
2024-08-12 09:37:37,372 [ERROR] ConditionMgr:805 - Attr not supported : Dmpu
2024-08-12 09:37:37,373 [ERROR] ConditionMgr:805 - Attr not supported : Dmpu
2024-08-12 09:37:37,373 [ERROR] ConditionMgr:805 - Attr not supported : Dmpu
2024-08-12 09:37:37,373 [ERROR] ConditionMgr:805 - Attr not supported : Dmpu
2024-08-12 09:37:37,373 [ERROR] ConditionMgr:805 - Attr not supported : Dmpu
2024-08-12 09:37:37,373 [ERROR] ConditionMgr:805 - Attr not supported : Dmpu
2024-08-12 09:37:37,373 [ERROR] ConditionMgr:805 - Attr not supported : Dmpu
2024-08-12 09:37:37,373 [ERROR] ConditionMgr:805 - Attr not supported : Dmpu
2024-08-12 09:37:37,374 [ERROR] ConditionMgr:805 - Attr not supported : Dmpu
2024-08-12 09:37:37,374 [ERROR] ConditionMgr:805 - Attr not supported : Dmpu
2024-08-12 09:37:37,374 [ERROR] ConditionMgr:805 - Attr not supported : Dmpu
2024-08-12 09:37:37,374 [ERROR] ConditionMgr:805 - Attr not supported : Dmpu
2024-08-12 09:37:37,375 [ERROR] ConditionMgr:805 - Attr not supported : Dmpu
2024-08-12 09:37:37,375 [ERROR] ConditionMgr:805 - Attr not supported : Dmpu
2024-08-12 09:37:37,414 [WARN] PackLoader:240 - Cannot read IP mode file for RealThread.X-CUBE-RT-Thread_Nano.4.1.1
2024-08-12 09:37:37,434 [WARN] PackLoader:240 - Cannot read IP mode file for STMicroelectronics.FP-ATR-SIGFOX1.3.2.0
2024-08-12 09:37:37,459 [WARN] PackLoader:240 - Cannot read IP mode file for STMicroelectronics.X-CUBE-EEPRMA1.5.1.0
2024-08-12 09:37:37,592 [WARN] PackLoader:240 - Cannot read IP mode file for SEGGER.I-CUBE-embOS.1.3.1
2024-08-12 09:37:37,719 [WARN] PackLoader:240 - Cannot read IP mode file for STMicroelectronics.X-CUBE-ALGOBUILD.1.4.0
2024-08-12 09:37:37,746 [WARN] PackLoader:240 - Cannot read IP mode file for STMicroelectronics.X-CUBE-GNSS1.6.0.0
2024-08-12 09:37:37,895 [WARN] PackLoader:240 - Cannot read IP mode file for STMicroelectronics.X-CUBE-AZRTOS-F4.1.1.0
2024-08-12 09:37:37,951 [WARN] PackLoader:240 - Cannot read IP mode file for STMicroelectronics.X-CUBE-FREERTOS.1.2.0
2024-08-12 09:37:38,036 [WARN] PackLoader:240 - Cannot read IP mode file for wolfSSL.I-CUBE-wolfSSL.5.6.6
2024-08-12 09:37:38,090 [WARN] PackLoader:240 - Cannot read IP mode file for STMicroelectronics.X-CUBE-AZRTOS-L5.2.0.0
2024-08-12 09:37:38,136 [WARN] PackLoader:240 - Cannot read IP mode file for STMicroelectronics.X-CUBE-NFC6.3.1.0
2024-08-12 09:37:38,215 [WARN] PackLoader:240 - Cannot read IP mode file for ITTIA_DB.I-CUBE-ITTIADB.8.8.0
2024-08-12 09:37:38,260 [WARN] PackLoader:240 - Cannot read IP mode file for STMicroelectronics.X-CUBE-DPower.1.2.0
2024-08-12 09:37:38,331 [WARN] PackLoader:240 - Cannot read IP mode file for STMicroelectronics.X-CUBE-AI.9.0.0
2024-08-12 09:37:38,400 [WARN] PackLoader:240 - Cannot read IP mode file for STMicroelectronics.X-CUBE-NFC7.1.0.1
2024-08-12 09:37:38,518 [WARN] PackLoader:240 - Cannot read IP mode file for wolfSSL.I-CUBE-wolfTPM.3.2.0
2024-08-12 09:37:38,642 [WARN] PackLoader:240 - Cannot read IP mode file for STMicroelectronics.X-CUBE-NFC6.3.0.0
2024-08-12 09:37:38,710 [WARN] PackLoader:240 - Cannot read IP mode file for STMicroelectronics.X-CUBE-AI.8.1.0
2024-08-12 09:37:38,814 [WARN] ConditionMgr:438 - getConditionDescription Invalid condition id : LAN8742 Phy interface Condition cause : null
2024-08-12 09:37:38,815 [WARN] PackLoader:240 - Cannot read IP mode file for STMicroelectronics.X-CUBE-AZRTOS-L4.2.0.0
2024-08-12 09:37:38,817 [WARN] ConditionMgr:1039 - genDependencies : Invalid condition id : LAN8742 Phy interface Condition cause : null
2024-08-12 09:37:38,818 [WARN] ConditionMgr:1039 - genDependencies : Invalid condition id : LAN8742 Phy interface Condition cause : null
2024-08-12 09:37:38,818 [WARN] ConditionMgr:1039 - genDependencies : Invalid condition id : LAN8742 Phy interface Condition cause : null
2024-08-12 09:37:38,845 [WARN] PackLoader:240 - Cannot read IP mode file for STMicroelectronics.X-CUBE-SFXS2LP1.4.0.0
2024-08-12 09:37:38,913 [WARN] ConditionMgr:438 - getConditionDescription Invalid condition id : UX DEVICE CLASS RTOS Condition cause : null
2024-08-12 09:37:38,913 [WARN] ConditionMgr:438 - getConditionDescription Invalid condition id : UX DEVICE CLASS RTOS Condition cause : null
2024-08-12 09:37:38,917 [WARN] PackLoader:240 - Cannot read IP mode file for STMicroelectronics.X-CUBE-AZRTOS-WB.2.0.0
2024-08-12 09:37:38,918 [WARN] ConditionMgr:1039 - genDependencies : Invalid condition id : UX DEVICE CLASS RTOS Condition cause : null
2024-08-12 09:37:38,918 [WARN] ConditionMgr:1039 - genDependencies : Invalid condition id : UX DEVICE CLASS RTOS Condition cause : null
2024-08-12 09:37:38,919 [WARN] ConditionMgr:1039 - genDependencies : Invalid condition id : UX DEVICE CLASS RTOS Condition cause : null
2024-08-12 09:37:38,919 [WARN] ConditionMgr:1039 - genDependencies : Invalid condition id : UX DEVICE CLASS RTOS Condition cause : null
2024-08-12 09:37:38,919 [WARN] ConditionMgr:1039 - genDependencies : Invalid condition id : UX DEVICE CLASS RTOS Condition cause : null
2024-08-12 09:37:38,958 [WARN] PackLoader:240 - Cannot read IP mode file for STMicroelectronics.FP-SNS-STBOX1.2.0.0
2024-08-12 09:37:39,024 [WARN] PackLoader:240 - Cannot read IP mode file for STMicroelectronics.X-CUBE-SUBG2.5.0.0
2024-08-12 09:37:39,162 [WARN] PackLoader:240 - Cannot read IP mode file for STMicroelectronics.X-CUBE-AZRTOS-G4.2.0.0
2024-08-12 09:37:39,258 [WARN] PackLoader:240 - Cannot read IP mode file for Infineon.AIROC-Wi-Fi-Bluetooth-STM32.1.5.1
2024-08-12 09:37:39,327 [WARN] PackLoader:240 - Cannot read IP mode file for STMicroelectronics.FP-SNS-MOTENVWB1.1.3.1
2024-08-12 09:37:39,362 [WARN] PackLoader:240 - Cannot read IP mode file for STMicroelectronics.X-CUBE-ISPU.2.0.0
2024-08-12 09:37:39,386 [WARN] PackLoader:240 - Cannot read IP mode file for STMicroelectronics.X-CUBE-ALS.1.0.2
2024-08-12 09:37:39,508 [WARN] PackLoader:240 - Cannot read IP mode file for STMicroelectronics.X-CUBE-MEMS1.10.0.0
2024-08-12 09:37:39,779 [WARN] PackLoader:240 - Cannot read IP mode file for STMicroelectronics.X-CUBE-FREERTOS.1.1.0
2024-08-12 09:37:39,824 [WARN] PackLoader:240 - Cannot read IP mode file for STMicroelectronics.X-CUBE-TOUCHGFX.4.24.0
2024-08-12 09:37:39,867 [WARN] PackLoader:240 - Cannot read IP mode file for portGmbH.I-Cube-SoM-uGOAL.1.1.0
2024-08-12 09:37:39,955 [WARN] PackLoader:240 - Cannot read IP mode file for STMicroelectronics.X-CUBE-ALS.1.0.1
2024-08-12 09:37:40,102 [WARN] PackLoader:240 - Cannot read IP mode file for STMicroelectronics.X-CUBE-AZRTOS-H7RS.1.0.0
2024-08-12 09:37:40,137 [WARN] PackLoader:240 - Cannot read IP mode file for STMicroelectronics.FP-ATR-ASTRA1.2.0.0
2024-08-12 09:37:40,199 [WARN] PackLoader:240 - Cannot read IP mode file for STMicroelectronics.X-CUBE-TOF1.3.4.2
2024-08-12 09:37:40,319 [WARN] PackLoader:240 - Cannot read IP mode file for STMicroelectronics.X-CUBE-TOF1.3.4.0
2024-08-12 09:37:40,906 [WARN] PackLoader:240 - Cannot read IP mode file for STMicroelectronics.X-CUBE-TOF1.3.4.1
2024-08-12 09:37:40,966 [WARN] PackLoader:240 - Cannot read IP mode file for STMicroelectronics.X-CUBE-AZRTOS-H7.3.2.0
2024-08-12 09:37:40,991 [WARN] PackLoader:240 - Cannot read IP mode file for wolfSSL.I-CUBE-wolfSSH.1.4.17
2024-08-12 09:37:40,992 [INFO] ThirdParty:978 - Integrity check success = true
2024-08-12 09:37:40,993 [INFO] IntegrityCheckThread:100 - exiting critical section [integrity check]
2024-08-12 09:37:40,993 [INFO] IntegrityCheckThread:103 - End integrity checks thread
2024-08-12 09:37:42,151 [INFO] WebApp:167 - Instantiating new browser for Auth
2024-08-12 09:37:44,222 [INFO] WebApp:448 - Apply proxy settings
2024-08-12 09:37:44,223 [INFO] WebApp:533 - Chromium requires no authentication
2024-08-12 09:37:44,341 [INFO] WebApp:476 - Direct internet connection detected
2024-08-12 09:37:44,455 [INFO] WebApp:869 - Register for checkConnection events
2024-08-12 09:37:44,455 [INFO] WebApp:448 - Apply proxy settings
2024-08-12 09:37:44,455 [INFO] WebApp:533 - Chromium requires no authentication
2024-08-12 09:37:44,456 [INFO] WebApp:476 - Direct internet connection detected
2024-08-12 09:37:44,789 [INFO] WebApp:220 - Starting web application
2024-08-12 09:37:44,790 [INFO] WebApp:578 - Web application path used C:\ST\STM32CubeIDE_1.14.0\STM32CubeIDE\plugins\com.st.stm32cube.common.mx_6.12.0.202406281431\db\plugins\mcufinder\reactClient1\index.html
2024-08-12 09:37:44,836 [INFO] WebApp:186 - Connection restablished
2024-08-12 10:33:17,896 [INFO] WebApp:388 - JxBrowser engine has been closed 
2024-08-12 10:48:18,464 [INFO] Activator:176 - 


2024-08-12 10:48:18,468 [INFO] Activator:177 - !SESSION log4j initialized
2024-08-12 10:48:33,590 [INFO] LogOutputStream:77 - [STDOUT_REDIRECT] 
2024-08-12 10:48:48,710 [INFO] ApplicationProperties:184 - Using Application install path: C:\ST\STM32CubeIDE_1.14.0\STM32CubeIDE\plugins\com.st.stm32cube.common.mx_6.12.0.202406281431
2024-08-12 10:48:48,753 [INFO] DbMcusXml:78 - Set database path to: C:\ST\STM32CubeIDE_1.14.0\STM32CubeIDE\plugins\com.st.stm32cube.common.mx_6.12.0.202406281431\\db\/mcu/
2024-08-12 10:48:48,754 [INFO] ApiDb:274 - Set plugin database path to: C:\ST\STM32CubeIDE_1.14.0\STM32CubeIDE\plugins\com.st.stm32cube.common.mx_6.12.0.202406281431\\db\/plugins/boardmanager/
2024-08-12 10:48:48,754 [WARN] ApiDb:259 - Overriding images path with different value:  => C:\ST\STM32CubeIDE_1.14.0\STM32CubeIDE\plugins\com.st.stm32cube.common.mx_6.12.0.202406281431\\db\/plugins/mcufinder/images/
2024-08-12 10:48:48,767 [INFO] ApiDb:250 - Set database path to: C:\Users\RND_220516\.stmcufinder\plugins\mcufinder//mcu/
2024-08-12 10:48:48,768 [INFO] DbMcusAds:125 - Set database path to: C:\Users\RND_220516\.stmcufinder\plugins\mcufinder//mcu/
2024-08-12 10:48:48,776 [INFO] CrossReferenceDbSqlite:203 - Set database path to: C:\Users\RND_220516\.stmcufinder\plugins\mcufinder//mcu/cs/
2024-08-12 10:48:48,966 [INFO] RulesReader:64 - Compatibility file has been processed (297 Rules)
2024-08-12 10:48:49,097 [INFO] DbMcusXml:78 - Set database path to: C:\ST\STM32CubeIDE_1.14.0\STM32CubeIDE\plugins\com.st.stm32cube.common.mx_6.12.0.202406281431\\db\/mcu/
2024-08-12 10:48:49,097 [INFO] ApiDb:274 - Set plugin database path to: C:\ST\STM32CubeIDE_1.14.0\STM32CubeIDE\plugins\com.st.stm32cube.common.mx_6.12.0.202406281431\\db\/plugins/boardmanager/
2024-08-12 10:48:49,098 [INFO] ApiDb:261 - Set plugin images path to: C:\ST\STM32CubeIDE_1.14.0\STM32CubeIDE\plugins\com.st.stm32cube.common.mx_6.12.0.202406281431\\db\/plugins/mcufinder/images/
2024-08-12 10:48:49,098 [WARN] DbFile:41 - Overriding database path with different value: C:\Users\RND_220516\.stmcufinder\plugins\mcufinder/ => C:\Users\RND_220516\.stmcufinder\plugins\mcufinder
2024-08-12 10:48:49,098 [INFO] ApiDb:250 - Set database path to: C:\Users\RND_220516\.stmcufinder\plugins\mcufinder//mcu/
2024-08-12 10:48:49,099 [WARN] DbFile:41 - Overriding database path with different value: C:\Users\RND_220516\.stmcufinder\plugins\mcufinder/ => C:\Users\RND_220516\.stmcufinder\plugins\mcufinder
2024-08-12 10:48:49,099 [INFO] DbMcusAds:125 - Set database path to: C:\Users\RND_220516\.stmcufinder\plugins\mcufinder//mcu/
2024-08-12 10:48:49,099 [WARN] DbFile:41 - Overriding database path with different value: C:\Users\RND_220516\.stmcufinder\plugins\mcufinder/ => C:\Users\RND_220516\.stmcufinder\plugins\mcufinder
2024-08-12 10:48:49,099 [WARN] DbFile:41 - Overriding database path with different value: C:\Users\RND_220516\.stmcufinder\plugins\mcufinder/ => C:\Users\RND_220516\.stmcufinder\plugins\mcufinder
2024-08-12 10:48:49,100 [INFO] CrossReferenceDbSqlite:203 - Set database path to: C:\Users\RND_220516\.stmcufinder\plugins\mcufinder//mcu/cs/
2024-08-12 10:48:49,319 [INFO] MainPanel:268 - HeapMemory: 268435456
2024-08-12 10:48:49,619 [INFO] DbMcusXml:78 - Set database path to: C:\ST\STM32CubeIDE_1.14.0\STM32CubeIDE\plugins\com.st.stm32cube.common.mx_6.12.0.202406281431\\db\/mcu/
2024-08-12 10:48:49,619 [INFO] ApiDb:274 - Set plugin database path to: C:\ST\STM32CubeIDE_1.14.0\STM32CubeIDE\plugins\com.st.stm32cube.common.mx_6.12.0.202406281431\\db\/plugins/boardmanager/
2024-08-12 10:48:49,619 [INFO] ApiDb:261 - Set plugin images path to: C:\ST\STM32CubeIDE_1.14.0\STM32CubeIDE\plugins\com.st.stm32cube.common.mx_6.12.0.202406281431\\db\/plugins/mcufinder/images/
2024-08-12 10:48:49,620 [WARN] DbFile:41 - Overriding database path with different value: C:\Users\RND_220516\.stmcufinder\plugins\mcufinder/ => C:\Users\RND_220516\.stmcufinder\plugins\mcufinder
2024-08-12 10:48:49,620 [INFO] ApiDb:250 - Set database path to: C:\Users\RND_220516\.stmcufinder\plugins\mcufinder//mcu/
2024-08-12 10:48:49,620 [WARN] DbFile:41 - Overriding database path with different value: C:\Users\RND_220516\.stmcufinder\plugins\mcufinder/ => C:\Users\RND_220516\.stmcufinder\plugins\mcufinder
2024-08-12 10:48:49,620 [INFO] DbMcusAds:125 - Set database path to: C:\Users\RND_220516\.stmcufinder\plugins\mcufinder//mcu/
2024-08-12 10:48:49,621 [WARN] DbFile:41 - Overriding database path with different value: C:\Users\RND_220516\.stmcufinder\plugins\mcufinder/ => C:\Users\RND_220516\.stmcufinder\plugins\mcufinder
2024-08-12 10:48:49,621 [WARN] DbFile:41 - Overriding database path with different value: C:\Users\RND_220516\.stmcufinder\plugins\mcufinder/ => C:\Users\RND_220516\.stmcufinder\plugins\mcufinder
2024-08-12 10:48:49,621 [INFO] CrossReferenceDbSqlite:203 - Set database path to: C:\Users\RND_220516\.stmcufinder\plugins\mcufinder//mcu/cs/
2024-08-12 10:48:49,655 [INFO] ApplicationProperties:184 - Using Application install path: C:\ST\STM32CubeIDE_1.14.0\STM32CubeIDE\plugins\com.st.stm32cube.common.mx_6.12.0.202406281431
2024-08-12 10:48:49,659 [INFO] PluginManage:196 - Search for loadable plugins [exclusion list=, ]
2024-08-12 10:48:49,663 [INFO] PluginManage:310 - Check plugin analytics
2024-08-12 10:48:50,138 [INFO] AnalyticsPlugin:253 - Accepted Software Licenses: 
2024-08-12 10:48:50,138 [INFO] AnalyticsPlugin:255 - Accepted CMSIS Pack Licenses: 
2024-08-12 10:48:50,140 [INFO] AnalyticsPlugin:257 - Accepted Firmware Licenses: FW.F4.1.28.0,FW.F4.1.27.0
2024-08-12 10:48:50,148 [INFO] PluginManage:359 - Loaded plugin analytics (category:tool,tabindex:-1)
2024-08-12 10:48:50,149 [INFO] PluginManage:310 - Check plugin cadmodel
2024-08-12 10:48:50,186 [INFO] CADModel:105 - Init CAD model plugin
2024-08-12 10:48:50,186 [INFO] PluginManage:359 - Loaded plugin cadmodel (category:power,tabindex:5)
2024-08-12 10:48:50,187 [INFO] PluginManage:310 - Check plugin clock
2024-08-12 10:48:50,230 [INFO] PluginManage:359 - Loaded plugin clock (category:base,tabindex:2)
2024-08-12 10:48:50,230 [INFO] PluginManage:310 - Check plugin ddr
2024-08-12 10:48:50,235 [INFO] PluginManage:359 - Loaded plugin ddr (category:tool,tabindex:6)
2024-08-12 10:48:50,236 [INFO] PluginManage:310 - Check plugin filemanager
2024-08-12 10:48:50,540 [INFO] PluginManage:359 - Loaded plugin filemanager (category:base,tabindex:10)
2024-08-12 10:48:50,540 [INFO] PluginManage:310 - Check plugin ipmanager
2024-08-12 10:48:50,557 [INFO] PluginManage:359 - Loaded plugin ipmanager (category:base,tabindex:5)
2024-08-12 10:48:50,557 [INFO] PluginManage:310 - Check plugin lpbam
2024-08-12 10:48:50,594 [INFO] PluginManage:359 - Loaded plugin lpbam (category:base,tabindex:0)
2024-08-12 10:48:50,595 [INFO] PluginManage:310 - Check plugin memorymap
2024-08-12 10:48:50,633 [INFO] PluginManage:359 - Loaded plugin memorymap (category:base,tabindex:4)
2024-08-12 10:48:50,633 [INFO] PluginManage:310 - Check plugin pinoutandconfiguration
2024-08-12 10:48:50,670 [INFO] PluginManage:359 - Loaded plugin pinoutandconfiguration (category:base,tabindex:1)
2024-08-12 10:48:50,670 [INFO] PluginManage:310 - Check plugin pinoutconfig
2024-08-12 10:48:50,845 [WARN] SupportedApi:132 - Cannot load RTOS API schema: s4s-elt-must-match.1: The content of 'definitions' must match (annotation?, (simpleType | complexType)?, (unique | key | keyref)*)). A problem was found starting at: attribute.
2024-08-12 10:48:51,094 [INFO] PluginManage:359 - Loaded plugin pinoutconfig (category:base,tabindex:0)
2024-08-12 10:48:51,095 [INFO] PluginManage:310 - Check plugin power
2024-08-12 10:48:51,124 [INFO] PluginManage:359 - Loaded plugin power (category:power,tabindex:4)
2024-08-12 10:48:51,125 [INFO] PluginManage:310 - Check plugin projectmanager
2024-08-12 10:48:51,152 [INFO] PluginManage:359 - Loaded plugin projectmanager (category:projectmanager,tabindex:4)
2024-08-12 10:48:51,153 [INFO] PluginManage:310 - Check plugin rif
2024-08-12 10:48:51,184 [INFO] PluginManage:359 - Loaded plugin rif (category:base,tabindex:3)
2024-08-12 10:48:51,185 [INFO] PluginManage:310 - Check plugin thirdparty
2024-08-12 10:48:51,596 [INFO] PluginManage:359 - Loaded plugin thirdparty (category:base,tabindex:-1)
2024-08-12 10:48:51,596 [INFO] PluginManage:310 - Check plugin tools
2024-08-12 10:48:51,596 [WARN] IntegrityCheckThread:84 - waiting for thirdparty lock release [integrity check]
2024-08-12 10:48:51,599 [INFO] IntegrityCheckThread:86 - entering critical section [integrity check]
2024-08-12 10:48:51,599 [INFO] ThirdPartyUpdaterWithRetryManager:70 - Updater plugin not ready yet. [1/15]
2024-08-12 10:48:51,647 [INFO] PluginManage:359 - Loaded plugin tools (category:base,tabindex:7)
2024-08-12 10:48:51,648 [INFO] PluginManage:310 - Check plugin tutovideos
2024-08-12 10:48:51,917 [INFO] PluginManage:359 - Loaded plugin tutovideos (category:base,tabindex:-1)
2024-08-12 10:48:51,917 [INFO] PluginManage:310 - Check plugin updater
2024-08-12 10:48:51,940 [INFO] PluginManage:359 - Loaded plugin updater (category:base,tabindex:12)
2024-08-12 10:48:51,941 [INFO] PluginManage:310 - Check plugin userauth
2024-08-12 10:48:51,949 [INFO] UserAuth:113 - Init User Auth plugin
2024-08-12 10:48:51,949 [INFO] PluginManage:359 - Loaded plugin userauth (category:base,tabindex:14)
2024-08-12 10:48:51,950 [INFO] PluginManage:283 - PluginManage : Loaded plugins [18]
2024-08-12 10:48:52,242 [INFO] PinOutPanel:1561 - setPackage(No Configuration,No Configuration)
2024-08-12 10:48:52,367 [INFO] CADModel:165 - CPN selected for project level
2024-08-12 10:48:52,367 [INFO] CADModel:114 - Register for checkConnection events
2024-08-12 10:48:52,409 [INFO] IPUIPlugin:80 - create IPUIPlugin
2024-08-12 10:48:52,410 [INFO] PluginManager:220 - loadIPPluginJar : add adc
2024-08-12 10:48:52,456 [INFO] IPUIPlugin:80 - create IPUIPlugin
2024-08-12 10:48:52,456 [INFO] PluginManager:220 - loadIPPluginJar : add aes
2024-08-12 10:48:52,513 [INFO] IPUIPlugin:80 - create IPUIPlugin
2024-08-12 10:48:52,513 [INFO] PluginManager:220 - loadIPPluginJar : add can
2024-08-12 10:48:52,543 [INFO] IPUIPlugin:80 - create IPUIPlugin
2024-08-12 10:48:52,544 [INFO] PluginManager:220 - loadIPPluginJar : add comp
2024-08-12 10:48:52,587 [INFO] IPUIPlugin:80 - create IPUIPlugin
2024-08-12 10:48:52,587 [INFO] PluginManager:220 - loadIPPluginJar : add cryp
2024-08-12 10:48:52,605 [INFO] IPUIPlugin:80 - create IPUIPlugin
2024-08-12 10:48:52,605 [INFO] PluginManager:220 - loadIPPluginJar : add ddr_ctrl_phy
2024-08-12 10:48:52,649 [INFO] IPUIPlugin:80 - create IPUIPlugin
2024-08-12 10:48:52,649 [INFO] PluginManager:220 - loadIPPluginJar : add dfsdm
2024-08-12 10:48:52,669 [INFO] IPUIPlugin:80 - create IPUIPlugin
2024-08-12 10:48:52,670 [INFO] PluginManager:220 - loadIPPluginJar : add dma
2024-08-12 10:48:52,743 [INFO] IPUIPlugin:80 - create IPUIPlugin
2024-08-12 10:48:52,743 [INFO] PluginManager:220 - loadIPPluginJar : add dma3
2024-08-12 10:48:52,831 [INFO] IPUIPlugin:80 - create IPUIPlugin
2024-08-12 10:48:52,831 [INFO] PluginManager:220 - loadIPPluginJar : add extmemmanager
2024-08-12 10:48:52,866 [INFO] IPUIPlugin:80 - create IPUIPlugin
2024-08-12 10:48:52,866 [INFO] PluginManager:220 - loadIPPluginJar : add fatfs
2024-08-12 10:48:53,047 [INFO] IPUIPlugin:80 - create IPUIPlugin
2024-08-12 10:48:53,048 [INFO] PluginManager:220 - loadIPPluginJar : add fmc
2024-08-12 10:48:53,100 [INFO] IPUIPlugin:80 - create IPUIPlugin
2024-08-12 10:48:53,103 [INFO] PluginManager:220 - loadIPPluginJar : add freertos
2024-08-12 10:48:53,143 [INFO] IPUIPlugin:80 - create IPUIPlugin
2024-08-12 10:48:53,143 [INFO] PluginManager:220 - loadIPPluginJar : add genericplugin
2024-08-12 10:48:53,273 [INFO] IPUIPlugin:80 - create IPUIPlugin
2024-08-12 10:48:53,274 [INFO] PluginManager:220 - loadIPPluginJar : add gfxmmu
2024-08-12 10:48:53,558 [INFO] IPUIPlugin:80 - create IPUIPlugin
2024-08-12 10:48:53,558 [INFO] PluginManager:220 - loadIPPluginJar : add gic
2024-08-12 10:48:53,575 [INFO] IPUIPlugin:80 - create IPUIPlugin
2024-08-12 10:48:53,575 [INFO] PluginManager:220 - loadIPPluginJar : add gpio
2024-08-12 10:48:53,697 [INFO] IPUIPlugin:80 - create IPUIPlugin
2024-08-12 10:48:53,697 [INFO] PluginManager:220 - loadIPPluginJar : add gtzc
2024-08-12 10:48:53,739 [INFO] IPUIPlugin:80 - create IPUIPlugin
2024-08-12 10:48:53,739 [INFO] PluginManager:220 - loadIPPluginJar : add hash
2024-08-12 10:48:53,814 [INFO] IPUIPlugin:80 - create IPUIPlugin
2024-08-12 10:48:53,814 [INFO] PluginManager:220 - loadIPPluginJar : add i2c
2024-08-12 10:48:53,870 [INFO] IPUIPlugin:80 - create IPUIPlugin
2024-08-12 10:48:53,871 [INFO] PluginManager:220 - loadIPPluginJar : add i2s
2024-08-12 10:48:54,093 [INFO] IPUIPlugin:80 - create IPUIPlugin
2024-08-12 10:48:54,093 [INFO] PluginManager:220 - loadIPPluginJar : add i3c
2024-08-12 10:48:54,369 [INFO] IPUIPlugin:80 - create IPUIPlugin
2024-08-12 10:48:54,369 [INFO] PluginManager:220 - loadIPPluginJar : add ipddr
2024-08-12 10:48:54,514 [INFO] IPUIPlugin:80 - create IPUIPlugin
2024-08-12 10:48:54,514 [INFO] PluginManager:220 - loadIPPluginJar : add linkedlist
2024-08-12 10:48:54,562 [INFO] IPUIPlugin:80 - create IPUIPlugin
2024-08-12 10:48:54,562 [INFO] PluginManager:220 - loadIPPluginJar : add lorawan
2024-08-12 10:48:54,600 [INFO] ThirdPartyUpdaterWithRetryManager:70 - Updater plugin not ready yet. [2/15]
2024-08-12 10:48:54,618 [INFO] IPUIPlugin:80 - create IPUIPlugin
2024-08-12 10:48:54,618 [INFO] PluginManager:220 - loadIPPluginJar : add ltdc
2024-08-12 10:48:54,638 [INFO] IPUIPlugin:80 - create IPUIPlugin
2024-08-12 10:48:54,638 [INFO] PluginManager:220 - loadIPPluginJar : add mdma
2024-08-12 10:48:54,662 [INFO] IPUIPlugin:80 - create IPUIPlugin
2024-08-12 10:48:54,663 [INFO] PluginManager:220 - loadIPPluginJar : add nvic
2024-08-12 10:48:54,728 [INFO] IPUIPlugin:80 - create IPUIPlugin
2024-08-12 10:48:54,728 [INFO] PluginManager:220 - loadIPPluginJar : add opamp
2024-08-12 10:48:54,832 [INFO] IPUIPlugin:80 - create IPUIPlugin
2024-08-12 10:48:54,832 [INFO] PluginManager:220 - loadIPPluginJar : add openamp
2024-08-12 10:48:54,901 [INFO] IPUIPlugin:80 - create IPUIPlugin
2024-08-12 10:48:54,901 [INFO] PluginManager:220 - loadIPPluginJar : add pdm2pcm
2024-08-12 10:48:54,919 [INFO] IPUIPlugin:80 - create IPUIPlugin
2024-08-12 10:48:54,922 [INFO] PluginManager:220 - loadIPPluginJar : add plateformsettings
2024-08-12 10:48:54,952 [INFO] IPUIPlugin:80 - create IPUIPlugin
2024-08-12 10:48:54,952 [INFO] PluginManager:220 - loadIPPluginJar : add quadspi
2024-08-12 10:48:54,988 [INFO] IPUIPlugin:80 - create IPUIPlugin
2024-08-12 10:48:54,989 [INFO] PluginManager:220 - loadIPPluginJar : add radio
2024-08-12 10:48:55,005 [INFO] IPUIPlugin:80 - create IPUIPlugin
2024-08-12 10:48:55,005 [INFO] PluginManager:220 - loadIPPluginJar : add resmgrutility
2024-08-12 10:48:55,067 [INFO] IPUIPlugin:80 - create IPUIPlugin
2024-08-12 10:48:55,068 [INFO] PluginManager:220 - loadIPPluginJar : add sai
2024-08-12 10:48:55,122 [INFO] IPUIPlugin:80 - create IPUIPlugin
2024-08-12 10:48:55,122 [INFO] PluginManager:220 - loadIPPluginJar : add spi
2024-08-12 10:48:55,255 [INFO] IPUIPlugin:80 - create IPUIPlugin
2024-08-12 10:48:55,255 [INFO] PluginManager:220 - loadIPPluginJar : add stm32_wpan
2024-08-12 10:48:55,291 [INFO] IPUIPlugin:80 - create IPUIPlugin
2024-08-12 10:48:55,291 [INFO] PluginManager:220 - loadIPPluginJar : add tim
2024-08-12 10:48:55,376 [INFO] IPUIPlugin:80 - create IPUIPlugin
2024-08-12 10:48:55,377 [INFO] PluginManager:220 - loadIPPluginJar : add touchsensing
2024-08-12 10:48:55,411 [INFO] IPUIPlugin:80 - create IPUIPlugin
2024-08-12 10:48:55,411 [INFO] PluginManager:220 - loadIPPluginJar : add tracer_emb
2024-08-12 10:48:55,443 [INFO] IPUIPlugin:80 - create IPUIPlugin
2024-08-12 10:48:55,443 [INFO] PluginManager:220 - loadIPPluginJar : add ts
2024-08-12 10:48:55,473 [INFO] IPUIPlugin:80 - create IPUIPlugin
2024-08-12 10:48:55,473 [INFO] PluginManager:220 - loadIPPluginJar : add tsc
2024-08-12 10:48:55,502 [INFO] IPUIPlugin:80 - create IPUIPlugin
2024-08-12 10:48:55,502 [INFO] PluginManager:220 - loadIPPluginJar : add ucpd
2024-08-12 10:48:55,567 [INFO] IPUIPlugin:80 - create IPUIPlugin
2024-08-12 10:48:55,568 [INFO] PluginManager:220 - loadIPPluginJar : add usart
2024-08-12 10:48:55,630 [INFO] IPUIPlugin:80 - create IPUIPlugin
2024-08-12 10:48:55,630 [INFO] PluginManager:220 - loadIPPluginJar : add usbx
2024-08-12 10:48:55,794 [INFO] CADModel:165 - CPN selected for project level
2024-08-12 10:48:55,794 [INFO] CADModel:114 - Register for checkConnection events
2024-08-12 10:48:55,794 [FATAL] Updater:334 - Updater called before beeing initialized
2024-08-12 10:48:55,794 [ERROR] CADModel:125 - Updater not yet initialized, retry later 
2024-08-12 10:48:56,061 [INFO] CADModel:165 - CPN selected for project level
2024-08-12 10:48:56,062 [INFO] CADModel:114 - Register for checkConnection events
2024-08-12 10:48:56,062 [FATAL] Updater:334 - Updater called before beeing initialized
2024-08-12 10:48:56,062 [ERROR] CADModel:125 - Updater not yet initialized, retry later 
2024-08-12 10:48:56,067 [FATAL] Updater:334 - Updater called before beeing initialized
2024-08-12 10:48:56,265 [FATAL] Updater:334 - Updater called before beeing initialized
2024-08-12 10:48:56,278 [INFO] DbMcusAds:53 - JSON generation date=Thu May 16 18:22:00 KST 2024 (1715851320667)
2024-08-12 10:48:56,278 [FATAL] Updater:334 - Updater called before beeing initialized
2024-08-12 10:48:56,329 [WARN] DetailPanel:346 - Failed to get advertising image, set to default
2024-08-12 10:48:56,446 [FATAL] Updater:334 - Updater called before beeing initialized
2024-08-12 10:48:56,449 [FATAL] Updater:334 - Updater called before beeing initialized
2024-08-12 10:48:56,449 [FATAL] Updater:334 - Updater called before beeing initialized
2024-08-12 10:48:56,449 [WARN] DetailPanel:346 - Failed to get advertising image, set to default
2024-08-12 10:48:56,450 [FATAL] Updater:334 - Updater called before beeing initialized
2024-08-12 10:48:56,539 [ERROR] Updater:1164 - MainUpdater not yet initialized. External WinMGr cannot be set.
2024-08-12 10:48:56,553 [INFO] Updater:1100 - Updater Version found : 6.12.0
2024-08-12 10:48:56,575 [INFO] ApplicationProperties:184 - Using Application install path: C:\ST\STM32CubeIDE_1.14.0\STM32CubeIDE\plugins\com.st.stm32cube.common.mx_6.12.0.202406281431
2024-08-12 10:48:57,601 [INFO] ThirdPartyUpdaterWithRetryManager:70 - Updater plugin not ready yet. [3/15]
2024-08-12 10:48:58,164 [ERROR] LogOutputStream:75 - [STDERR_REDIRECT] Aug 12, 2024 10:48:58 AM java.util.prefs.WindowsPreferences <init>
2024-08-12 10:48:58,167 [ERROR] LogOutputStream:75 - [STDERR_REDIRECT] WARNING: Could not open/create prefs root node Software\JavaSoft\Prefs at root 0xffffffff80000002. Windows RegCreateKeyEx(...) returned error code 5.
2024-08-12 10:48:58,167 [ERROR] LogOutputStream:75 - [STDERR_REDIRECT] 
2024-08-12 10:48:59,321 [INFO] MainUpdater:2873 - connection check result : 10
2024-08-12 10:48:59,323 [INFO] MainUpdater:290 - Updater Check For Update Now.
2024-08-12 10:48:59,323 [INFO] MicroXplorer:498 - Change Database Version : DB.6.0.120
2024-08-12 10:48:59,363 [INFO] McuFinderGlobals:63 - Set McuFinder mode to 2 (CubeIDE integrated)
2024-08-12 10:48:59,363 [INFO] UserAuth:179 - activating auth plugin
2024-08-12 10:48:59,381 [INFO] UserAuth:417 - Internet connection configuration mode: 1
2024-08-12 10:48:59,524 [INFO] JxBrowserEngine:152 - Initiate JxBrowser Engine with user profile folder
2024-08-12 10:48:59,815 [INFO] CheckServerUpdateThread:120 - End of CheckServer Thread
2024-08-12 10:49:01,084 [WARN] PackLoader:240 - Cannot read IP mode file for STMicroelectronics.FP-SNS-MOTENVWB1.1.4.0
2024-08-12 10:49:01,117 [WARN] PackLoader:240 - Cannot read IP mode file for STMicroelectronics.X-CUBE-SMBUS.2.1.0
2024-08-12 10:49:01,143 [WARN] PackLoader:240 - Cannot read IP mode file for STMicroelectronics.X-CUBE-TOUCHGFX.4.23.1
2024-08-12 10:49:01,164 [WARN] PackLoader:240 - Cannot read IP mode file for STMicroelectronics.X-CUBE-TOUCHGFX.4.23.0
2024-08-12 10:49:01,182 [WARN] PackLoader:240 - Cannot read IP mode file for STMicroelectronics.X-CUBE-TOUCHGFX.4.23.2
2024-08-12 10:49:01,292 [WARN] PackLoader:240 - Cannot read IP mode file for STMicroelectronics.X-CUBE-AZRTOS-F7.1.1.0
2024-08-12 10:49:01,361 [WARN] PackLoader:240 - Cannot read IP mode file for STMicroelectronics.FP-SNS-MOTENV1.4.3.2
2024-08-12 10:49:01,414 [WARN] PackLoader:240 - Cannot read IP mode file for STMicroelectronics.FP-SNS-FLIGHT1.5.0.2
2024-08-12 10:49:01,446 [WARN] PackLoader:240 - Cannot read IP mode file for STMicroelectronics.X-CUBE-DISPLAY.3.0.0
2024-08-12 10:49:01,482 [WARN] PackLoader:240 - Cannot read IP mode file for STMicroelectronics.X-CUBE-BLE1.7.0.0
2024-08-12 10:49:01,508 [WARN] PackLoader:240 - Cannot read IP mode file for emotas.I-CUBE-CANOPEN.1.3.0
2024-08-12 10:49:01,607 [WARN] PackLoader:240 - Cannot read IP mode file for STMicroelectronics.X-CUBE-BLEMGR.3.1.0
2024-08-12 10:49:01,673 [WARN] PackLoader:240 - Cannot read IP mode file for STMicroelectronics.FP-SNS-SMARTAG2.1.2.0
2024-08-12 10:49:01,715 [INFO] LogOutputStream:77 - [STDOUT_REDIRECT] 1 : Invalid condition id : UX_CORESTACK_Condition cause : null
2024-08-12 10:49:01,716 [INFO] LogOutputStream:77 - [STDOUT_REDIRECT] 1 : Invalid condition id : UX_CORESTACK_Condition cause : null
2024-08-12 10:49:01,719 [INFO] LogOutputStream:77 - [STDOUT_REDIRECT] 1 : Invalid condition id : UX_CORESTACK_Condition cause : null
2024-08-12 10:49:01,722 [INFO] LogOutputStream:77 - [STDOUT_REDIRECT] 1 : Invalid condition id : UX_CORESTACK_Condition cause : null
2024-08-12 10:49:01,725 [INFO] LogOutputStream:77 - [STDOUT_REDIRECT] 1 : Invalid condition id : UX_CORESTACK_Condition cause : null
2024-08-12 10:49:01,730 [WARN] PackLoader:240 - Cannot read IP mode file for STMicroelectronics.X-CUBE-AZRTOS-WL.2.0.0
2024-08-12 10:49:01,753 [WARN] PackLoader:240 - Cannot read IP mode file for STMicroelectronics.FP-SNS-MOTENV1.5.0.0
2024-08-12 10:49:01,812 [WARN] PackLoader:240 - Cannot read IP mode file for wolfSSL.I-CUBE-wolfMQTT.1.19.0
2024-08-12 10:49:01,844 [WARN] PackLoader:240 - Cannot read IP mode file for WES.I-CUBE-Cesium.1.3.0
2024-08-12 10:49:01,870 [WARN] PackLoader:240 - Cannot read IP mode file for STMicroelectronics.X-CUBE-BLE2.3.3.0
2024-08-12 10:49:01,894 [WARN] PackLoader:240 - Cannot read IP mode file for STMicroelectronics.X-CUBE-TCPP.4.1.0
2024-08-12 10:49:01,925 [WARN] PackLoader:240 - Cannot read IP mode file for STMicroelectronics.X-CUBE-ALGOBUILD.1.3.0
2024-08-12 10:49:01,984 [WARN] PackLoader:240 - Cannot read IP mode file for STMicroelectronics.X-CUBE-AZRTOS-G0.1.1.0
2024-08-12 10:49:02,048 [WARN] PackLoader:240 - Cannot read IP mode file for STMicroelectronics.X-CUBE-SAFEA1.1.2.2
2024-08-12 10:49:02,095 [WARN] PackLoader:240 - Cannot read IP mode file for STMicroelectronics.X-CUBE-NFC4.3.0.0
2024-08-12 10:49:02,164 [WARN] PackLoader:240 - Cannot read IP mode file for EmbeddedOffice.I-CUBE-FS-RTOS.1.0.1
2024-08-12 10:49:02,164 [ERROR] ConditionMgr:805 - Attr not supported : Dmpu
2024-08-12 10:49:02,164 [ERROR] ConditionMgr:805 - Attr not supported : Dmpu
2024-08-12 10:49:02,164 [ERROR] ConditionMgr:805 - Attr not supported : Dmpu
2024-08-12 10:49:02,165 [ERROR] ConditionMgr:805 - Attr not supported : Dmpu
2024-08-12 10:49:02,165 [ERROR] ConditionMgr:805 - Attr not supported : Dmpu
2024-08-12 10:49:02,165 [ERROR] ConditionMgr:805 - Attr not supported : Dmpu
2024-08-12 10:49:02,165 [ERROR] ConditionMgr:805 - Attr not supported : Dmpu
2024-08-12 10:49:02,165 [ERROR] ConditionMgr:805 - Attr not supported : Dmpu
2024-08-12 10:49:02,165 [ERROR] ConditionMgr:805 - Attr not supported : Dmpu
2024-08-12 10:49:02,165 [ERROR] ConditionMgr:805 - Attr not supported : Dmpu
2024-08-12 10:49:02,165 [ERROR] ConditionMgr:805 - Attr not supported : Dmpu
2024-08-12 10:49:02,165 [ERROR] ConditionMgr:805 - Attr not supported : Dmpu
2024-08-12 10:49:02,180 [ERROR] ConditionMgr:805 - Attr not supported : Dmpu
2024-08-12 10:49:02,180 [ERROR] ConditionMgr:805 - Attr not supported : Dmpu
2024-08-12 10:49:02,180 [ERROR] ConditionMgr:805 - Attr not supported : Dmpu
2024-08-12 10:49:02,181 [ERROR] ConditionMgr:805 - Attr not supported : Dmpu
2024-08-12 10:49:02,181 [ERROR] ConditionMgr:805 - Attr not supported : Dmpu
2024-08-12 10:49:02,182 [ERROR] ConditionMgr:805 - Attr not supported : Dmpu
2024-08-12 10:49:02,182 [ERROR] ConditionMgr:805 - Attr not supported : Dmpu
2024-08-12 10:49:02,182 [ERROR] ConditionMgr:805 - Attr not supported : Dmpu
2024-08-12 10:49:02,183 [ERROR] ConditionMgr:805 - Attr not supported : Dmpu
2024-08-12 10:49:02,183 [ERROR] ConditionMgr:805 - Attr not supported : Dmpu
2024-08-12 10:49:02,183 [ERROR] ConditionMgr:805 - Attr not supported : Dmpu
2024-08-12 10:49:02,183 [ERROR] ConditionMgr:805 - Attr not supported : Dmpu
2024-08-12 10:49:02,183 [ERROR] ConditionMgr:805 - Attr not supported : Dmpu
2024-08-12 10:49:02,183 [ERROR] ConditionMgr:805 - Attr not supported : Dmpu
2024-08-12 10:49:02,183 [ERROR] ConditionMgr:805 - Attr not supported : Dmpu
2024-08-12 10:49:02,183 [ERROR] ConditionMgr:805 - Attr not supported : Dmpu
2024-08-12 10:49:02,183 [ERROR] ConditionMgr:805 - Attr not supported : Dmpu
2024-08-12 10:49:02,184 [ERROR] ConditionMgr:805 - Attr not supported : Dmpu
2024-08-12 10:49:02,184 [ERROR] ConditionMgr:805 - Attr not supported : Dmpu
2024-08-12 10:49:02,184 [ERROR] ConditionMgr:805 - Attr not supported : Dmpu
2024-08-12 10:49:02,184 [ERROR] ConditionMgr:805 - Attr not supported : Dmpu
2024-08-12 10:49:02,184 [ERROR] ConditionMgr:805 - Attr not supported : Dmpu
2024-08-12 10:49:02,184 [ERROR] ConditionMgr:805 - Attr not supported : Dmpu
2024-08-12 10:49:02,184 [ERROR] ConditionMgr:805 - Attr not supported : Dmpu
2024-08-12 10:49:02,184 [ERROR] ConditionMgr:805 - Attr not supported : Dmpu
2024-08-12 10:49:02,184 [ERROR] ConditionMgr:805 - Attr not supported : Dmpu
2024-08-12 10:49:02,184 [ERROR] ConditionMgr:805 - Attr not supported : Dmpu
2024-08-12 10:49:02,185 [ERROR] ConditionMgr:805 - Attr not supported : Dmpu
2024-08-12 10:49:02,185 [ERROR] ConditionMgr:805 - Attr not supported : Dmpu
2024-08-12 10:49:02,185 [ERROR] ConditionMgr:805 - Attr not supported : Dmpu
2024-08-12 10:49:02,185 [ERROR] ConditionMgr:805 - Attr not supported : Dmpu
2024-08-12 10:49:02,185 [ERROR] ConditionMgr:805 - Attr not supported : Dmpu
2024-08-12 10:49:02,185 [ERROR] ConditionMgr:805 - Attr not supported : Dmpu
2024-08-12 10:49:02,185 [ERROR] ConditionMgr:805 - Attr not supported : Dmpu
2024-08-12 10:49:02,186 [ERROR] ConditionMgr:805 - Attr not supported : Dmpu
2024-08-12 10:49:02,186 [ERROR] ConditionMgr:805 - Attr not supported : Dmpu
2024-08-12 10:49:02,186 [ERROR] ConditionMgr:805 - Attr not supported : Dmpu
2024-08-12 10:49:02,186 [ERROR] ConditionMgr:805 - Attr not supported : Dmpu
2024-08-12 10:49:02,187 [ERROR] ConditionMgr:805 - Attr not supported : Dmpu
2024-08-12 10:49:02,187 [ERROR] ConditionMgr:805 - Attr not supported : Dmpu
2024-08-12 10:49:02,187 [ERROR] ConditionMgr:805 - Attr not supported : Dmpu
2024-08-12 10:49:02,187 [ERROR] ConditionMgr:805 - Attr not supported : Dmpu
2024-08-12 10:49:02,187 [ERROR] ConditionMgr:805 - Attr not supported : Dmpu
2024-08-12 10:49:02,187 [ERROR] ConditionMgr:805 - Attr not supported : Dmpu
2024-08-12 10:49:02,188 [ERROR] ConditionMgr:805 - Attr not supported : Dmpu
2024-08-12 10:49:02,188 [ERROR] ConditionMgr:805 - Attr not supported : Dmpu
2024-08-12 10:49:02,188 [ERROR] ConditionMgr:805 - Attr not supported : Dmpu
2024-08-12 10:49:02,188 [ERROR] ConditionMgr:805 - Attr not supported : Dmpu
2024-08-12 10:49:02,188 [ERROR] ConditionMgr:805 - Attr not supported : Dmpu
2024-08-12 10:49:02,188 [ERROR] ConditionMgr:805 - Attr not supported : Dmpu
2024-08-12 10:49:02,188 [ERROR] ConditionMgr:805 - Attr not supported : Dmpu
2024-08-12 10:49:02,188 [ERROR] ConditionMgr:805 - Attr not supported : Dmpu
2024-08-12 10:49:02,228 [WARN] PackLoader:240 - Cannot read IP mode file for RealThread.X-CUBE-RT-Thread_Nano.4.1.1
2024-08-12 10:49:02,251 [WARN] PackLoader:240 - Cannot read IP mode file for STMicroelectronics.FP-ATR-SIGFOX1.3.2.0
2024-08-12 10:49:02,281 [WARN] PackLoader:240 - Cannot read IP mode file for STMicroelectronics.X-CUBE-EEPRMA1.5.1.0
2024-08-12 10:49:02,356 [WARN] PackLoader:240 - Cannot read IP mode file for SEGGER.I-CUBE-embOS.1.3.1
2024-08-12 10:49:02,456 [WARN] PackLoader:240 - Cannot read IP mode file for STMicroelectronics.X-CUBE-ALGOBUILD.1.4.0
2024-08-12 10:49:02,496 [WARN] PackLoader:240 - Cannot read IP mode file for STMicroelectronics.X-CUBE-GNSS1.6.0.0
2024-08-12 10:49:02,554 [WARN] PackLoader:240 - Cannot read IP mode file for STMicroelectronics.X-CUBE-AZRTOS-F4.1.1.0
2024-08-12 10:49:02,583 [WARN] PackLoader:240 - Cannot read IP mode file for STMicroelectronics.X-CUBE-FREERTOS.1.2.0
2024-08-12 10:49:02,606 [WARN] PackLoader:240 - Cannot read IP mode file for wolfSSL.I-CUBE-wolfSSL.5.6.6
2024-08-12 10:49:02,679 [WARN] PackLoader:240 - Cannot read IP mode file for STMicroelectronics.X-CUBE-AZRTOS-L5.2.0.0
2024-08-12 10:49:02,710 [WARN] PackLoader:240 - Cannot read IP mode file for STMicroelectronics.X-CUBE-NFC6.3.1.0
2024-08-12 10:49:02,738 [WARN] PackLoader:240 - Cannot read IP mode file for ITTIA_DB.I-CUBE-ITTIADB.8.8.0
2024-08-12 10:49:02,764 [WARN] PackLoader:240 - Cannot read IP mode file for STMicroelectronics.X-CUBE-DPower.1.2.0
2024-08-12 10:49:02,787 [WARN] PackLoader:240 - Cannot read IP mode file for STMicroelectronics.X-CUBE-AI.9.0.0
2024-08-12 10:49:02,812 [WARN] PackLoader:240 - Cannot read IP mode file for STMicroelectronics.X-CUBE-NFC7.1.0.1
2024-08-12 10:49:02,834 [WARN] PackLoader:240 - Cannot read IP mode file for wolfSSL.I-CUBE-wolfTPM.3.2.0
2024-08-12 10:49:02,885 [WARN] PackLoader:240 - Cannot read IP mode file for STMicroelectronics.X-CUBE-NFC6.3.0.0
2024-08-12 10:49:02,938 [WARN] PackLoader:240 - Cannot read IP mode file for STMicroelectronics.X-CUBE-AI.8.1.0
2024-08-12 10:49:03,221 [WARN] ConditionMgr:438 - getConditionDescription Invalid condition id : LAN8742 Phy interface Condition cause : null
2024-08-12 10:49:03,223 [WARN] PackLoader:240 - Cannot read IP mode file for STMicroelectronics.X-CUBE-AZRTOS-L4.2.0.0
2024-08-12 10:49:03,225 [WARN] ConditionMgr:1039 - genDependencies : Invalid condition id : LAN8742 Phy interface Condition cause : null
2024-08-12 10:49:03,225 [WARN] ConditionMgr:1039 - genDependencies : Invalid condition id : LAN8742 Phy interface Condition cause : null
2024-08-12 10:49:03,226 [WARN] ConditionMgr:1039 - genDependencies : Invalid condition id : LAN8742 Phy interface Condition cause : null
2024-08-12 10:49:03,278 [WARN] PackLoader:240 - Cannot read IP mode file for STMicroelectronics.X-CUBE-SFXS2LP1.4.0.0
2024-08-12 10:49:03,343 [WARN] ConditionMgr:438 - getConditionDescription Invalid condition id : UX DEVICE CLASS RTOS Condition cause : null
2024-08-12 10:49:03,343 [WARN] ConditionMgr:438 - getConditionDescription Invalid condition id : UX DEVICE CLASS RTOS Condition cause : null
2024-08-12 10:49:03,347 [WARN] PackLoader:240 - Cannot read IP mode file for STMicroelectronics.X-CUBE-AZRTOS-WB.2.0.0
2024-08-12 10:49:03,348 [WARN] ConditionMgr:1039 - genDependencies : Invalid condition id : UX DEVICE CLASS RTOS Condition cause : null
2024-08-12 10:49:03,349 [WARN] ConditionMgr:1039 - genDependencies : Invalid condition id : UX DEVICE CLASS RTOS Condition cause : null
2024-08-12 10:49:03,352 [WARN] ConditionMgr:1039 - genDependencies : Invalid condition id : UX DEVICE CLASS RTOS Condition cause : null
2024-08-12 10:49:03,352 [WARN] ConditionMgr:1039 - genDependencies : Invalid condition id : UX DEVICE CLASS RTOS Condition cause : null
2024-08-12 10:49:03,353 [WARN] ConditionMgr:1039 - genDependencies : Invalid condition id : UX DEVICE CLASS RTOS Condition cause : null
2024-08-12 10:49:03,384 [WARN] PackLoader:240 - Cannot read IP mode file for STMicroelectronics.FP-SNS-STBOX1.2.0.0
2024-08-12 10:49:03,427 [WARN] PackLoader:240 - Cannot read IP mode file for STMicroelectronics.X-CUBE-SUBG2.5.0.0
2024-08-12 10:49:03,495 [WARN] PackLoader:240 - Cannot read IP mode file for STMicroelectronics.X-CUBE-AZRTOS-G4.2.0.0
2024-08-12 10:49:03,547 [WARN] PackLoader:240 - Cannot read IP mode file for Infineon.AIROC-Wi-Fi-Bluetooth-STM32.1.5.1
2024-08-12 10:49:03,626 [WARN] PackLoader:240 - Cannot read IP mode file for STMicroelectronics.FP-SNS-MOTENVWB1.1.3.1
2024-08-12 10:49:03,650 [WARN] PackLoader:240 - Cannot read IP mode file for STMicroelectronics.X-CUBE-ISPU.2.0.0
2024-08-12 10:49:03,720 [WARN] PackLoader:240 - Cannot read IP mode file for STMicroelectronics.X-CUBE-ALS.1.0.2
2024-08-12 10:49:03,895 [WARN] PackLoader:240 - Cannot read IP mode file for STMicroelectronics.X-CUBE-MEMS1.10.0.0
2024-08-12 10:49:04,342 [WARN] PackLoader:240 - Cannot read IP mode file for STMicroelectronics.X-CUBE-FREERTOS.1.1.0
2024-08-12 10:49:04,364 [WARN] PackLoader:240 - Cannot read IP mode file for STMicroelectronics.X-CUBE-TOUCHGFX.4.24.0
2024-08-12 10:49:04,391 [WARN] PackLoader:240 - Cannot read IP mode file for portGmbH.I-Cube-SoM-uGOAL.1.1.0
2024-08-12 10:49:04,412 [WARN] PackLoader:240 - Cannot read IP mode file for STMicroelectronics.X-CUBE-ALS.1.0.1
2024-08-12 10:49:04,466 [WARN] PackLoader:240 - Cannot read IP mode file for STMicroelectronics.X-CUBE-AZRTOS-H7RS.1.0.0
2024-08-12 10:49:04,495 [WARN] PackLoader:240 - Cannot read IP mode file for STMicroelectronics.FP-ATR-ASTRA1.2.0.0
2024-08-12 10:49:04,538 [WARN] PackLoader:240 - Cannot read IP mode file for STMicroelectronics.X-CUBE-TOF1.3.4.2
2024-08-12 10:49:04,584 [WARN] PackLoader:240 - Cannot read IP mode file for STMicroelectronics.X-CUBE-TOF1.3.4.0
2024-08-12 10:49:04,634 [WARN] PackLoader:240 - Cannot read IP mode file for STMicroelectronics.X-CUBE-TOF1.3.4.1
2024-08-12 10:49:04,700 [WARN] PackLoader:240 - Cannot read IP mode file for STMicroelectronics.X-CUBE-AZRTOS-H7.3.2.0
2024-08-12 10:49:04,722 [WARN] PackLoader:240 - Cannot read IP mode file for wolfSSL.I-CUBE-wolfSSH.1.4.17
2024-08-12 10:49:04,722 [INFO] ThirdParty:978 - Integrity check success = true
2024-08-12 10:49:04,722 [INFO] IntegrityCheckThread:100 - exiting critical section [integrity check]
2024-08-12 10:49:04,722 [INFO] IntegrityCheckThread:103 - End integrity checks thread
2024-08-12 10:49:07,695 [INFO] WebApp:167 - Instantiating new browser for Auth
2024-08-12 10:49:09,133 [INFO] WebApp:448 - Apply proxy settings
2024-08-12 10:49:09,134 [INFO] WebApp:533 - Chromium requires no authentication
2024-08-12 10:49:09,203 [INFO] WebApp:476 - Direct internet connection detected
2024-08-12 10:49:09,265 [INFO] WebApp:869 - Register for checkConnection events
2024-08-12 10:49:09,265 [INFO] WebApp:448 - Apply proxy settings
2024-08-12 10:49:09,265 [INFO] WebApp:533 - Chromium requires no authentication
2024-08-12 10:49:09,267 [INFO] WebApp:476 - Direct internet connection detected
2024-08-12 10:49:09,625 [INFO] WebApp:220 - Starting web application
2024-08-12 10:49:09,625 [INFO] WebApp:578 - Web application path used C:\ST\STM32CubeIDE_1.14.0\STM32CubeIDE\plugins\com.st.stm32cube.common.mx_6.12.0.202406281431\db\plugins\mcufinder\reactClient1\index.html
2024-08-12 10:49:10,080 [INFO] WebApp:186 - Connection restablished
2024-08-12 13:49:23,832 [ERROR] LogOutputStream:75 - [STDERR_REDIRECT] 
2024-08-12 13:49:23,834 [ERROR] LogOutputStream:75 - [STDERR_REDIRECT] 
